2023-07-31 18:17:13,145 DEBUG    root            Loaded Command Group: ['gcloud', 'auth']
2023-07-31 18:17:13,146 DEBUG    root            Loaded Command Group: ['gcloud', 'auth', 'application_default']
2023-07-31 18:17:13,164 DEBUG    root            Loaded Command Group: ['gcloud', 'auth', 'application-default', 'login']
2023-07-31 18:17:13,165 DEBUG    root            Running [gcloud.auth.application-default.login] with arguments: []
2023-07-31 18:17:13,172 DEBUG    requests_oauthlib.oauth2_session Generated new state aWHc83rWC2rFTHpkoFCdqnWh1PVoxv.
2023-07-31 18:17:13,412 INFO     ___FILE_ONLY___ Your browser has been opened to visit:

    https://accounts.google.com/o/oauth2/auth?response_type=code&client_id=764086051850-6qr4p6gpi6hn506pt8ejuq83di341hur.apps.googleusercontent.com&redirect_uri=http%3A%2F%2Flocalhost%3A8085%2F&scope=openid+https%3A%2F%2Fwww.googleapis.com%2Fauth%2Fuserinfo.email+https%3A%2F%2Fwww.googleapis.com%2Fauth%2Fcloud-platform+https%3A%2F%2Fwww.googleapis.com%2Fauth%2Fsqlservice.login+https%3A%2F%2Fwww.googleapis.com%2Fauth%2Faccounts.reauth&state=aWHc83rWC2rFTHpkoFCdqnWh1PVoxv&access_type=offline&code_challenge=XBsb00lMkoRzGZsXnritGjcr3Ghuo1xWJVufb5PLF5U&code_challenge_method=S256


2023-07-31 18:17:19,275 INFO     google_auth_oauthlib.flow "GET /?state=aWHc83rWC2rFTHpkoFCdqnWh1PVoxv&code=4/0AZEOvhVx4-x_Ew4LRssHw9FeSJnV4OpaQfDoLw-5XhEUNPwNQhzTTeQES88WlIpeDoWEaA&scope=email%20openid%20https://www.googleapis.com/auth/userinfo.email%20https://www.googleapis.com/auth/cloud-platform%20https://www.googleapis.com/auth/sqlservice.login%20https://www.googleapis.com/auth/accounts.reauth&authuser=0&hd=badal.io&prompt=consent HTTP/1.1" 200 959
2023-07-31 18:17:19,276 DEBUG    requests_oauthlib.oauth2_session Requesting url https://oauth2.googleapis.com/token using method POST.
2023-07-31 18:17:19,276 DEBUG    requests_oauthlib.oauth2_session Supplying headers {b'Accept': b'application/json', b'Content-Type': b'application/x-www-form-urlencoded;charset=UTF-8', b'user-agent': b'google-cloud-sdk gcloud/398.0.0 command/gcloud.auth.application-default.login invocation-id/7f0bcc427cbb42308d6f3dfce64197f3 environment/None environment-version/None interactive/True from-script/False python/3.10.9 term/xterm-256color (Macintosh; Intel Mac OS X 22.5.0)'} and data {'grant_type': 'authorization_code', 'client_id': '764086051850-6qr4p6gpi6hn506pt8ejuq83di341hur.apps.googleusercontent.com', 'client_secret': 'd-FL95Q19q7MQmFpd7hHD0Ty', 'code': '4/0AZEOvhVx4-x_Ew4LRssHw9FeSJnV4OpaQfDoLw-5XhEUNPwNQhzTTeQES88WlIpeDoWEaA', 'redirect_uri': 'http://localhost:8085/', 'code_verifier': 'RCLR8etsDio2Y6dfPe5FqKPQajyKqOayAuAOuJsWYQ~nbz~9~uRWk_tYqu33~faqRSDeCkex_2Flx-LJEZqgKdGkGr3tECp_sUZY1dFlM6lx547B-m5hGm-QKJv~PkFK'}
2023-07-31 18:17:19,277 DEBUG    requests_oauthlib.oauth2_session Passing through key word arguments {'json': None, 'timeout': None, 'auth': None, 'verify': None, 'proxies': None}.
2023-07-31 18:17:19,325 DEBUG    urllib3.connectionpool Starting new HTTPS connection (1): oauth2.googleapis.com:443
2023-07-31 18:17:19,583 DEBUG    urllib3.connectionpool https://oauth2.googleapis.com:443 "POST /token HTTP/1.1" 200 None
2023-07-31 18:17:19,585 DEBUG    requests_oauthlib.oauth2_session Prepared fetch token request body grant_type=authorization_code&client_id=764086051850-6qr4p6gpi6hn506pt8ejuq83di341hur.apps.googleusercontent.com&client_secret=d-FL95Q19q7MQmFpd7hHD0Ty&code=4%2F0AZEOvhVx4-x_Ew4LRssHw9FeSJnV4OpaQfDoLw-5XhEUNPwNQhzTTeQES88WlIpeDoWEaA&redirect_uri=http%3A%2F%2Flocalhost%3A8085%2F&code_verifier=RCLR8etsDio2Y6dfPe5FqKPQajyKqOayAuAOuJsWYQ~nbz~9~uRWk_tYqu33~faqRSDeCkex_2Flx-LJEZqgKdGkGr3tECp_sUZY1dFlM6lx547B-m5hGm-QKJv~PkFK
2023-07-31 18:17:19,585 DEBUG    requests_oauthlib.oauth2_session Request to fetch token completed with status 200.
2023-07-31 18:17:19,585 DEBUG    requests_oauthlib.oauth2_session Request headers were {'user-agent': b'google-cloud-sdk gcloud/398.0.0 command/gcloud.auth.application-default.login invocation-id/7f0bcc427cbb42308d6f3dfce64197f3 environment/None environment-version/None interactive/True from-script/False python/3.10.9 term/xterm-256color (Macintosh; Intel Mac OS X 22.5.0)', 'Accept-Encoding': 'gzip, deflate', 'Accept': b'application/json', 'Connection': 'keep-alive', 'Content-Type': b'application/x-www-form-urlencoded;charset=UTF-8', 'Content-Length': '421'}
2023-07-31 18:17:19,586 DEBUG    requests_oauthlib.oauth2_session Request body was grant_type=authorization_code&client_id=764086051850-6qr4p6gpi6hn506pt8ejuq83di341hur.apps.googleusercontent.com&client_secret=d-FL95Q19q7MQmFpd7hHD0Ty&code=4%2F0AZEOvhVx4-x_Ew4LRssHw9FeSJnV4OpaQfDoLw-5XhEUNPwNQhzTTeQES88WlIpeDoWEaA&redirect_uri=http%3A%2F%2Flocalhost%3A8085%2F&code_verifier=RCLR8etsDio2Y6dfPe5FqKPQajyKqOayAuAOuJsWYQ~nbz~9~uRWk_tYqu33~faqRSDeCkex_2Flx-LJEZqgKdGkGr3tECp_sUZY1dFlM6lx547B-m5hGm-QKJv~PkFK
2023-07-31 18:17:19,586 DEBUG    requests_oauthlib.oauth2_session Response headers were {'Date': 'Tue, 01 Aug 2023 00:17:19 GMT', 'Cache-Control': 'no-cache, no-store, max-age=0, must-revalidate', 'Expires': 'Mon, 01 Jan 1990 00:00:00 GMT', 'Pragma': 'no-cache', 'Content-Type': 'application/json; charset=utf-8', 'Vary': 'Origin, X-Origin, Referer', 'Content-Encoding': 'gzip', 'Server': 'scaffolding on HTTPServer2', 'X-XSS-Protection': '0', 'X-Frame-Options': 'SAMEORIGIN', 'X-Content-Type-Options': 'nosniff', 'Alt-Svc': 'h3=":443"; ma=2592000,h3-29=":443"; ma=2592000', 'Transfer-Encoding': 'chunked'} and content {
  "access_token": "ya29.a0AbVbY6PUUgkNGP_sUqnnpa8B0FdxRrOMYtUGWb6KyeDWZzI05WmlXUyDZXr445yZDJiOKwQMk4leZjsGzO7r7VJV1QXuB7HgPX-pixV1t0zpapMWnPUXKclwC7jjUfzcaJ3Cqywx01-c8iW-jjtHIC1EUlGXaCgYKASISARASFQFWKvPll5Lbb14fkm3lYqajub8_1Q0163",
  "expires_in": 3599,
  "refresh_token": "1//061KUzHk5sVZRCgYIARAAGAYSNwF-L9IrK28ODDRcE2_n5PierkDwAyi1YezrRz4v-YTc92wQqtApRX8FzOExTM4cLoZWLR4WruE",
  "scope": "https://www.googleapis.com/auth/cloud-platform https://www.googleapis.com/auth/accounts.reauth https://www.googleapis.com/auth/userinfo.email https://www.googleapis.com/auth/sqlservice.login openid",
  "token_type": "Bearer",
  "id_token": "eyJhbGciOiJSUzI1NiIsImtpZCI6ImZkNDhhNzUxMzhkOWQ0OGYwYWE2MzVlZjU2OWM0ZTE5NmY3YWU4ZDYiLCJ0eXAiOiJKV1QifQ.eyJpc3MiOiJodHRwczovL2FjY291bnRzLmdvb2dsZS5jb20iLCJhenAiOiI3NjQwODYwNTE4NTAtNnFyNHA2Z3BpNmhuNTA2cHQ4ZWp1cTgzZGkzNDFodXIuYXBwcy5nb29nbGV1c2VyY29udGVudC5jb20iLCJhdWQiOiI3NjQwODYwNTE4NTAtNnFyNHA2Z3BpNmhuNTA2cHQ4ZWp1cTgzZGkzNDFodXIuYXBwcy5nb29nbGV1c2VyY29udGVudC5jb20iLCJzdWIiOiIxMTIwNzQ0ODMxNTA0NDI3MTUwOTUiLCJoZCI6ImJhZGFsLmlvIiwiZW1haWwiOiJvdm8ub2twdWJ1bHVrdUBiYWRhbC5pbyIsImVtYWlsX3ZlcmlmaWVkIjp0cnVlLCJhdF9oYXNoIjoiQVlGNFFfX1VwdHJoYm9vVkNraUl4ZyIsImlhdCI6MTY5MDg0OTAzOSwiZXhwIjoxNjkwODUyNjM5fQ.wGmf8610d3_K5zMSdCqcCORJV8ZgoefdEnuNOUOwKvmbyZg5DHMcirGGS8IdhFKyyopW9cm5AXjMvFgVc20w_r6C8VSYVYRvc9xoGTD0mid6K_jfFfg17bFcphUql275drVUbR530D5ZaL-so7PZQdls4FukGb3M4-IMN2uvY_T5pUg1OFkqski78Vy3InmJhHd1bEy3eSPyxmH_g_Mj8wyF2fQu0xIQMdCJhSNeNcFNb6mkv_2P0bouOAtZF6hqh3Lkmqjeg9wmKA32-ljJjNBSXTzBEYddBZWiB2XEXOwL1fCkZvoSMRaNUfjjIDOPhqPLnw-HF3KhDm494nqfgQ"
}.
2023-07-31 18:17:19,586 DEBUG    requests_oauthlib.oauth2_session Invoking 0 token response hooks.
2023-07-31 18:17:19,586 DEBUG    requests_oauthlib.oauth2_session Obtained token {'access_token': 'ya29.a0AbVbY6PUUgkNGP_sUqnnpa8B0FdxRrOMYtUGWb6KyeDWZzI05WmlXUyDZXr445yZDJiOKwQMk4leZjsGzO7r7VJV1QXuB7HgPX-pixV1t0zpapMWnPUXKclwC7jjUfzcaJ3Cqywx01-c8iW-jjtHIC1EUlGXaCgYKASISARASFQFWKvPll5Lbb14fkm3lYqajub8_1Q0163', 'expires_in': 3599, 'refresh_token': '1//061KUzHk5sVZRCgYIARAAGAYSNwF-L9IrK28ODDRcE2_n5PierkDwAyi1YezrRz4v-YTc92wQqtApRX8FzOExTM4cLoZWLR4WruE', 'scope': ['https://www.googleapis.com/auth/cloud-platform', 'https://www.googleapis.com/auth/accounts.reauth', 'https://www.googleapis.com/auth/userinfo.email', 'https://www.googleapis.com/auth/sqlservice.login', 'openid'], 'token_type': 'Bearer', 'id_token': 'eyJhbGciOiJSUzI1NiIsImtpZCI6ImZkNDhhNzUxMzhkOWQ0OGYwYWE2MzVlZjU2OWM0ZTE5NmY3YWU4ZDYiLCJ0eXAiOiJKV1QifQ.eyJpc3MiOiJodHRwczovL2FjY291bnRzLmdvb2dsZS5jb20iLCJhenAiOiI3NjQwODYwNTE4NTAtNnFyNHA2Z3BpNmhuNTA2cHQ4ZWp1cTgzZGkzNDFodXIuYXBwcy5nb29nbGV1c2VyY29udGVudC5jb20iLCJhdWQiOiI3NjQwODYwNTE4NTAtNnFyNHA2Z3BpNmhuNTA2cHQ4ZWp1cTgzZGkzNDFodXIuYXBwcy5nb29nbGV1c2VyY29udGVudC5jb20iLCJzdWIiOiIxMTIwNzQ0ODMxNTA0NDI3MTUwOTUiLCJoZCI6ImJhZGFsLmlvIiwiZW1haWwiOiJvdm8ub2twdWJ1bHVrdUBiYWRhbC5pbyIsImVtYWlsX3ZlcmlmaWVkIjp0cnVlLCJhdF9oYXNoIjoiQVlGNFFfX1VwdHJoYm9vVkNraUl4ZyIsImlhdCI6MTY5MDg0OTAzOSwiZXhwIjoxNjkwODUyNjM5fQ.wGmf8610d3_K5zMSdCqcCORJV8ZgoefdEnuNOUOwKvmbyZg5DHMcirGGS8IdhFKyyopW9cm5AXjMvFgVc20w_r6C8VSYVYRvc9xoGTD0mid6K_jfFfg17bFcphUql275drVUbR530D5ZaL-so7PZQdls4FukGb3M4-IMN2uvY_T5pUg1OFkqski78Vy3InmJhHd1bEy3eSPyxmH_g_Mj8wyF2fQu0xIQMdCJhSNeNcFNb6mkv_2P0bouOAtZF6hqh3Lkmqjeg9wmKA32-ljJjNBSXTzBEYddBZWiB2XEXOwL1fCkZvoSMRaNUfjjIDOPhqPLnw-HF3KhDm494nqfgQ', 'expires_at': 1690852638.586737}.
2023-07-31 18:17:19,594 INFO     ___FILE_ONLY___ 
Credentials saved to file: [/Users/ovookpubuluku/.config/gcloud/application_default_credentials.json]

2023-07-31 18:17:19,594 INFO     ___FILE_ONLY___ 
These credentials will be used by any library that requests Application Default Credentials (ADC).

2023-07-31 18:17:19,602 INFO     root            Using alternate credentials from file: [/Users/ovookpubuluku/.config/gcloud/application_default_credentials.json]
2023-07-31 18:17:19,608 DEBUG    google.auth.transport.requests Making request: POST https://oauth2.googleapis.com/token
2023-07-31 18:17:19,612 DEBUG    urllib3.connectionpool Starting new HTTPS connection (1): oauth2.googleapis.com:443
2023-07-31 18:17:19,776 DEBUG    urllib3.connectionpool https://oauth2.googleapis.com:443 "POST /token HTTP/1.1" 200 None
2023-07-31 18:17:19,790 INFO     root            Using alternate credentials from file: [/Users/ovookpubuluku/.config/gcloud/application_default_credentials.json]
2023-07-31 18:17:19,820 DEBUG    urllib3.connectionpool Starting new HTTPS connection (1): cloudresourcemanager.googleapis.com:443
2023-07-31 18:17:20,012 DEBUG    urllib3.connectionpool https://cloudresourcemanager.googleapis.com:443 "POST /v1/projects/very-responsible-steven:testIamPermissions?alt=json HTTP/1.1" 200 None
2023-07-31 18:17:20,022 INFO     ___FILE_ONLY___ 
Quota project "very-responsible-steven" was added to ADC which can be used by Google client libraries for billing and quota. Note that some services may still bill the project owning the resource.

2023-07-31 18:17:20,023 INFO     root            Display format: "none"
2023-07-31 18:17:20,056 DEBUG    root            Metrics reporting process started...
