2023-07-26 11:43:13,027 DEBUG    root            Loaded Command Group: ['gcloud', 'config']
2023-07-26 11:43:13,029 DEBUG    root            Loaded Command Group: ['gcloud', 'config', 'config_helper']
2023-07-26 11:43:13,030 DEBUG    root            Running [gcloud.config.config-helper] with arguments: [--format: "json"]
2023-07-26 11:43:13,044 DEBUG    google.auth.transport.requests Making request: POST https://oauth2.googleapis.com/token
2023-07-26 11:43:13,070 DEBUG    urllib3.connectionpool Starting new HTTPS connection (1): oauth2.googleapis.com:443
2023-07-26 11:43:13,270 DEBUG    urllib3.connectionpool https://oauth2.googleapis.com:443 "POST /token HTTP/1.1" 200 None
2023-07-26 11:43:13,278 INFO     root            Display format: "default json"
2023-07-26 11:43:13,279 INFO     ___FILE_ONLY___ {
  "configuration": {
    "active_configuration": "very-responsible-steven",
    "properties": {
      "core": {
        "account": "ovo.okpubuluku@badal.io",
        "disable_usage_reporting": "False",
        "project": "very-responsible-steven"
      }
    }
  },
  "credential": {
    "access_token": "ya29.a0AbVbY6NyI_rppf_Oqm1NkLmUDqN41soCrV7SNf4EtERJCimo2lofD-vXK5fpWXS9m-GdNx8MfeRYFJkVoOr_yzbkb-XCT4ZHzXvqwIHYSw7kUm39Fjmvs5OYQSPDAl0ikaj6g9dT-RVWAOE6xJDLBN6Rl8U3miBJETFF4HgaCgYKAbcSARASFQFWKvPl2GThNjYbKgveqfDg9OIntg0174",
    "id_token": "eyJhbGciOiJSUzI1NiIsImtpZCI6ImEzYmRiZmRlZGUzYmFiYjI2NTFhZmNhMjY3OGRkZThjMGIzNWRmNzYiLCJ0eXAiOiJKV1QifQ.eyJpc3MiOiJodHRwczovL2FjY291bnRzLmdvb2dsZS5jb20iLCJhenAiOiIzMjU1NTk0MDU1OS5hcHBzLmdvb2dsZXVzZXJjb250ZW50LmNvbSIsImF1ZCI6IjMyNTU1OTQwNTU5LmFwcHMuZ29vZ2xldXNlcmNvbnRlbnQuY29tIiwic3ViIjoiMTEyMDc0NDgzMTUwNDQyNzE1MDk1IiwiaGQiOiJiYWRhbC5pbyIsImVtYWlsIjoib3ZvLm9rcHVidWx1a3VAYmFkYWwuaW8iLCJlbWFpbF92ZXJpZmllZCI6dHJ1ZSwiYXRfaGFzaCI6IjkwNFU5c1hDX2ZzY3lkTGhHUUxPaVEiLCJpYXQiOjE2OTAzOTMzOTMsImV4cCI6MTY5MDM5Njk5M30.k9-cXdjq3mrOXqLiRi6FRuvf5_XeeI5cZmz0_Ecy_WkMNRetjVoMzagXyjQaakf7bZ_LFnvKmUFdBdN30SGsFDJnl5MrMBEPTYHe690C48DJh-X4Kn0MFSlboWeotvAqwXdJ-X43_SSa7WE19PkLEEjXAe5Jxe20xobtp5DyJbHrqJDgebR2iSc50iVs-xiDugeI82rLd4o09CXFUYC0ckbS1WNTLH7rnqTZT5e4FL2n2Z_tkr5-tBQ7xV0fGhwYMaS5-463imp5zie2a81BPcRlVnYsXdGcPU_GF0NX_zy1TLurNwM-fiJqAtc6R1EaUgkhogzgG-kKQ4K8RjRt1A",
    "token_expiry": "2023-07-26T18:43:12Z"
  },
  "sentinels": {
    "config_sentinel": "/Users/ovookpubuluku/.config/gcloud/config_sentinel"
  }
}
2023-07-26 11:43:13,279 INFO     ___FILE_ONLY___ 

2023-07-26 11:43:13,280 DEBUG    root            Checking for updates...
2023-07-26 11:43:13,308 DEBUG    urllib3.connectionpool Starting new HTTPS connection (1): dl.google.com:443
2023-07-26 11:43:13,918 DEBUG    urllib3.connectionpool https://dl.google.com:443 "GET /dl/cloudsdk/channels/rapid/components-2.json HTTP/1.1" 200 208282
2023-07-26 11:43:14,056 DEBUG    root            Updating notification cache...
2023-07-26 11:43:14,056 DEBUG    root            Activating notification: [default]
2023-07-26 11:43:14,062 DEBUG    root            Metrics reporting process started...
