2023-08-08 15:48:17,339 DEBUG    root            Loaded Command Group: ['gcloud', 'container', 'clusters']
2023-08-08 15:48:17,342 DEBUG    root            Loaded Command Group: ['gcloud', 'container', 'clusters', 'list']
2023-08-08 15:48:17,365 DEBUG    root            Running [gcloud.container.clusters.list] with arguments: []
2023-08-08 15:48:17,417 DEBUG    urllib3.connectionpool Starting new HTTPS connection (1): container.googleapis.com:443
2023-08-08 15:48:17,913 DEBUG    urllib3.connectionpool https://container.googleapis.com:443 "GET /v1/projects/very-responsible-steven/locations/-/clusters?alt=json HTTP/1.1" 200 None
2023-08-08 15:48:17,920 DEBUG    root            Chosen display Format:
    table(
        name,
        zone:label=LOCATION,
        master_version():label=MASTER_VERSION,
        endpoint:label=MASTER_IP,
        nodePools[0].config.machineType,
        currentNodeVersion:label=NODE_VERSION,
        firstof(currentNodeCount,initialNodeCount):label=NUM_NODES,
        status
    )

2023-08-08 15:48:17,921 INFO     root            Display format: "
    table(
        name,
        zone:label=LOCATION,
        master_version():label=MASTER_VERSION,
        endpoint:label=MASTER_IP,
        nodePools[0].config.machineType,
        currentNodeVersion:label=NODE_VERSION,
        firstof(currentNodeCount,initialNodeCount):label=NUM_NODES,
        status
    )
"
2023-08-08 15:48:17,927 INFO     ___FILE_ONLY___ NAME
2023-08-08 15:48:17,927 INFO     ___FILE_ONLY___                                      
2023-08-08 15:48:17,927 INFO     ___FILE_ONLY___ LOCATION
2023-08-08 15:48:17,927 INFO     ___FILE_ONLY___      
2023-08-08 15:48:17,927 INFO     ___FILE_ONLY___ MASTER_VERSION
2023-08-08 15:48:17,927 INFO     ___FILE_ONLY___    
2023-08-08 15:48:17,927 INFO     ___FILE_ONLY___ MASTER_IP
2023-08-08 15:48:17,927 INFO     ___FILE_ONLY___     
2023-08-08 15:48:17,927 INFO     ___FILE_ONLY___ MACHINE_TYPE
2023-08-08 15:48:17,927 INFO     ___FILE_ONLY___   
2023-08-08 15:48:17,927 INFO     ___FILE_ONLY___ NODE_VERSION
2023-08-08 15:48:17,927 INFO     ___FILE_ONLY___      
2023-08-08 15:48:17,927 INFO     ___FILE_ONLY___ NUM_NODES
2023-08-08 15:48:17,927 INFO     ___FILE_ONLY___   
2023-08-08 15:48:17,927 INFO     ___FILE_ONLY___ STATUS
2023-08-08 15:48:17,927 INFO     ___FILE_ONLY___ 

2023-08-08 15:48:17,927 INFO     ___FILE_ONLY___ us-central1-s-composer-dev-9658f9b7-gke
2023-08-08 15:48:17,927 INFO     ___FILE_ONLY___   
2023-08-08 15:48:17,927 INFO     ___FILE_ONLY___ us-central1
2023-08-08 15:48:17,927 INFO     ___FILE_ONLY___   
2023-08-08 15:48:17,927 INFO     ___FILE_ONLY___ 1.27.2-gke.1200
2023-08-08 15:48:17,927 INFO     ___FILE_ONLY___   
2023-08-08 15:48:17,927 INFO     ___FILE_ONLY___ 192.168.1.2
2023-08-08 15:48:17,927 INFO     ___FILE_ONLY___   
2023-08-08 15:48:17,927 INFO     ___FILE_ONLY___ e2-medium
2023-08-08 15:48:17,927 INFO     ___FILE_ONLY___      
2023-08-08 15:48:17,927 INFO     ___FILE_ONLY___ 1.27.2-gke.1200
2023-08-08 15:48:17,927 INFO     ___FILE_ONLY___   
2023-08-08 15:48:17,927 INFO     ___FILE_ONLY___ 3
2023-08-08 15:48:17,927 INFO     ___FILE_ONLY___           
2023-08-08 15:48:17,927 INFO     ___FILE_ONLY___ RUNNING
2023-08-08 15:48:17,927 INFO     ___FILE_ONLY___ 

2023-08-08 15:48:17,932 DEBUG    root            Metrics reporting process started...
