2023-08-08 18:26:22,344 DEBUG    root            Loaded Command Group: ['gcloud', 'components']
2023-08-08 18:26:22,346 DEBUG    root            Loaded Command Group: ['gcloud', 'components', 'list']
2023-08-08 18:26:22,347 DEBUG    root            Running [gcloud.components.list] with arguments: [--format: "json", --quiet: "True", --verbosity: "warning"]
2023-08-08 18:26:22,355 DEBUG    urllib3.connectionpool Starting new HTTPS connection (1): dl.google.com:443
2023-08-08 18:26:22,475 DEBUG    urllib3.connectionpool https://dl.google.com:443 "GET /dl/cloudsdk/channels/rapid/components-2.json HTTP/1.1" 200 209939
2023-08-08 18:26:22,624 INFO     ___FILE_ONLY___ 
Your current Google Cloud CLI version is: 442.0.0

2023-08-08 18:26:22,624 INFO     ___FILE_ONLY___ The latest available version is: 442.0.0

2023-08-08 18:26:22,627 INFO     ___FILE_ONLY___ 

2023-08-08 18:26:22,628 DEBUG    root            Chosen display Format:table[box,title="Components"](state.name:label=Status,name:label=Name,id:label=ID,size.size(zero="",min=1048576):label=Size:align=right) json
2023-08-08 18:26:22,629 INFO     root            Display format: "table[box,title="Components"](state.name:label=Status,name:label=Name,id:label=ID,size.size(zero="",min=1048576):label=Size:align=right) json"
2023-08-08 18:26:22,629 INFO     ___FILE_ONLY___ [
  {
2023-08-08 18:26:22,629 INFO     ___FILE_ONLY___ 
    "current_version_string": null,
2023-08-08 18:26:22,629 INFO     ___FILE_ONLY___ 
    "id": "app-engine-go",
2023-08-08 18:26:22,629 INFO     ___FILE_ONLY___ 
    "is_configuration": false,
2023-08-08 18:26:22,629 INFO     ___FILE_ONLY___ 
    "is_hidden": false,
2023-08-08 18:26:22,629 INFO     ___FILE_ONLY___ 
    "latest_version_string": "1.9.75",
2023-08-08 18:26:22,629 INFO     ___FILE_ONLY___ 
    "name": "App Engine Go Extensions",
2023-08-08 18:26:22,630 INFO     ___FILE_ONLY___ 
    "platform": {
2023-08-08 18:26:22,630 INFO     ___FILE_ONLY___ 
      "architecture": {
2023-08-08 18:26:22,630 INFO     ___FILE_ONLY___ 
        "file_name": "arm",
2023-08-08 18:26:22,630 INFO     ___FILE_ONLY___ 
        "id": "arm",
2023-08-08 18:26:22,630 INFO     ___FILE_ONLY___ 
        "name": "arm"
2023-08-08 18:26:22,630 INFO     ___FILE_ONLY___ 
      },
2023-08-08 18:26:22,630 INFO     ___FILE_ONLY___ 
      "operating_system": {
2023-08-08 18:26:22,630 INFO     ___FILE_ONLY___ 
        "clean_version": "22.6.0",
2023-08-08 18:26:22,630 INFO     ___FILE_ONLY___ 
        "file_name": "darwin",
2023-08-08 18:26:22,630 INFO     ___FILE_ONLY___ 
        "id": "MACOSX",
2023-08-08 18:26:22,630 INFO     ___FILE_ONLY___ 
        "name": "Mac OS X",
2023-08-08 18:26:22,630 INFO     ___FILE_ONLY___ 
        "version": "22.6.0"
2023-08-08 18:26:22,630 INFO     ___FILE_ONLY___ 
      }
2023-08-08 18:26:22,630 INFO     ___FILE_ONLY___ 
    },
2023-08-08 18:26:22,630 INFO     ___FILE_ONLY___ 
    "platform_required": false,
2023-08-08 18:26:22,630 INFO     ___FILE_ONLY___ 
    "size": 4469651,
2023-08-08 18:26:22,630 INFO     ___FILE_ONLY___ 
    "state": {
2023-08-08 18:26:22,630 INFO     ___FILE_ONLY___ 
      "name": "Not Installed"
2023-08-08 18:26:22,630 INFO     ___FILE_ONLY___ 
    }
2023-08-08 18:26:22,630 INFO     ___FILE_ONLY___ 
  }
2023-08-08 18:26:22,631 INFO     ___FILE_ONLY___ ,
  {
2023-08-08 18:26:22,631 INFO     ___FILE_ONLY___ 
    "current_version_string": null,
2023-08-08 18:26:22,631 INFO     ___FILE_ONLY___ 
    "id": "appctl",
2023-08-08 18:26:22,631 INFO     ___FILE_ONLY___ 
    "is_configuration": false,
2023-08-08 18:26:22,631 INFO     ___FILE_ONLY___ 
    "is_hidden": false,
2023-08-08 18:26:22,631 INFO     ___FILE_ONLY___ 
    "latest_version_string": "0.1.12",
2023-08-08 18:26:22,631 INFO     ___FILE_ONLY___ 
    "name": "Appctl",
2023-08-08 18:26:22,631 INFO     ___FILE_ONLY___ 
    "platform": {
2023-08-08 18:26:22,631 INFO     ___FILE_ONLY___ 
      "architecture": {
2023-08-08 18:26:22,631 INFO     ___FILE_ONLY___ 
        "file_name": "x86_64",
2023-08-08 18:26:22,631 INFO     ___FILE_ONLY___ 
        "id": "x86_64",
2023-08-08 18:26:22,631 INFO     ___FILE_ONLY___ 
        "name": "x86_64"
2023-08-08 18:26:22,631 INFO     ___FILE_ONLY___ 
      },
2023-08-08 18:26:22,632 INFO     ___FILE_ONLY___ 
      "operating_system": {
2023-08-08 18:26:22,632 INFO     ___FILE_ONLY___ 
        "clean_version": "22.6.0",
2023-08-08 18:26:22,632 INFO     ___FILE_ONLY___ 
        "file_name": "darwin",
2023-08-08 18:26:22,632 INFO     ___FILE_ONLY___ 
        "id": "MACOSX",
2023-08-08 18:26:22,632 INFO     ___FILE_ONLY___ 
        "name": "Mac OS X",
2023-08-08 18:26:22,632 INFO     ___FILE_ONLY___ 
        "version": "22.6.0"
2023-08-08 18:26:22,632 INFO     ___FILE_ONLY___ 
      }
2023-08-08 18:26:22,632 INFO     ___FILE_ONLY___ 
    },
2023-08-08 18:26:22,632 INFO     ___FILE_ONLY___ 
    "platform_required": false,
2023-08-08 18:26:22,632 INFO     ___FILE_ONLY___ 
    "size": 19381598,
2023-08-08 18:26:22,632 INFO     ___FILE_ONLY___ 
    "state": {
2023-08-08 18:26:22,632 INFO     ___FILE_ONLY___ 
      "name": "Not Installed"
2023-08-08 18:26:22,632 INFO     ___FILE_ONLY___ 
    }
2023-08-08 18:26:22,632 INFO     ___FILE_ONLY___ 
  }
2023-08-08 18:26:22,633 INFO     ___FILE_ONLY___ ,
  {
2023-08-08 18:26:22,633 INFO     ___FILE_ONLY___ 
    "current_version_string": null,
2023-08-08 18:26:22,633 INFO     ___FILE_ONLY___ 
    "id": "package-go-module",
2023-08-08 18:26:22,633 INFO     ___FILE_ONLY___ 
    "is_configuration": false,
2023-08-08 18:26:22,633 INFO     ___FILE_ONLY___ 
    "is_hidden": false,
2023-08-08 18:26:22,633 INFO     ___FILE_ONLY___ 
    "latest_version_string": "0.4.0",
2023-08-08 18:26:22,633 INFO     ___FILE_ONLY___ 
    "name": "Artifact Registry Go Module Package Helper",
2023-08-08 18:26:22,633 INFO     ___FILE_ONLY___ 
    "platform": {
2023-08-08 18:26:22,633 INFO     ___FILE_ONLY___ 
      "architecture": {
2023-08-08 18:26:22,633 INFO     ___FILE_ONLY___ 
        "file_name": "arm",
2023-08-08 18:26:22,633 INFO     ___FILE_ONLY___ 
        "id": "arm",
2023-08-08 18:26:22,633 INFO     ___FILE_ONLY___ 
        "name": "arm"
2023-08-08 18:26:22,633 INFO     ___FILE_ONLY___ 
      },
2023-08-08 18:26:22,633 INFO     ___FILE_ONLY___ 
      "operating_system": {
2023-08-08 18:26:22,633 INFO     ___FILE_ONLY___ 
        "clean_version": "22.6.0",
2023-08-08 18:26:22,634 INFO     ___FILE_ONLY___ 
        "file_name": "darwin",
2023-08-08 18:26:22,634 INFO     ___FILE_ONLY___ 
        "id": "MACOSX",
2023-08-08 18:26:22,634 INFO     ___FILE_ONLY___ 
        "name": "Mac OS X",
2023-08-08 18:26:22,634 INFO     ___FILE_ONLY___ 
        "version": "22.6.0"
2023-08-08 18:26:22,634 INFO     ___FILE_ONLY___ 
      }
2023-08-08 18:26:22,634 INFO     ___FILE_ONLY___ 
    },
2023-08-08 18:26:22,634 INFO     ___FILE_ONLY___ 
    "platform_required": false,
2023-08-08 18:26:22,634 INFO     ___FILE_ONLY___ 
    "size": 855211,
2023-08-08 18:26:22,634 INFO     ___FILE_ONLY___ 
    "state": {
2023-08-08 18:26:22,634 INFO     ___FILE_ONLY___ 
      "name": "Not Installed"
2023-08-08 18:26:22,634 INFO     ___FILE_ONLY___ 
    }
2023-08-08 18:26:22,634 INFO     ___FILE_ONLY___ 
  }
2023-08-08 18:26:22,635 INFO     ___FILE_ONLY___ ,
  {
2023-08-08 18:26:22,635 INFO     ___FILE_ONLY___ 
    "current_version_string": null,
2023-08-08 18:26:22,635 INFO     ___FILE_ONLY___ 
    "id": "cbt",
2023-08-08 18:26:22,635 INFO     ___FILE_ONLY___ 
    "is_configuration": false,
2023-08-08 18:26:22,635 INFO     ___FILE_ONLY___ 
    "is_hidden": false,
2023-08-08 18:26:22,635 INFO     ___FILE_ONLY___ 
    "latest_version_string": "0.16.1",
2023-08-08 18:26:22,635 INFO     ___FILE_ONLY___ 
    "name": "Cloud Bigtable Command Line Tool",
2023-08-08 18:26:22,635 INFO     ___FILE_ONLY___ 
    "platform": {
2023-08-08 18:26:22,635 INFO     ___FILE_ONLY___ 
      "architecture": {
2023-08-08 18:26:22,636 INFO     ___FILE_ONLY___ 
        "file_name": "arm",
2023-08-08 18:26:22,636 INFO     ___FILE_ONLY___ 
        "id": "arm",
2023-08-08 18:26:22,636 INFO     ___FILE_ONLY___ 
        "name": "arm"
2023-08-08 18:26:22,636 INFO     ___FILE_ONLY___ 
      },
2023-08-08 18:26:22,636 INFO     ___FILE_ONLY___ 
      "operating_system": {
2023-08-08 18:26:22,636 INFO     ___FILE_ONLY___ 
        "clean_version": "22.6.0",
2023-08-08 18:26:22,636 INFO     ___FILE_ONLY___ 
        "file_name": "darwin",
2023-08-08 18:26:22,636 INFO     ___FILE_ONLY___ 
        "id": "MACOSX",
2023-08-08 18:26:22,636 INFO     ___FILE_ONLY___ 
        "name": "Mac OS X",
2023-08-08 18:26:22,636 INFO     ___FILE_ONLY___ 
        "version": "22.6.0"
2023-08-08 18:26:22,636 INFO     ___FILE_ONLY___ 
      }
2023-08-08 18:26:22,636 INFO     ___FILE_ONLY___ 
    },
2023-08-08 18:26:22,636 INFO     ___FILE_ONLY___ 
    "platform_required": false,
2023-08-08 18:26:22,636 INFO     ___FILE_ONLY___ 
    "size": 11367560,
2023-08-08 18:26:22,636 INFO     ___FILE_ONLY___ 
    "state": {
2023-08-08 18:26:22,636 INFO     ___FILE_ONLY___ 
      "name": "Not Installed"
2023-08-08 18:26:22,636 INFO     ___FILE_ONLY___ 
    }
2023-08-08 18:26:22,636 INFO     ___FILE_ONLY___ 
  }
2023-08-08 18:26:22,637 INFO     ___FILE_ONLY___ ,
  {
2023-08-08 18:26:22,637 INFO     ___FILE_ONLY___ 
    "current_version_string": null,
2023-08-08 18:26:22,637 INFO     ___FILE_ONLY___ 
    "id": "bigtable",
2023-08-08 18:26:22,637 INFO     ___FILE_ONLY___ 
    "is_configuration": false,
2023-08-08 18:26:22,637 INFO     ___FILE_ONLY___ 
    "is_hidden": false,
2023-08-08 18:26:22,637 INFO     ___FILE_ONLY___ 
    "latest_version_string": "",
2023-08-08 18:26:22,637 INFO     ___FILE_ONLY___ 
    "name": "Cloud Bigtable Emulator",
2023-08-08 18:26:22,637 INFO     ___FILE_ONLY___ 
    "platform": {
2023-08-08 18:26:22,637 INFO     ___FILE_ONLY___ 
      "architecture": {
2023-08-08 18:26:22,637 INFO     ___FILE_ONLY___ 
        "file_name": "arm",
2023-08-08 18:26:22,637 INFO     ___FILE_ONLY___ 
        "id": "arm",
2023-08-08 18:26:22,637 INFO     ___FILE_ONLY___ 
        "name": "arm"
2023-08-08 18:26:22,637 INFO     ___FILE_ONLY___ 
      },
2023-08-08 18:26:22,638 INFO     ___FILE_ONLY___ 
      "operating_system": {
2023-08-08 18:26:22,638 INFO     ___FILE_ONLY___ 
        "clean_version": "22.6.0",
2023-08-08 18:26:22,638 INFO     ___FILE_ONLY___ 
        "file_name": "darwin",
2023-08-08 18:26:22,638 INFO     ___FILE_ONLY___ 
        "id": "MACOSX",
2023-08-08 18:26:22,638 INFO     ___FILE_ONLY___ 
        "name": "Mac OS X",
2023-08-08 18:26:22,638 INFO     ___FILE_ONLY___ 
        "version": "22.6.0"
2023-08-08 18:26:22,638 INFO     ___FILE_ONLY___ 
      }
2023-08-08 18:26:22,638 INFO     ___FILE_ONLY___ 
    },
2023-08-08 18:26:22,638 INFO     ___FILE_ONLY___ 
    "platform_required": false,
2023-08-08 18:26:22,638 INFO     ___FILE_ONLY___ 
    "size": 7015509,
2023-08-08 18:26:22,638 INFO     ___FILE_ONLY___ 
    "state": {
2023-08-08 18:26:22,638 INFO     ___FILE_ONLY___ 
      "name": "Not Installed"
2023-08-08 18:26:22,638 INFO     ___FILE_ONLY___ 
    }
2023-08-08 18:26:22,638 INFO     ___FILE_ONLY___ 
  }
2023-08-08 18:26:22,638 INFO     ___FILE_ONLY___ ,
  {
2023-08-08 18:26:22,639 INFO     ___FILE_ONLY___ 
    "current_version_string": null,
2023-08-08 18:26:22,639 INFO     ___FILE_ONLY___ 
    "id": "cloud-datastore-emulator",
2023-08-08 18:26:22,639 INFO     ___FILE_ONLY___ 
    "is_configuration": false,
2023-08-08 18:26:22,639 INFO     ___FILE_ONLY___ 
    "is_hidden": false,
2023-08-08 18:26:22,639 INFO     ___FILE_ONLY___ 
    "latest_version_string": "2.3.1",
2023-08-08 18:26:22,639 INFO     ___FILE_ONLY___ 
    "name": "Cloud Datastore Emulator",
2023-08-08 18:26:22,639 INFO     ___FILE_ONLY___ 
    "platform": {
2023-08-08 18:26:22,639 INFO     ___FILE_ONLY___ 
      "architecture": {
2023-08-08 18:26:22,639 INFO     ___FILE_ONLY___ 
        "file_name": "arm",
2023-08-08 18:26:22,639 INFO     ___FILE_ONLY___ 
        "id": "arm",
2023-08-08 18:26:22,639 INFO     ___FILE_ONLY___ 
        "name": "arm"
2023-08-08 18:26:22,639 INFO     ___FILE_ONLY___ 
      },
2023-08-08 18:26:22,639 INFO     ___FILE_ONLY___ 
      "operating_system": {
2023-08-08 18:26:22,639 INFO     ___FILE_ONLY___ 
        "clean_version": "22.6.0",
2023-08-08 18:26:22,639 INFO     ___FILE_ONLY___ 
        "file_name": "darwin",
2023-08-08 18:26:22,639 INFO     ___FILE_ONLY___ 
        "id": "MACOSX",
2023-08-08 18:26:22,639 INFO     ___FILE_ONLY___ 
        "name": "Mac OS X",
2023-08-08 18:26:22,639 INFO     ___FILE_ONLY___ 
        "version": "22.6.0"
2023-08-08 18:26:22,639 INFO     ___FILE_ONLY___ 
      }
2023-08-08 18:26:22,639 INFO     ___FILE_ONLY___ 
    },
2023-08-08 18:26:22,639 INFO     ___FILE_ONLY___ 
    "platform_required": false,
2023-08-08 18:26:22,639 INFO     ___FILE_ONLY___ 
    "size": 37925014,
2023-08-08 18:26:22,639 INFO     ___FILE_ONLY___ 
    "state": {
2023-08-08 18:26:22,640 INFO     ___FILE_ONLY___ 
      "name": "Not Installed"
2023-08-08 18:26:22,640 INFO     ___FILE_ONLY___ 
    }
2023-08-08 18:26:22,640 INFO     ___FILE_ONLY___ 
  }
2023-08-08 18:26:22,640 INFO     ___FILE_ONLY___ ,
  {
2023-08-08 18:26:22,640 INFO     ___FILE_ONLY___ 
    "current_version_string": null,
2023-08-08 18:26:22,640 INFO     ___FILE_ONLY___ 
    "id": "cloud-firestore-emulator",
2023-08-08 18:26:22,640 INFO     ___FILE_ONLY___ 
    "is_configuration": false,
2023-08-08 18:26:22,640 INFO     ___FILE_ONLY___ 
    "is_hidden": false,
2023-08-08 18:26:22,640 INFO     ___FILE_ONLY___ 
    "latest_version_string": "1.18.1",
2023-08-08 18:26:22,640 INFO     ___FILE_ONLY___ 
    "name": "Cloud Firestore Emulator",
2023-08-08 18:26:22,640 INFO     ___FILE_ONLY___ 
    "platform": {
2023-08-08 18:26:22,640 INFO     ___FILE_ONLY___ 
      "architecture": {
2023-08-08 18:26:22,640 INFO     ___FILE_ONLY___ 
        "file_name": "arm",
2023-08-08 18:26:22,640 INFO     ___FILE_ONLY___ 
        "id": "arm",
2023-08-08 18:26:22,640 INFO     ___FILE_ONLY___ 
        "name": "arm"
2023-08-08 18:26:22,641 INFO     ___FILE_ONLY___ 
      },
2023-08-08 18:26:22,641 INFO     ___FILE_ONLY___ 
      "operating_system": {
2023-08-08 18:26:22,641 INFO     ___FILE_ONLY___ 
        "clean_version": "22.6.0",
2023-08-08 18:26:22,641 INFO     ___FILE_ONLY___ 
        "file_name": "darwin",
2023-08-08 18:26:22,641 INFO     ___FILE_ONLY___ 
        "id": "MACOSX",
2023-08-08 18:26:22,641 INFO     ___FILE_ONLY___ 
        "name": "Mac OS X",
2023-08-08 18:26:22,641 INFO     ___FILE_ONLY___ 
        "version": "22.6.0"
2023-08-08 18:26:22,641 INFO     ___FILE_ONLY___ 
      }
2023-08-08 18:26:22,641 INFO     ___FILE_ONLY___ 
    },
2023-08-08 18:26:22,641 INFO     ___FILE_ONLY___ 
    "platform_required": false,
2023-08-08 18:26:22,641 INFO     ___FILE_ONLY___ 
    "size": 44545576,
2023-08-08 18:26:22,641 INFO     ___FILE_ONLY___ 
    "state": {
2023-08-08 18:26:22,641 INFO     ___FILE_ONLY___ 
      "name": "Not Installed"
2023-08-08 18:26:22,641 INFO     ___FILE_ONLY___ 
    }
2023-08-08 18:26:22,641 INFO     ___FILE_ONLY___ 
  }
2023-08-08 18:26:22,641 INFO     ___FILE_ONLY___ ,
  {
2023-08-08 18:26:22,642 INFO     ___FILE_ONLY___ 
    "current_version_string": null,
2023-08-08 18:26:22,642 INFO     ___FILE_ONLY___ 
    "id": "pubsub-emulator",
2023-08-08 18:26:22,642 INFO     ___FILE_ONLY___ 
    "is_configuration": false,
2023-08-08 18:26:22,642 INFO     ___FILE_ONLY___ 
    "is_hidden": false,
2023-08-08 18:26:22,642 INFO     ___FILE_ONLY___ 
    "latest_version_string": "0.8.6",
2023-08-08 18:26:22,642 INFO     ___FILE_ONLY___ 
    "name": "Cloud Pub/Sub Emulator",
2023-08-08 18:26:22,642 INFO     ___FILE_ONLY___ 
    "platform": {
2023-08-08 18:26:22,642 INFO     ___FILE_ONLY___ 
      "architecture": {
2023-08-08 18:26:22,642 INFO     ___FILE_ONLY___ 
        "file_name": "arm",
2023-08-08 18:26:22,642 INFO     ___FILE_ONLY___ 
        "id": "arm",
2023-08-08 18:26:22,642 INFO     ___FILE_ONLY___ 
        "name": "arm"
2023-08-08 18:26:22,642 INFO     ___FILE_ONLY___ 
      },
2023-08-08 18:26:22,642 INFO     ___FILE_ONLY___ 
      "operating_system": {
2023-08-08 18:26:22,642 INFO     ___FILE_ONLY___ 
        "clean_version": "22.6.0",
2023-08-08 18:26:22,642 INFO     ___FILE_ONLY___ 
        "file_name": "darwin",
2023-08-08 18:26:22,642 INFO     ___FILE_ONLY___ 
        "id": "MACOSX",
2023-08-08 18:26:22,642 INFO     ___FILE_ONLY___ 
        "name": "Mac OS X",
2023-08-08 18:26:22,642 INFO     ___FILE_ONLY___ 
        "version": "22.6.0"
2023-08-08 18:26:22,642 INFO     ___FILE_ONLY___ 
      }
2023-08-08 18:26:22,642 INFO     ___FILE_ONLY___ 
    },
2023-08-08 18:26:22,642 INFO     ___FILE_ONLY___ 
    "platform_required": false,
2023-08-08 18:26:22,642 INFO     ___FILE_ONLY___ 
    "size": 64127564,
2023-08-08 18:26:22,642 INFO     ___FILE_ONLY___ 
    "state": {
2023-08-08 18:26:22,642 INFO     ___FILE_ONLY___ 
      "name": "Not Installed"
2023-08-08 18:26:22,642 INFO     ___FILE_ONLY___ 
    }
2023-08-08 18:26:22,643 INFO     ___FILE_ONLY___ 
  }
2023-08-08 18:26:22,643 INFO     ___FILE_ONLY___ ,
  {
2023-08-08 18:26:22,643 INFO     ___FILE_ONLY___ 
    "current_version_string": null,
2023-08-08 18:26:22,643 INFO     ___FILE_ONLY___ 
    "id": "cloud-run-proxy",
2023-08-08 18:26:22,643 INFO     ___FILE_ONLY___ 
    "is_configuration": false,
2023-08-08 18:26:22,643 INFO     ___FILE_ONLY___ 
    "is_hidden": false,
2023-08-08 18:26:22,643 INFO     ___FILE_ONLY___ 
    "latest_version_string": "0.4.0",
2023-08-08 18:26:22,643 INFO     ___FILE_ONLY___ 
    "name": "Cloud Run Proxy",
2023-08-08 18:26:22,643 INFO     ___FILE_ONLY___ 
    "platform": {
2023-08-08 18:26:22,643 INFO     ___FILE_ONLY___ 
      "architecture": {
2023-08-08 18:26:22,643 INFO     ___FILE_ONLY___ 
        "file_name": "arm",
2023-08-08 18:26:22,643 INFO     ___FILE_ONLY___ 
        "id": "arm",
2023-08-08 18:26:22,643 INFO     ___FILE_ONLY___ 
        "name": "arm"
2023-08-08 18:26:22,643 INFO     ___FILE_ONLY___ 
      },
2023-08-08 18:26:22,643 INFO     ___FILE_ONLY___ 
      "operating_system": {
2023-08-08 18:26:22,643 INFO     ___FILE_ONLY___ 
        "clean_version": "22.6.0",
2023-08-08 18:26:22,643 INFO     ___FILE_ONLY___ 
        "file_name": "darwin",
2023-08-08 18:26:22,643 INFO     ___FILE_ONLY___ 
        "id": "MACOSX",
2023-08-08 18:26:22,643 INFO     ___FILE_ONLY___ 
        "name": "Mac OS X",
2023-08-08 18:26:22,643 INFO     ___FILE_ONLY___ 
        "version": "22.6.0"
2023-08-08 18:26:22,644 INFO     ___FILE_ONLY___ 
      }
2023-08-08 18:26:22,644 INFO     ___FILE_ONLY___ 
    },
2023-08-08 18:26:22,644 INFO     ___FILE_ONLY___ 
    "platform_required": false,
2023-08-08 18:26:22,644 INFO     ___FILE_ONLY___ 
    "size": 11997608,
2023-08-08 18:26:22,644 INFO     ___FILE_ONLY___ 
    "state": {
2023-08-08 18:26:22,644 INFO     ___FILE_ONLY___ 
      "name": "Not Installed"
2023-08-08 18:26:22,644 INFO     ___FILE_ONLY___ 
    }
2023-08-08 18:26:22,644 INFO     ___FILE_ONLY___ 
  }
2023-08-08 18:26:22,644 INFO     ___FILE_ONLY___ ,
  {
2023-08-08 18:26:22,644 INFO     ___FILE_ONLY___ 
    "current_version_string": null,
2023-08-08 18:26:22,644 INFO     ___FILE_ONLY___ 
    "id": "cloud_sql_proxy",
2023-08-08 18:26:22,644 INFO     ___FILE_ONLY___ 
    "is_configuration": false,
2023-08-08 18:26:22,644 INFO     ___FILE_ONLY___ 
    "is_hidden": false,
2023-08-08 18:26:22,644 INFO     ___FILE_ONLY___ 
    "latest_version_string": "1.27.0",
2023-08-08 18:26:22,644 INFO     ___FILE_ONLY___ 
    "name": "Cloud SQL Proxy",
2023-08-08 18:26:22,644 INFO     ___FILE_ONLY___ 
    "platform": {
2023-08-08 18:26:22,644 INFO     ___FILE_ONLY___ 
      "architecture": {
2023-08-08 18:26:22,644 INFO     ___FILE_ONLY___ 
        "file_name": "arm",
2023-08-08 18:26:22,644 INFO     ___FILE_ONLY___ 
        "id": "arm",
2023-08-08 18:26:22,644 INFO     ___FILE_ONLY___ 
        "name": "arm"
2023-08-08 18:26:22,645 INFO     ___FILE_ONLY___ 
      },
2023-08-08 18:26:22,645 INFO     ___FILE_ONLY___ 
      "operating_system": {
2023-08-08 18:26:22,645 INFO     ___FILE_ONLY___ 
        "clean_version": "22.6.0",
2023-08-08 18:26:22,645 INFO     ___FILE_ONLY___ 
        "file_name": "darwin",
2023-08-08 18:26:22,645 INFO     ___FILE_ONLY___ 
        "id": "MACOSX",
2023-08-08 18:26:22,645 INFO     ___FILE_ONLY___ 
        "name": "Mac OS X",
2023-08-08 18:26:22,645 INFO     ___FILE_ONLY___ 
        "version": "22.6.0"
2023-08-08 18:26:22,645 INFO     ___FILE_ONLY___ 
      }
2023-08-08 18:26:22,645 INFO     ___FILE_ONLY___ 
    },
2023-08-08 18:26:22,645 INFO     ___FILE_ONLY___ 
    "platform_required": false,
2023-08-08 18:26:22,645 INFO     ___FILE_ONLY___ 
    "size": 7700917,
2023-08-08 18:26:22,645 INFO     ___FILE_ONLY___ 
    "state": {
2023-08-08 18:26:22,645 INFO     ___FILE_ONLY___ 
      "name": "Not Installed"
2023-08-08 18:26:22,645 INFO     ___FILE_ONLY___ 
    }
2023-08-08 18:26:22,645 INFO     ___FILE_ONLY___ 
  }
2023-08-08 18:26:22,646 INFO     ___FILE_ONLY___ ,
  {
2023-08-08 18:26:22,646 INFO     ___FILE_ONLY___ 
    "current_version_string": null,
2023-08-08 18:26:22,646 INFO     ___FILE_ONLY___ 
    "id": "docker-credential-gcr",
2023-08-08 18:26:22,646 INFO     ___FILE_ONLY___ 
    "is_configuration": false,
2023-08-08 18:26:22,646 INFO     ___FILE_ONLY___ 
    "is_hidden": false,
2023-08-08 18:26:22,646 INFO     ___FILE_ONLY___ 
    "latest_version_string": "1.5.0",
2023-08-08 18:26:22,646 INFO     ___FILE_ONLY___ 
    "name": "Google Container Registry's Docker credential helper",
2023-08-08 18:26:22,646 INFO     ___FILE_ONLY___ 
    "platform": {
2023-08-08 18:26:22,646 INFO     ___FILE_ONLY___ 
      "architecture": {
2023-08-08 18:26:22,646 INFO     ___FILE_ONLY___ 
        "file_name": "arm",
2023-08-08 18:26:22,646 INFO     ___FILE_ONLY___ 
        "id": "arm",
2023-08-08 18:26:22,646 INFO     ___FILE_ONLY___ 
        "name": "arm"
2023-08-08 18:26:22,646 INFO     ___FILE_ONLY___ 
      },
2023-08-08 18:26:22,646 INFO     ___FILE_ONLY___ 
      "operating_system": {
2023-08-08 18:26:22,646 INFO     ___FILE_ONLY___ 
        "clean_version": "22.6.0",
2023-08-08 18:26:22,646 INFO     ___FILE_ONLY___ 
        "file_name": "darwin",
2023-08-08 18:26:22,646 INFO     ___FILE_ONLY___ 
        "id": "MACOSX",
2023-08-08 18:26:22,646 INFO     ___FILE_ONLY___ 
        "name": "Mac OS X",
2023-08-08 18:26:22,646 INFO     ___FILE_ONLY___ 
        "version": "22.6.0"
2023-08-08 18:26:22,646 INFO     ___FILE_ONLY___ 
      }
2023-08-08 18:26:22,647 INFO     ___FILE_ONLY___ 
    },
2023-08-08 18:26:22,647 INFO     ___FILE_ONLY___ 
    "platform_required": false,
2023-08-08 18:26:22,647 INFO     ___FILE_ONLY___ 
    "size": 0,
2023-08-08 18:26:22,647 INFO     ___FILE_ONLY___ 
    "state": {
2023-08-08 18:26:22,647 INFO     ___FILE_ONLY___ 
      "name": "Not Installed"
2023-08-08 18:26:22,647 INFO     ___FILE_ONLY___ 
    }
2023-08-08 18:26:22,647 INFO     ___FILE_ONLY___ 
  }
2023-08-08 18:26:22,647 INFO     ___FILE_ONLY___ ,
  {
2023-08-08 18:26:22,647 INFO     ___FILE_ONLY___ 
    "current_version_string": null,
2023-08-08 18:26:22,647 INFO     ___FILE_ONLY___ 
    "id": "kustomize",
2023-08-08 18:26:22,647 INFO     ___FILE_ONLY___ 
    "is_configuration": false,
2023-08-08 18:26:22,647 INFO     ___FILE_ONLY___ 
    "is_hidden": false,
2023-08-08 18:26:22,647 INFO     ___FILE_ONLY___ 
    "latest_version_string": "4.4.0",
2023-08-08 18:26:22,647 INFO     ___FILE_ONLY___ 
    "name": "Kustomize",
2023-08-08 18:26:22,647 INFO     ___FILE_ONLY___ 
    "platform": {
2023-08-08 18:26:22,647 INFO     ___FILE_ONLY___ 
      "architecture": {
2023-08-08 18:26:22,648 INFO     ___FILE_ONLY___ 
        "file_name": "arm",
2023-08-08 18:26:22,648 INFO     ___FILE_ONLY___ 
        "id": "arm",
2023-08-08 18:26:22,648 INFO     ___FILE_ONLY___ 
        "name": "arm"
2023-08-08 18:26:22,648 INFO     ___FILE_ONLY___ 
      },
2023-08-08 18:26:22,648 INFO     ___FILE_ONLY___ 
      "operating_system": {
2023-08-08 18:26:22,648 INFO     ___FILE_ONLY___ 
        "clean_version": "22.6.0",
2023-08-08 18:26:22,648 INFO     ___FILE_ONLY___ 
        "file_name": "darwin",
2023-08-08 18:26:22,648 INFO     ___FILE_ONLY___ 
        "id": "MACOSX",
2023-08-08 18:26:22,648 INFO     ___FILE_ONLY___ 
        "name": "Mac OS X",
2023-08-08 18:26:22,648 INFO     ___FILE_ONLY___ 
        "version": "22.6.0"
2023-08-08 18:26:22,648 INFO     ___FILE_ONLY___ 
      }
2023-08-08 18:26:22,648 INFO     ___FILE_ONLY___ 
    },
2023-08-08 18:26:22,648 INFO     ___FILE_ONLY___ 
    "platform_required": false,
2023-08-08 18:26:22,648 INFO     ___FILE_ONLY___ 
    "size": 7742264,
2023-08-08 18:26:22,648 INFO     ___FILE_ONLY___ 
    "state": {
2023-08-08 18:26:22,648 INFO     ___FILE_ONLY___ 
      "name": "Not Installed"
2023-08-08 18:26:22,648 INFO     ___FILE_ONLY___ 
    }
2023-08-08 18:26:22,648 INFO     ___FILE_ONLY___ 
  }
2023-08-08 18:26:22,649 INFO     ___FILE_ONLY___ ,
  {
2023-08-08 18:26:22,649 INFO     ___FILE_ONLY___ 
    "current_version_string": null,
2023-08-08 18:26:22,649 INFO     ___FILE_ONLY___ 
    "id": "log-streaming",
2023-08-08 18:26:22,649 INFO     ___FILE_ONLY___ 
    "is_configuration": false,
2023-08-08 18:26:22,649 INFO     ___FILE_ONLY___ 
    "is_hidden": false,
2023-08-08 18:26:22,649 INFO     ___FILE_ONLY___ 
    "latest_version_string": "0.3.0",
2023-08-08 18:26:22,649 INFO     ___FILE_ONLY___ 
    "name": "Log Streaming",
2023-08-08 18:26:22,649 INFO     ___FILE_ONLY___ 
    "platform": {
2023-08-08 18:26:22,649 INFO     ___FILE_ONLY___ 
      "architecture": {
2023-08-08 18:26:22,649 INFO     ___FILE_ONLY___ 
        "file_name": "arm",
2023-08-08 18:26:22,649 INFO     ___FILE_ONLY___ 
        "id": "arm",
2023-08-08 18:26:22,649 INFO     ___FILE_ONLY___ 
        "name": "arm"
2023-08-08 18:26:22,649 INFO     ___FILE_ONLY___ 
      },
2023-08-08 18:26:22,649 INFO     ___FILE_ONLY___ 
      "operating_system": {
2023-08-08 18:26:22,649 INFO     ___FILE_ONLY___ 
        "clean_version": "22.6.0",
2023-08-08 18:26:22,649 INFO     ___FILE_ONLY___ 
        "file_name": "darwin",
2023-08-08 18:26:22,649 INFO     ___FILE_ONLY___ 
        "id": "MACOSX",
2023-08-08 18:26:22,649 INFO     ___FILE_ONLY___ 
        "name": "Mac OS X",
2023-08-08 18:26:22,649 INFO     ___FILE_ONLY___ 
        "version": "22.6.0"
2023-08-08 18:26:22,649 INFO     ___FILE_ONLY___ 
      }
2023-08-08 18:26:22,649 INFO     ___FILE_ONLY___ 
    },
2023-08-08 18:26:22,649 INFO     ___FILE_ONLY___ 
    "platform_required": false,
2023-08-08 18:26:22,649 INFO     ___FILE_ONLY___ 
    "size": 12455711,
2023-08-08 18:26:22,649 INFO     ___FILE_ONLY___ 
    "state": {
2023-08-08 18:26:22,649 INFO     ___FILE_ONLY___ 
      "name": "Not Installed"
2023-08-08 18:26:22,650 INFO     ___FILE_ONLY___ 
    }
2023-08-08 18:26:22,650 INFO     ___FILE_ONLY___ 
  }
2023-08-08 18:26:22,650 INFO     ___FILE_ONLY___ ,
  {
2023-08-08 18:26:22,650 INFO     ___FILE_ONLY___ 
    "current_version_string": null,
2023-08-08 18:26:22,650 INFO     ___FILE_ONLY___ 
    "id": "nomos",
2023-08-08 18:26:22,650 INFO     ___FILE_ONLY___ 
    "is_configuration": false,
2023-08-08 18:26:22,650 INFO     ___FILE_ONLY___ 
    "is_hidden": false,
2023-08-08 18:26:22,650 INFO     ___FILE_ONLY___ 
    "latest_version_string": "1.15.3-rc.2",
2023-08-08 18:26:22,650 INFO     ___FILE_ONLY___ 
    "name": "Nomos CLI",
2023-08-08 18:26:22,650 INFO     ___FILE_ONLY___ 
    "platform": {
2023-08-08 18:26:22,650 INFO     ___FILE_ONLY___ 
      "architecture": {
2023-08-08 18:26:22,650 INFO     ___FILE_ONLY___ 
        "file_name": "x86_64",
2023-08-08 18:26:22,650 INFO     ___FILE_ONLY___ 
        "id": "x86_64",
2023-08-08 18:26:22,650 INFO     ___FILE_ONLY___ 
        "name": "x86_64"
2023-08-08 18:26:22,650 INFO     ___FILE_ONLY___ 
      },
2023-08-08 18:26:22,650 INFO     ___FILE_ONLY___ 
      "operating_system": {
2023-08-08 18:26:22,650 INFO     ___FILE_ONLY___ 
        "clean_version": "22.6.0",
2023-08-08 18:26:22,650 INFO     ___FILE_ONLY___ 
        "file_name": "darwin",
2023-08-08 18:26:22,650 INFO     ___FILE_ONLY___ 
        "id": "MACOSX",
2023-08-08 18:26:22,650 INFO     ___FILE_ONLY___ 
        "name": "Mac OS X",
2023-08-08 18:26:22,650 INFO     ___FILE_ONLY___ 
        "version": "22.6.0"
2023-08-08 18:26:22,651 INFO     ___FILE_ONLY___ 
      }
2023-08-08 18:26:22,651 INFO     ___FILE_ONLY___ 
    },
2023-08-08 18:26:22,651 INFO     ___FILE_ONLY___ 
    "platform_required": false,
2023-08-08 18:26:22,651 INFO     ___FILE_ONLY___ 
    "size": 27042516,
2023-08-08 18:26:22,651 INFO     ___FILE_ONLY___ 
    "state": {
2023-08-08 18:26:22,651 INFO     ___FILE_ONLY___ 
      "name": "Not Installed"
2023-08-08 18:26:22,651 INFO     ___FILE_ONLY___ 
    }
2023-08-08 18:26:22,651 INFO     ___FILE_ONLY___ 
  }
2023-08-08 18:26:22,651 INFO     ___FILE_ONLY___ ,
  {
2023-08-08 18:26:22,651 INFO     ___FILE_ONLY___ 
    "current_version_string": null,
2023-08-08 18:26:22,651 INFO     ___FILE_ONLY___ 
    "id": "local-extract",
2023-08-08 18:26:22,651 INFO     ___FILE_ONLY___ 
    "is_configuration": false,
2023-08-08 18:26:22,651 INFO     ___FILE_ONLY___ 
    "is_hidden": false,
2023-08-08 18:26:22,651 INFO     ___FILE_ONLY___ 
    "latest_version_string": "1.5.8",
2023-08-08 18:26:22,651 INFO     ___FILE_ONLY___ 
    "name": "On-Demand Scanning API extraction helper",
2023-08-08 18:26:22,651 INFO     ___FILE_ONLY___ 
    "platform": {
2023-08-08 18:26:22,651 INFO     ___FILE_ONLY___ 
      "architecture": {
2023-08-08 18:26:22,651 INFO     ___FILE_ONLY___ 
        "file_name": "arm",
2023-08-08 18:26:22,652 INFO     ___FILE_ONLY___ 
        "id": "arm",
2023-08-08 18:26:22,652 INFO     ___FILE_ONLY___ 
        "name": "arm"
2023-08-08 18:26:22,652 INFO     ___FILE_ONLY___ 
      },
2023-08-08 18:26:22,652 INFO     ___FILE_ONLY___ 
      "operating_system": {
2023-08-08 18:26:22,652 INFO     ___FILE_ONLY___ 
        "clean_version": "22.6.0",
2023-08-08 18:26:22,652 INFO     ___FILE_ONLY___ 
        "file_name": "darwin",
2023-08-08 18:26:22,652 INFO     ___FILE_ONLY___ 
        "id": "MACOSX",
2023-08-08 18:26:22,652 INFO     ___FILE_ONLY___ 
        "name": "Mac OS X",
2023-08-08 18:26:22,652 INFO     ___FILE_ONLY___ 
        "version": "22.6.0"
2023-08-08 18:26:22,652 INFO     ___FILE_ONLY___ 
      }
2023-08-08 18:26:22,652 INFO     ___FILE_ONLY___ 
    },
2023-08-08 18:26:22,652 INFO     ___FILE_ONLY___ 
    "platform_required": false,
2023-08-08 18:26:22,652 INFO     ___FILE_ONLY___ 
    "size": 14314114,
2023-08-08 18:26:22,652 INFO     ___FILE_ONLY___ 
    "state": {
2023-08-08 18:26:22,652 INFO     ___FILE_ONLY___ 
      "name": "Not Installed"
2023-08-08 18:26:22,652 INFO     ___FILE_ONLY___ 
    }
2023-08-08 18:26:22,652 INFO     ___FILE_ONLY___ 
  }
2023-08-08 18:26:22,652 INFO     ___FILE_ONLY___ ,
  {
2023-08-08 18:26:22,652 INFO     ___FILE_ONLY___ 
    "current_version_string": null,
2023-08-08 18:26:22,652 INFO     ___FILE_ONLY___ 
    "id": "terraform-tools",
2023-08-08 18:26:22,652 INFO     ___FILE_ONLY___ 
    "is_configuration": false,
2023-08-08 18:26:22,652 INFO     ___FILE_ONLY___ 
    "is_hidden": false,
2023-08-08 18:26:22,652 INFO     ___FILE_ONLY___ 
    "latest_version_string": "0.11.1",
2023-08-08 18:26:22,653 INFO     ___FILE_ONLY___ 
    "name": "Terraform Tools",
2023-08-08 18:26:22,653 INFO     ___FILE_ONLY___ 
    "platform": {
2023-08-08 18:26:22,653 INFO     ___FILE_ONLY___ 
      "architecture": {
2023-08-08 18:26:22,653 INFO     ___FILE_ONLY___ 
        "file_name": "arm",
2023-08-08 18:26:22,653 INFO     ___FILE_ONLY___ 
        "id": "arm",
2023-08-08 18:26:22,653 INFO     ___FILE_ONLY___ 
        "name": "arm"
2023-08-08 18:26:22,653 INFO     ___FILE_ONLY___ 
      },
2023-08-08 18:26:22,653 INFO     ___FILE_ONLY___ 
      "operating_system": {
2023-08-08 18:26:22,653 INFO     ___FILE_ONLY___ 
        "clean_version": "22.6.0",
2023-08-08 18:26:22,653 INFO     ___FILE_ONLY___ 
        "file_name": "darwin",
2023-08-08 18:26:22,653 INFO     ___FILE_ONLY___ 
        "id": "MACOSX",
2023-08-08 18:26:22,653 INFO     ___FILE_ONLY___ 
        "name": "Mac OS X",
2023-08-08 18:26:22,653 INFO     ___FILE_ONLY___ 
        "version": "22.6.0"
2023-08-08 18:26:22,653 INFO     ___FILE_ONLY___ 
      }
2023-08-08 18:26:22,653 INFO     ___FILE_ONLY___ 
    },
2023-08-08 18:26:22,653 INFO     ___FILE_ONLY___ 
    "platform_required": false,
2023-08-08 18:26:22,653 INFO     ___FILE_ONLY___ 
    "size": 66685257,
2023-08-08 18:26:22,653 INFO     ___FILE_ONLY___ 
    "state": {
2023-08-08 18:26:22,653 INFO     ___FILE_ONLY___ 
      "name": "Not Installed"
2023-08-08 18:26:22,653 INFO     ___FILE_ONLY___ 
    }
2023-08-08 18:26:22,653 INFO     ___FILE_ONLY___ 
  }
2023-08-08 18:26:22,653 INFO     ___FILE_ONLY___ ,
  {
2023-08-08 18:26:22,653 INFO     ___FILE_ONLY___ 
    "current_version_string": null,
2023-08-08 18:26:22,653 INFO     ___FILE_ONLY___ 
    "id": "anthos-auth",
2023-08-08 18:26:22,654 INFO     ___FILE_ONLY___ 
    "is_configuration": false,
2023-08-08 18:26:22,654 INFO     ___FILE_ONLY___ 
    "is_hidden": false,
2023-08-08 18:26:22,654 INFO     ___FILE_ONLY___ 
    "latest_version_string": "1.4.4",
2023-08-08 18:26:22,654 INFO     ___FILE_ONLY___ 
    "name": "anthos-auth",
2023-08-08 18:26:22,654 INFO     ___FILE_ONLY___ 
    "platform": {
2023-08-08 18:26:22,654 INFO     ___FILE_ONLY___ 
      "architecture": {
2023-08-08 18:26:22,654 INFO     ___FILE_ONLY___ 
        "file_name": "arm",
2023-08-08 18:26:22,654 INFO     ___FILE_ONLY___ 
        "id": "arm",
2023-08-08 18:26:22,654 INFO     ___FILE_ONLY___ 
        "name": "arm"
2023-08-08 18:26:22,654 INFO     ___FILE_ONLY___ 
      },
2023-08-08 18:26:22,654 INFO     ___FILE_ONLY___ 
      "operating_system": {
2023-08-08 18:26:22,654 INFO     ___FILE_ONLY___ 
        "clean_version": "22.6.0",
2023-08-08 18:26:22,654 INFO     ___FILE_ONLY___ 
        "file_name": "darwin",
2023-08-08 18:26:22,654 INFO     ___FILE_ONLY___ 
        "id": "MACOSX",
2023-08-08 18:26:22,654 INFO     ___FILE_ONLY___ 
        "name": "Mac OS X",
2023-08-08 18:26:22,654 INFO     ___FILE_ONLY___ 
        "version": "22.6.0"
2023-08-08 18:26:22,654 INFO     ___FILE_ONLY___ 
      }
2023-08-08 18:26:22,654 INFO     ___FILE_ONLY___ 
    },
2023-08-08 18:26:22,654 INFO     ___FILE_ONLY___ 
    "platform_required": false,
2023-08-08 18:26:22,654 INFO     ___FILE_ONLY___ 
    "size": 20108065,
2023-08-08 18:26:22,654 INFO     ___FILE_ONLY___ 
    "state": {
2023-08-08 18:26:22,654 INFO     ___FILE_ONLY___ 
      "name": "Not Installed"
2023-08-08 18:26:22,654 INFO     ___FILE_ONLY___ 
    }
2023-08-08 18:26:22,654 INFO     ___FILE_ONLY___ 
  }
2023-08-08 18:26:22,655 INFO     ___FILE_ONLY___ ,
  {
2023-08-08 18:26:22,655 INFO     ___FILE_ONLY___ 
    "current_version_string": null,
2023-08-08 18:26:22,655 INFO     ___FILE_ONLY___ 
    "id": "config-connector",
2023-08-08 18:26:22,655 INFO     ___FILE_ONLY___ 
    "is_configuration": false,
2023-08-08 18:26:22,655 INFO     ___FILE_ONLY___ 
    "is_hidden": false,
2023-08-08 18:26:22,655 INFO     ___FILE_ONLY___ 
    "latest_version_string": "1.93.0",
2023-08-08 18:26:22,655 INFO     ___FILE_ONLY___ 
    "name": "config-connector",
2023-08-08 18:26:22,655 INFO     ___FILE_ONLY___ 
    "platform": {
2023-08-08 18:26:22,655 INFO     ___FILE_ONLY___ 
      "architecture": {
2023-08-08 18:26:22,655 INFO     ___FILE_ONLY___ 
        "file_name": "arm",
2023-08-08 18:26:22,655 INFO     ___FILE_ONLY___ 
        "id": "arm",
2023-08-08 18:26:22,655 INFO     ___FILE_ONLY___ 
        "name": "arm"
2023-08-08 18:26:22,655 INFO     ___FILE_ONLY___ 
      },
2023-08-08 18:26:22,655 INFO     ___FILE_ONLY___ 
      "operating_system": {
2023-08-08 18:26:22,655 INFO     ___FILE_ONLY___ 
        "clean_version": "22.6.0",
2023-08-08 18:26:22,655 INFO     ___FILE_ONLY___ 
        "file_name": "darwin",
2023-08-08 18:26:22,655 INFO     ___FILE_ONLY___ 
        "id": "MACOSX",
2023-08-08 18:26:22,655 INFO     ___FILE_ONLY___ 
        "name": "Mac OS X",
2023-08-08 18:26:22,655 INFO     ___FILE_ONLY___ 
        "version": "22.6.0"
2023-08-08 18:26:22,655 INFO     ___FILE_ONLY___ 
      }
2023-08-08 18:26:22,655 INFO     ___FILE_ONLY___ 
    },
2023-08-08 18:26:22,655 INFO     ___FILE_ONLY___ 
    "platform_required": false,
2023-08-08 18:26:22,655 INFO     ___FILE_ONLY___ 
    "size": 58308273,
2023-08-08 18:26:22,655 INFO     ___FILE_ONLY___ 
    "state": {
2023-08-08 18:26:22,655 INFO     ___FILE_ONLY___ 
      "name": "Not Installed"
2023-08-08 18:26:22,655 INFO     ___FILE_ONLY___ 
    }
2023-08-08 18:26:22,655 INFO     ___FILE_ONLY___ 
  }
2023-08-08 18:26:22,656 INFO     ___FILE_ONLY___ ,
  {
2023-08-08 18:26:22,656 INFO     ___FILE_ONLY___ 
    "current_version_string": null,
2023-08-08 18:26:22,656 INFO     ___FILE_ONLY___ 
    "id": "enterprise-certificate-proxy",
2023-08-08 18:26:22,656 INFO     ___FILE_ONLY___ 
    "is_configuration": false,
2023-08-08 18:26:22,656 INFO     ___FILE_ONLY___ 
    "is_hidden": false,
2023-08-08 18:26:22,656 INFO     ___FILE_ONLY___ 
    "latest_version_string": "0.2.1",
2023-08-08 18:26:22,656 INFO     ___FILE_ONLY___ 
    "name": "enterprise-certificate-proxy",
2023-08-08 18:26:22,656 INFO     ___FILE_ONLY___ 
    "platform": {
2023-08-08 18:26:22,656 INFO     ___FILE_ONLY___ 
      "architecture": {
2023-08-08 18:26:22,656 INFO     ___FILE_ONLY___ 
        "file_name": "arm",
2023-08-08 18:26:22,656 INFO     ___FILE_ONLY___ 
        "id": "arm",
2023-08-08 18:26:22,656 INFO     ___FILE_ONLY___ 
        "name": "arm"
2023-08-08 18:26:22,656 INFO     ___FILE_ONLY___ 
      },
2023-08-08 18:26:22,656 INFO     ___FILE_ONLY___ 
      "operating_system": {
2023-08-08 18:26:22,656 INFO     ___FILE_ONLY___ 
        "clean_version": "22.6.0",
2023-08-08 18:26:22,656 INFO     ___FILE_ONLY___ 
        "file_name": "darwin",
2023-08-08 18:26:22,656 INFO     ___FILE_ONLY___ 
        "id": "MACOSX",
2023-08-08 18:26:22,656 INFO     ___FILE_ONLY___ 
        "name": "Mac OS X",
2023-08-08 18:26:22,656 INFO     ___FILE_ONLY___ 
        "version": "22.6.0"
2023-08-08 18:26:22,656 INFO     ___FILE_ONLY___ 
      }
2023-08-08 18:26:22,656 INFO     ___FILE_ONLY___ 
    },
2023-08-08 18:26:22,656 INFO     ___FILE_ONLY___ 
    "platform_required": false,
2023-08-08 18:26:22,656 INFO     ___FILE_ONLY___ 
    "size": 6390940,
2023-08-08 18:26:22,656 INFO     ___FILE_ONLY___ 
    "state": {
2023-08-08 18:26:22,656 INFO     ___FILE_ONLY___ 
      "name": "Not Installed"
2023-08-08 18:26:22,656 INFO     ___FILE_ONLY___ 
    }
2023-08-08 18:26:22,656 INFO     ___FILE_ONLY___ 
  }
2023-08-08 18:26:22,657 INFO     ___FILE_ONLY___ ,
  {
2023-08-08 18:26:22,657 INFO     ___FILE_ONLY___ 
    "current_version_string": null,
2023-08-08 18:26:22,657 INFO     ___FILE_ONLY___ 
    "id": "app-engine-java",
2023-08-08 18:26:22,657 INFO     ___FILE_ONLY___ 
    "is_configuration": false,
2023-08-08 18:26:22,657 INFO     ___FILE_ONLY___ 
    "is_hidden": false,
2023-08-08 18:26:22,657 INFO     ___FILE_ONLY___ 
    "latest_version_string": "2.0.16",
2023-08-08 18:26:22,657 INFO     ___FILE_ONLY___ 
    "name": "gcloud app Java Extensions",
2023-08-08 18:26:22,657 INFO     ___FILE_ONLY___ 
    "platform": {
2023-08-08 18:26:22,657 INFO     ___FILE_ONLY___ 
      "architecture": {
2023-08-08 18:26:22,657 INFO     ___FILE_ONLY___ 
        "file_name": "arm",
2023-08-08 18:26:22,657 INFO     ___FILE_ONLY___ 
        "id": "arm",
2023-08-08 18:26:22,657 INFO     ___FILE_ONLY___ 
        "name": "arm"
2023-08-08 18:26:22,657 INFO     ___FILE_ONLY___ 
      },
2023-08-08 18:26:22,657 INFO     ___FILE_ONLY___ 
      "operating_system": {
2023-08-08 18:26:22,657 INFO     ___FILE_ONLY___ 
        "clean_version": "22.6.0",
2023-08-08 18:26:22,657 INFO     ___FILE_ONLY___ 
        "file_name": "darwin",
2023-08-08 18:26:22,657 INFO     ___FILE_ONLY___ 
        "id": "MACOSX",
2023-08-08 18:26:22,657 INFO     ___FILE_ONLY___ 
        "name": "Mac OS X",
2023-08-08 18:26:22,657 INFO     ___FILE_ONLY___ 
        "version": "22.6.0"
2023-08-08 18:26:22,657 INFO     ___FILE_ONLY___ 
      }
2023-08-08 18:26:22,657 INFO     ___FILE_ONLY___ 
    },
2023-08-08 18:26:22,657 INFO     ___FILE_ONLY___ 
    "platform_required": false,
2023-08-08 18:26:22,657 INFO     ___FILE_ONLY___ 
    "size": 68094610,
2023-08-08 18:26:22,657 INFO     ___FILE_ONLY___ 
    "state": {
2023-08-08 18:26:22,657 INFO     ___FILE_ONLY___ 
      "name": "Not Installed"
2023-08-08 18:26:22,658 INFO     ___FILE_ONLY___ 
    }
2023-08-08 18:26:22,658 INFO     ___FILE_ONLY___ 
  }
2023-08-08 18:26:22,658 INFO     ___FILE_ONLY___ ,
  {
2023-08-08 18:26:22,658 INFO     ___FILE_ONLY___ 
    "current_version_string": null,
2023-08-08 18:26:22,658 INFO     ___FILE_ONLY___ 
    "id": "app-engine-php",
2023-08-08 18:26:22,658 INFO     ___FILE_ONLY___ 
    "is_configuration": false,
2023-08-08 18:26:22,658 INFO     ___FILE_ONLY___ 
    "is_hidden": false,
2023-08-08 18:26:22,658 INFO     ___FILE_ONLY___ 
    "latest_version_string": "",
2023-08-08 18:26:22,658 INFO     ___FILE_ONLY___ 
    "name": "gcloud app PHP Extensions",
2023-08-08 18:26:22,658 INFO     ___FILE_ONLY___ 
    "platform": {
2023-08-08 18:26:22,658 INFO     ___FILE_ONLY___ 
      "architecture": {
2023-08-08 18:26:22,658 INFO     ___FILE_ONLY___ 
        "file_name": "arm",
2023-08-08 18:26:22,658 INFO     ___FILE_ONLY___ 
        "id": "arm",
2023-08-08 18:26:22,658 INFO     ___FILE_ONLY___ 
        "name": "arm"
2023-08-08 18:26:22,658 INFO     ___FILE_ONLY___ 
      },
2023-08-08 18:26:22,658 INFO     ___FILE_ONLY___ 
      "operating_system": {
2023-08-08 18:26:22,658 INFO     ___FILE_ONLY___ 
        "clean_version": "22.6.0",
2023-08-08 18:26:22,658 INFO     ___FILE_ONLY___ 
        "file_name": "darwin",
2023-08-08 18:26:22,658 INFO     ___FILE_ONLY___ 
        "id": "MACOSX",
2023-08-08 18:26:22,658 INFO     ___FILE_ONLY___ 
        "name": "Mac OS X",
2023-08-08 18:26:22,658 INFO     ___FILE_ONLY___ 
        "version": "22.6.0"
2023-08-08 18:26:22,658 INFO     ___FILE_ONLY___ 
      }
2023-08-08 18:26:22,658 INFO     ___FILE_ONLY___ 
    },
2023-08-08 18:26:22,658 INFO     ___FILE_ONLY___ 
    "platform_required": false,
2023-08-08 18:26:22,659 INFO     ___FILE_ONLY___ 
    "size": 22985548,
2023-08-08 18:26:22,659 INFO     ___FILE_ONLY___ 
    "state": {
2023-08-08 18:26:22,659 INFO     ___FILE_ONLY___ 
      "name": "Not Installed"
2023-08-08 18:26:22,659 INFO     ___FILE_ONLY___ 
    }
2023-08-08 18:26:22,659 INFO     ___FILE_ONLY___ 
  }
2023-08-08 18:26:22,659 INFO     ___FILE_ONLY___ ,
  {
2023-08-08 18:26:22,659 INFO     ___FILE_ONLY___ 
    "current_version_string": null,
2023-08-08 18:26:22,659 INFO     ___FILE_ONLY___ 
    "id": "app-engine-python",
2023-08-08 18:26:22,659 INFO     ___FILE_ONLY___ 
    "is_configuration": false,
2023-08-08 18:26:22,659 INFO     ___FILE_ONLY___ 
    "is_hidden": false,
2023-08-08 18:26:22,659 INFO     ___FILE_ONLY___ 
    "latest_version_string": "1.9.105",
2023-08-08 18:26:22,659 INFO     ___FILE_ONLY___ 
    "name": "gcloud app Python Extensions",
2023-08-08 18:26:22,659 INFO     ___FILE_ONLY___ 
    "platform": {
2023-08-08 18:26:22,659 INFO     ___FILE_ONLY___ 
      "architecture": {
2023-08-08 18:26:22,659 INFO     ___FILE_ONLY___ 
        "file_name": "arm",
2023-08-08 18:26:22,659 INFO     ___FILE_ONLY___ 
        "id": "arm",
2023-08-08 18:26:22,659 INFO     ___FILE_ONLY___ 
        "name": "arm"
2023-08-08 18:26:22,659 INFO     ___FILE_ONLY___ 
      },
2023-08-08 18:26:22,659 INFO     ___FILE_ONLY___ 
      "operating_system": {
2023-08-08 18:26:22,659 INFO     ___FILE_ONLY___ 
        "clean_version": "22.6.0",
2023-08-08 18:26:22,659 INFO     ___FILE_ONLY___ 
        "file_name": "darwin",
2023-08-08 18:26:22,659 INFO     ___FILE_ONLY___ 
        "id": "MACOSX",
2023-08-08 18:26:22,659 INFO     ___FILE_ONLY___ 
        "name": "Mac OS X",
2023-08-08 18:26:22,659 INFO     ___FILE_ONLY___ 
        "version": "22.6.0"
2023-08-08 18:26:22,659 INFO     ___FILE_ONLY___ 
      }
2023-08-08 18:26:22,660 INFO     ___FILE_ONLY___ 
    },
2023-08-08 18:26:22,660 INFO     ___FILE_ONLY___ 
    "platform_required": false,
2023-08-08 18:26:22,660 INFO     ___FILE_ONLY___ 
    "size": 8902100,
2023-08-08 18:26:22,660 INFO     ___FILE_ONLY___ 
    "state": {
2023-08-08 18:26:22,660 INFO     ___FILE_ONLY___ 
      "name": "Not Installed"
2023-08-08 18:26:22,660 INFO     ___FILE_ONLY___ 
    }
2023-08-08 18:26:22,660 INFO     ___FILE_ONLY___ 
  }
2023-08-08 18:26:22,660 INFO     ___FILE_ONLY___ ,
  {
2023-08-08 18:26:22,660 INFO     ___FILE_ONLY___ 
    "current_version_string": null,
2023-08-08 18:26:22,660 INFO     ___FILE_ONLY___ 
    "id": "app-engine-python-extras",
2023-08-08 18:26:22,660 INFO     ___FILE_ONLY___ 
    "is_configuration": false,
2023-08-08 18:26:22,660 INFO     ___FILE_ONLY___ 
    "is_hidden": false,
2023-08-08 18:26:22,660 INFO     ___FILE_ONLY___ 
    "latest_version_string": "1.9.101",
2023-08-08 18:26:22,660 INFO     ___FILE_ONLY___ 
    "name": "gcloud app Python Extensions (Extra Libraries)",
2023-08-08 18:26:22,660 INFO     ___FILE_ONLY___ 
    "platform": {
2023-08-08 18:26:22,660 INFO     ___FILE_ONLY___ 
      "architecture": {
2023-08-08 18:26:22,660 INFO     ___FILE_ONLY___ 
        "file_name": "arm",
2023-08-08 18:26:22,660 INFO     ___FILE_ONLY___ 
        "id": "arm",
2023-08-08 18:26:22,660 INFO     ___FILE_ONLY___ 
        "name": "arm"
2023-08-08 18:26:22,660 INFO     ___FILE_ONLY___ 
      },
2023-08-08 18:26:22,660 INFO     ___FILE_ONLY___ 
      "operating_system": {
2023-08-08 18:26:22,660 INFO     ___FILE_ONLY___ 
        "clean_version": "22.6.0",
2023-08-08 18:26:22,660 INFO     ___FILE_ONLY___ 
        "file_name": "darwin",
2023-08-08 18:26:22,660 INFO     ___FILE_ONLY___ 
        "id": "MACOSX",
2023-08-08 18:26:22,660 INFO     ___FILE_ONLY___ 
        "name": "Mac OS X",
2023-08-08 18:26:22,661 INFO     ___FILE_ONLY___ 
        "version": "22.6.0"
2023-08-08 18:26:22,661 INFO     ___FILE_ONLY___ 
      }
2023-08-08 18:26:22,661 INFO     ___FILE_ONLY___ 
    },
2023-08-08 18:26:22,661 INFO     ___FILE_ONLY___ 
    "platform_required": false,
2023-08-08 18:26:22,661 INFO     ___FILE_ONLY___ 
    "size": 28667619,
2023-08-08 18:26:22,661 INFO     ___FILE_ONLY___ 
    "state": {
2023-08-08 18:26:22,661 INFO     ___FILE_ONLY___ 
      "name": "Not Installed"
2023-08-08 18:26:22,661 INFO     ___FILE_ONLY___ 
    }
2023-08-08 18:26:22,661 INFO     ___FILE_ONLY___ 
  }
2023-08-08 18:26:22,661 INFO     ___FILE_ONLY___ ,
  {
2023-08-08 18:26:22,661 INFO     ___FILE_ONLY___ 
    "current_version_string": null,
2023-08-08 18:26:22,661 INFO     ___FILE_ONLY___ 
    "id": "kpt",
2023-08-08 18:26:22,661 INFO     ___FILE_ONLY___ 
    "is_configuration": false,
2023-08-08 18:26:22,661 INFO     ___FILE_ONLY___ 
    "is_hidden": false,
2023-08-08 18:26:22,661 INFO     ___FILE_ONLY___ 
    "latest_version_string": "1.0.0-beta.41",
2023-08-08 18:26:22,661 INFO     ___FILE_ONLY___ 
    "name": "kpt",
2023-08-08 18:26:22,661 INFO     ___FILE_ONLY___ 
    "platform": {
2023-08-08 18:26:22,661 INFO     ___FILE_ONLY___ 
      "architecture": {
2023-08-08 18:26:22,661 INFO     ___FILE_ONLY___ 
        "file_name": "arm",
2023-08-08 18:26:22,661 INFO     ___FILE_ONLY___ 
        "id": "arm",
2023-08-08 18:26:22,661 INFO     ___FILE_ONLY___ 
        "name": "arm"
2023-08-08 18:26:22,661 INFO     ___FILE_ONLY___ 
      },
2023-08-08 18:26:22,661 INFO     ___FILE_ONLY___ 
      "operating_system": {
2023-08-08 18:26:22,661 INFO     ___FILE_ONLY___ 
        "clean_version": "22.6.0",
2023-08-08 18:26:22,661 INFO     ___FILE_ONLY___ 
        "file_name": "darwin",
2023-08-08 18:26:22,662 INFO     ___FILE_ONLY___ 
        "id": "MACOSX",
2023-08-08 18:26:22,662 INFO     ___FILE_ONLY___ 
        "name": "Mac OS X",
2023-08-08 18:26:22,662 INFO     ___FILE_ONLY___ 
        "version": "22.6.0"
2023-08-08 18:26:22,662 INFO     ___FILE_ONLY___ 
      }
2023-08-08 18:26:22,662 INFO     ___FILE_ONLY___ 
    },
2023-08-08 18:26:22,662 INFO     ___FILE_ONLY___ 
    "platform_required": false,
2023-08-08 18:26:22,662 INFO     ___FILE_ONLY___ 
    "size": 15289018,
2023-08-08 18:26:22,662 INFO     ___FILE_ONLY___ 
    "state": {
2023-08-08 18:26:22,662 INFO     ___FILE_ONLY___ 
      "name": "Not Installed"
2023-08-08 18:26:22,662 INFO     ___FILE_ONLY___ 
    }
2023-08-08 18:26:22,662 INFO     ___FILE_ONLY___ 
  }
2023-08-08 18:26:22,662 INFO     ___FILE_ONLY___ ,
  {
2023-08-08 18:26:22,662 INFO     ___FILE_ONLY___ 
    "current_version_string": null,
2023-08-08 18:26:22,662 INFO     ___FILE_ONLY___ 
    "id": "kubectl-oidc",
2023-08-08 18:26:22,662 INFO     ___FILE_ONLY___ 
    "is_configuration": false,
2023-08-08 18:26:22,662 INFO     ___FILE_ONLY___ 
    "is_hidden": false,
2023-08-08 18:26:22,662 INFO     ___FILE_ONLY___ 
    "latest_version_string": "1.4.4",
2023-08-08 18:26:22,662 INFO     ___FILE_ONLY___ 
    "name": "kubectl-oidc",
2023-08-08 18:26:22,662 INFO     ___FILE_ONLY___ 
    "platform": {
2023-08-08 18:26:22,662 INFO     ___FILE_ONLY___ 
      "architecture": {
2023-08-08 18:26:22,662 INFO     ___FILE_ONLY___ 
        "file_name": "arm",
2023-08-08 18:26:22,662 INFO     ___FILE_ONLY___ 
        "id": "arm",
2023-08-08 18:26:22,662 INFO     ___FILE_ONLY___ 
        "name": "arm"
2023-08-08 18:26:22,662 INFO     ___FILE_ONLY___ 
      },
2023-08-08 18:26:22,662 INFO     ___FILE_ONLY___ 
      "operating_system": {
2023-08-08 18:26:22,662 INFO     ___FILE_ONLY___ 
        "clean_version": "22.6.0",
2023-08-08 18:26:22,662 INFO     ___FILE_ONLY___ 
        "file_name": "darwin",
2023-08-08 18:26:22,662 INFO     ___FILE_ONLY___ 
        "id": "MACOSX",
2023-08-08 18:26:22,662 INFO     ___FILE_ONLY___ 
        "name": "Mac OS X",
2023-08-08 18:26:22,663 INFO     ___FILE_ONLY___ 
        "version": "22.6.0"
2023-08-08 18:26:22,663 INFO     ___FILE_ONLY___ 
      }
2023-08-08 18:26:22,663 INFO     ___FILE_ONLY___ 
    },
2023-08-08 18:26:22,663 INFO     ___FILE_ONLY___ 
    "platform_required": false,
2023-08-08 18:26:22,663 INFO     ___FILE_ONLY___ 
    "size": 20108100,
2023-08-08 18:26:22,663 INFO     ___FILE_ONLY___ 
    "state": {
2023-08-08 18:26:22,663 INFO     ___FILE_ONLY___ 
      "name": "Not Installed"
2023-08-08 18:26:22,663 INFO     ___FILE_ONLY___ 
    }
2023-08-08 18:26:22,663 INFO     ___FILE_ONLY___ 
  }
2023-08-08 18:26:22,663 INFO     ___FILE_ONLY___ ,
  {
2023-08-08 18:26:22,663 INFO     ___FILE_ONLY___ 
    "current_version_string": null,
2023-08-08 18:26:22,663 INFO     ___FILE_ONLY___ 
    "id": "pkg",
2023-08-08 18:26:22,663 INFO     ___FILE_ONLY___ 
    "is_configuration": false,
2023-08-08 18:26:22,663 INFO     ___FILE_ONLY___ 
    "is_hidden": false,
2023-08-08 18:26:22,663 INFO     ___FILE_ONLY___ 
    "latest_version_string": "",
2023-08-08 18:26:22,663 INFO     ___FILE_ONLY___ 
    "name": "pkg",
2023-08-08 18:26:22,663 INFO     ___FILE_ONLY___ 
    "platform": {
2023-08-08 18:26:22,663 INFO     ___FILE_ONLY___ 
      "architecture": {
2023-08-08 18:26:22,663 INFO     ___FILE_ONLY___ 
        "file_name": "arm",
2023-08-08 18:26:22,663 INFO     ___FILE_ONLY___ 
        "id": "arm",
2023-08-08 18:26:22,663 INFO     ___FILE_ONLY___ 
        "name": "arm"
2023-08-08 18:26:22,663 INFO     ___FILE_ONLY___ 
      },
2023-08-08 18:26:22,663 INFO     ___FILE_ONLY___ 
      "operating_system": {
2023-08-08 18:26:22,664 INFO     ___FILE_ONLY___ 
        "clean_version": "22.6.0",
2023-08-08 18:26:22,664 INFO     ___FILE_ONLY___ 
        "file_name": "darwin",
2023-08-08 18:26:22,664 INFO     ___FILE_ONLY___ 
        "id": "MACOSX",
2023-08-08 18:26:22,664 INFO     ___FILE_ONLY___ 
        "name": "Mac OS X",
2023-08-08 18:26:22,664 INFO     ___FILE_ONLY___ 
        "version": "22.6.0"
2023-08-08 18:26:22,664 INFO     ___FILE_ONLY___ 
      }
2023-08-08 18:26:22,664 INFO     ___FILE_ONLY___ 
    },
2023-08-08 18:26:22,664 INFO     ___FILE_ONLY___ 
    "platform_required": false,
2023-08-08 18:26:22,664 INFO     ___FILE_ONLY___ 
    "size": 0,
2023-08-08 18:26:22,664 INFO     ___FILE_ONLY___ 
    "state": {
2023-08-08 18:26:22,664 INFO     ___FILE_ONLY___ 
      "name": "Not Installed"
2023-08-08 18:26:22,664 INFO     ___FILE_ONLY___ 
    }
2023-08-08 18:26:22,664 INFO     ___FILE_ONLY___ 
  }
2023-08-08 18:26:22,664 INFO     ___FILE_ONLY___ ,
  {
2023-08-08 18:26:22,664 INFO     ___FILE_ONLY___ 
    "current_version_string": "2.0.96",
2023-08-08 18:26:22,664 INFO     ___FILE_ONLY___ 
    "id": "bq",
2023-08-08 18:26:22,664 INFO     ___FILE_ONLY___ 
    "is_configuration": false,
2023-08-08 18:26:22,664 INFO     ___FILE_ONLY___ 
    "is_hidden": false,
2023-08-08 18:26:22,664 INFO     ___FILE_ONLY___ 
    "latest_version_string": "2.0.96",
2023-08-08 18:26:22,664 INFO     ___FILE_ONLY___ 
    "name": "BigQuery Command Line Tool",
2023-08-08 18:26:22,664 INFO     ___FILE_ONLY___ 
    "platform": {
2023-08-08 18:26:22,664 INFO     ___FILE_ONLY___ 
      "architecture": {
2023-08-08 18:26:22,664 INFO     ___FILE_ONLY___ 
        "file_name": "arm",
2023-08-08 18:26:22,665 INFO     ___FILE_ONLY___ 
        "id": "arm",
2023-08-08 18:26:22,665 INFO     ___FILE_ONLY___ 
        "name": "arm"
2023-08-08 18:26:22,665 INFO     ___FILE_ONLY___ 
      },
2023-08-08 18:26:22,665 INFO     ___FILE_ONLY___ 
      "operating_system": {
2023-08-08 18:26:22,665 INFO     ___FILE_ONLY___ 
        "clean_version": "22.6.0",
2023-08-08 18:26:22,665 INFO     ___FILE_ONLY___ 
        "file_name": "darwin",
2023-08-08 18:26:22,665 INFO     ___FILE_ONLY___ 
        "id": "MACOSX",
2023-08-08 18:26:22,665 INFO     ___FILE_ONLY___ 
        "name": "Mac OS X",
2023-08-08 18:26:22,665 INFO     ___FILE_ONLY___ 
        "version": "22.6.0"
2023-08-08 18:26:22,665 INFO     ___FILE_ONLY___ 
      }
2023-08-08 18:26:22,665 INFO     ___FILE_ONLY___ 
    },
2023-08-08 18:26:22,665 INFO     ___FILE_ONLY___ 
    "platform_required": false,
2023-08-08 18:26:22,665 INFO     ___FILE_ONLY___ 
    "size": 1651141,
2023-08-08 18:26:22,665 INFO     ___FILE_ONLY___ 
    "state": {
2023-08-08 18:26:22,665 INFO     ___FILE_ONLY___ 
      "name": "Installed"
2023-08-08 18:26:22,665 INFO     ___FILE_ONLY___ 
    }
2023-08-08 18:26:22,665 INFO     ___FILE_ONLY___ 
  }
2023-08-08 18:26:22,665 INFO     ___FILE_ONLY___ ,
  {
2023-08-08 18:26:22,665 INFO     ___FILE_ONLY___ 
    "current_version_string": "5.25",
2023-08-08 18:26:22,665 INFO     ___FILE_ONLY___ 
    "id": "gsutil",
2023-08-08 18:26:22,665 INFO     ___FILE_ONLY___ 
    "is_configuration": false,
2023-08-08 18:26:22,666 INFO     ___FILE_ONLY___ 
    "is_hidden": false,
2023-08-08 18:26:22,666 INFO     ___FILE_ONLY___ 
    "latest_version_string": "5.25",
2023-08-08 18:26:22,666 INFO     ___FILE_ONLY___ 
    "name": "Cloud Storage Command Line Tool",
2023-08-08 18:26:22,666 INFO     ___FILE_ONLY___ 
    "platform": {
2023-08-08 18:26:22,666 INFO     ___FILE_ONLY___ 
      "architecture": {
2023-08-08 18:26:22,666 INFO     ___FILE_ONLY___ 
        "file_name": "arm",
2023-08-08 18:26:22,666 INFO     ___FILE_ONLY___ 
        "id": "arm",
2023-08-08 18:26:22,666 INFO     ___FILE_ONLY___ 
        "name": "arm"
2023-08-08 18:26:22,666 INFO     ___FILE_ONLY___ 
      },
2023-08-08 18:26:22,666 INFO     ___FILE_ONLY___ 
      "operating_system": {
2023-08-08 18:26:22,666 INFO     ___FILE_ONLY___ 
        "clean_version": "22.6.0",
2023-08-08 18:26:22,666 INFO     ___FILE_ONLY___ 
        "file_name": "darwin",
2023-08-08 18:26:22,666 INFO     ___FILE_ONLY___ 
        "id": "MACOSX",
2023-08-08 18:26:22,666 INFO     ___FILE_ONLY___ 
        "name": "Mac OS X",
2023-08-08 18:26:22,666 INFO     ___FILE_ONLY___ 
        "version": "22.6.0"
2023-08-08 18:26:22,666 INFO     ___FILE_ONLY___ 
      }
2023-08-08 18:26:22,666 INFO     ___FILE_ONLY___ 
    },
2023-08-08 18:26:22,666 INFO     ___FILE_ONLY___ 
    "platform_required": false,
2023-08-08 18:26:22,666 INFO     ___FILE_ONLY___ 
    "size": 11823782,
2023-08-08 18:26:22,666 INFO     ___FILE_ONLY___ 
    "state": {
2023-08-08 18:26:22,666 INFO     ___FILE_ONLY___ 
      "name": "Installed"
2023-08-08 18:26:22,666 INFO     ___FILE_ONLY___ 
    }
2023-08-08 18:26:22,666 INFO     ___FILE_ONLY___ 
  }
2023-08-08 18:26:22,666 INFO     ___FILE_ONLY___ ,
  {
2023-08-08 18:26:22,666 INFO     ___FILE_ONLY___ 
    "current_version_string": "2023.08.04",
2023-08-08 18:26:22,666 INFO     ___FILE_ONLY___ 
    "id": "core",
2023-08-08 18:26:22,666 INFO     ___FILE_ONLY___ 
    "is_configuration": false,
2023-08-08 18:26:22,666 INFO     ___FILE_ONLY___ 
    "is_hidden": false,
2023-08-08 18:26:22,666 INFO     ___FILE_ONLY___ 
    "latest_version_string": "2023.08.04",
2023-08-08 18:26:22,667 INFO     ___FILE_ONLY___ 
    "name": "Google Cloud CLI Core Libraries",
2023-08-08 18:26:22,667 INFO     ___FILE_ONLY___ 
    "platform": {
2023-08-08 18:26:22,667 INFO     ___FILE_ONLY___ 
      "architecture": {
2023-08-08 18:26:22,667 INFO     ___FILE_ONLY___ 
        "file_name": "arm",
2023-08-08 18:26:22,667 INFO     ___FILE_ONLY___ 
        "id": "arm",
2023-08-08 18:26:22,667 INFO     ___FILE_ONLY___ 
        "name": "arm"
2023-08-08 18:26:22,667 INFO     ___FILE_ONLY___ 
      },
2023-08-08 18:26:22,667 INFO     ___FILE_ONLY___ 
      "operating_system": {
2023-08-08 18:26:22,667 INFO     ___FILE_ONLY___ 
        "clean_version": "22.6.0",
2023-08-08 18:26:22,667 INFO     ___FILE_ONLY___ 
        "file_name": "darwin",
2023-08-08 18:26:22,667 INFO     ___FILE_ONLY___ 
        "id": "MACOSX",
2023-08-08 18:26:22,667 INFO     ___FILE_ONLY___ 
        "name": "Mac OS X",
2023-08-08 18:26:22,667 INFO     ___FILE_ONLY___ 
        "version": "22.6.0"
2023-08-08 18:26:22,667 INFO     ___FILE_ONLY___ 
      }
2023-08-08 18:26:22,667 INFO     ___FILE_ONLY___ 
    },
2023-08-08 18:26:22,667 INFO     ___FILE_ONLY___ 
    "platform_required": false,
2023-08-08 18:26:22,667 INFO     ___FILE_ONLY___ 
    "size": 22489748,
2023-08-08 18:26:22,667 INFO     ___FILE_ONLY___ 
    "state": {
2023-08-08 18:26:22,667 INFO     ___FILE_ONLY___ 
      "name": "Installed"
2023-08-08 18:26:22,667 INFO     ___FILE_ONLY___ 
    }
2023-08-08 18:26:22,667 INFO     ___FILE_ONLY___ 
  }
2023-08-08 18:26:22,667 INFO     ___FILE_ONLY___ ,
  {
2023-08-08 18:26:22,667 INFO     ___FILE_ONLY___ 
    "current_version_string": "1.0.0",
2023-08-08 18:26:22,667 INFO     ___FILE_ONLY___ 
    "id": "gcloud-crc32c",
2023-08-08 18:26:22,667 INFO     ___FILE_ONLY___ 
    "is_configuration": false,
2023-08-08 18:26:22,667 INFO     ___FILE_ONLY___ 
    "is_hidden": false,
2023-08-08 18:26:22,667 INFO     ___FILE_ONLY___ 
    "latest_version_string": "1.0.0",
2023-08-08 18:26:22,668 INFO     ___FILE_ONLY___ 
    "name": "Google Cloud CRC32C Hash Tool",
2023-08-08 18:26:22,668 INFO     ___FILE_ONLY___ 
    "platform": {
2023-08-08 18:26:22,668 INFO     ___FILE_ONLY___ 
      "architecture": {
2023-08-08 18:26:22,668 INFO     ___FILE_ONLY___ 
        "file_name": "arm",
2023-08-08 18:26:22,668 INFO     ___FILE_ONLY___ 
        "id": "arm",
2023-08-08 18:26:22,668 INFO     ___FILE_ONLY___ 
        "name": "arm"
2023-08-08 18:26:22,668 INFO     ___FILE_ONLY___ 
      },
2023-08-08 18:26:22,668 INFO     ___FILE_ONLY___ 
      "operating_system": {
2023-08-08 18:26:22,668 INFO     ___FILE_ONLY___ 
        "clean_version": "22.6.0",
2023-08-08 18:26:22,668 INFO     ___FILE_ONLY___ 
        "file_name": "darwin",
2023-08-08 18:26:22,668 INFO     ___FILE_ONLY___ 
        "id": "MACOSX",
2023-08-08 18:26:22,668 INFO     ___FILE_ONLY___ 
        "name": "Mac OS X",
2023-08-08 18:26:22,668 INFO     ___FILE_ONLY___ 
        "version": "22.6.0"
2023-08-08 18:26:22,668 INFO     ___FILE_ONLY___ 
      }
2023-08-08 18:26:22,668 INFO     ___FILE_ONLY___ 
    },
2023-08-08 18:26:22,668 INFO     ___FILE_ONLY___ 
    "platform_required": false,
2023-08-08 18:26:22,668 INFO     ___FILE_ONLY___ 
    "size": 1239910,
2023-08-08 18:26:22,668 INFO     ___FILE_ONLY___ 
    "state": {
2023-08-08 18:26:22,668 INFO     ___FILE_ONLY___ 
      "name": "Installed"
2023-08-08 18:26:22,668 INFO     ___FILE_ONLY___ 
    }
2023-08-08 18:26:22,668 INFO     ___FILE_ONLY___ 
  }
2023-08-08 18:26:22,668 INFO     ___FILE_ONLY___ ,
  {
2023-08-08 18:26:22,668 INFO     ___FILE_ONLY___ 
    "current_version_string": "1.30.1",
2023-08-08 18:26:22,668 INFO     ___FILE_ONLY___ 
    "id": "minikube",
2023-08-08 18:26:22,668 INFO     ___FILE_ONLY___ 
    "is_configuration": false,
2023-08-08 18:26:22,668 INFO     ___FILE_ONLY___ 
    "is_hidden": false,
2023-08-08 18:26:22,668 INFO     ___FILE_ONLY___ 
    "latest_version_string": "1.31.1",
2023-08-08 18:26:22,668 INFO     ___FILE_ONLY___ 
    "name": "Minikube",
2023-08-08 18:26:22,669 INFO     ___FILE_ONLY___ 
    "platform": {
2023-08-08 18:26:22,669 INFO     ___FILE_ONLY___ 
      "architecture": {
2023-08-08 18:26:22,669 INFO     ___FILE_ONLY___ 
        "file_name": "arm",
2023-08-08 18:26:22,669 INFO     ___FILE_ONLY___ 
        "id": "arm",
2023-08-08 18:26:22,669 INFO     ___FILE_ONLY___ 
        "name": "arm"
2023-08-08 18:26:22,669 INFO     ___FILE_ONLY___ 
      },
2023-08-08 18:26:22,669 INFO     ___FILE_ONLY___ 
      "operating_system": {
2023-08-08 18:26:22,669 INFO     ___FILE_ONLY___ 
        "clean_version": "22.6.0",
2023-08-08 18:26:22,669 INFO     ___FILE_ONLY___ 
        "file_name": "darwin",
2023-08-08 18:26:22,669 INFO     ___FILE_ONLY___ 
        "id": "MACOSX",
2023-08-08 18:26:22,669 INFO     ___FILE_ONLY___ 
        "name": "Mac OS X",
2023-08-08 18:26:22,669 INFO     ___FILE_ONLY___ 
        "version": "22.6.0"
2023-08-08 18:26:22,669 INFO     ___FILE_ONLY___ 
      }
2023-08-08 18:26:22,669 INFO     ___FILE_ONLY___ 
    },
2023-08-08 18:26:22,669 INFO     ___FILE_ONLY___ 
    "platform_required": false,
2023-08-08 18:26:22,669 INFO     ___FILE_ONLY___ 
    "size": 34498936,
2023-08-08 18:26:22,669 INFO     ___FILE_ONLY___ 
    "state": {
2023-08-08 18:26:22,669 INFO     ___FILE_ONLY___ 
      "name": "Installed"
2023-08-08 18:26:22,669 INFO     ___FILE_ONLY___ 
    }
2023-08-08 18:26:22,669 INFO     ___FILE_ONLY___ 
  }
2023-08-08 18:26:22,669 INFO     ___FILE_ONLY___ ,
  {
2023-08-08 18:26:22,669 INFO     ___FILE_ONLY___ 
    "current_version_string": "2.3.0",
2023-08-08 18:26:22,669 INFO     ___FILE_ONLY___ 
    "id": "skaffold",
2023-08-08 18:26:22,669 INFO     ___FILE_ONLY___ 
    "is_configuration": false,
2023-08-08 18:26:22,669 INFO     ___FILE_ONLY___ 
    "is_hidden": false,
2023-08-08 18:26:22,669 INFO     ___FILE_ONLY___ 
    "latest_version_string": "2.6.0",
2023-08-08 18:26:22,669 INFO     ___FILE_ONLY___ 
    "name": "Skaffold",
2023-08-08 18:26:22,669 INFO     ___FILE_ONLY___ 
    "platform": {
2023-08-08 18:26:22,669 INFO     ___FILE_ONLY___ 
      "architecture": {
2023-08-08 18:26:22,670 INFO     ___FILE_ONLY___ 
        "file_name": "arm",
2023-08-08 18:26:22,670 INFO     ___FILE_ONLY___ 
        "id": "arm",
2023-08-08 18:26:22,670 INFO     ___FILE_ONLY___ 
        "name": "arm"
2023-08-08 18:26:22,670 INFO     ___FILE_ONLY___ 
      },
2023-08-08 18:26:22,670 INFO     ___FILE_ONLY___ 
      "operating_system": {
2023-08-08 18:26:22,670 INFO     ___FILE_ONLY___ 
        "clean_version": "22.6.0",
2023-08-08 18:26:22,670 INFO     ___FILE_ONLY___ 
        "file_name": "darwin",
2023-08-08 18:26:22,670 INFO     ___FILE_ONLY___ 
        "id": "MACOSX",
2023-08-08 18:26:22,670 INFO     ___FILE_ONLY___ 
        "name": "Mac OS X",
2023-08-08 18:26:22,670 INFO     ___FILE_ONLY___ 
        "version": "22.6.0"
2023-08-08 18:26:22,670 INFO     ___FILE_ONLY___ 
      }
2023-08-08 18:26:22,670 INFO     ___FILE_ONLY___ 
    },
2023-08-08 18:26:22,670 INFO     ___FILE_ONLY___ 
    "platform_required": false,
2023-08-08 18:26:22,670 INFO     ___FILE_ONLY___ 
    "size": 23538854,
2023-08-08 18:26:22,670 INFO     ___FILE_ONLY___ 
    "state": {
2023-08-08 18:26:22,670 INFO     ___FILE_ONLY___ 
      "name": "Installed"
2023-08-08 18:26:22,670 INFO     ___FILE_ONLY___ 
    }
2023-08-08 18:26:22,670 INFO     ___FILE_ONLY___ 
  }
2023-08-08 18:26:22,670 INFO     ___FILE_ONLY___ ,
  {
2023-08-08 18:26:22,670 INFO     ___FILE_ONLY___ 
    "current_version_string": "2023.08.04",
2023-08-08 18:26:22,670 INFO     ___FILE_ONLY___ 
    "id": "alpha",
2023-08-08 18:26:22,670 INFO     ___FILE_ONLY___ 
    "is_configuration": false,
2023-08-08 18:26:22,670 INFO     ___FILE_ONLY___ 
    "is_hidden": false,
2023-08-08 18:26:22,670 INFO     ___FILE_ONLY___ 
    "latest_version_string": "2023.08.04",
2023-08-08 18:26:22,670 INFO     ___FILE_ONLY___ 
    "name": "gcloud Alpha Commands",
2023-08-08 18:26:22,670 INFO     ___FILE_ONLY___ 
    "platform": {
2023-08-08 18:26:22,670 INFO     ___FILE_ONLY___ 
      "architecture": {
2023-08-08 18:26:22,670 INFO     ___FILE_ONLY___ 
        "file_name": "arm",
2023-08-08 18:26:22,670 INFO     ___FILE_ONLY___ 
        "id": "arm",
2023-08-08 18:26:22,670 INFO     ___FILE_ONLY___ 
        "name": "arm"
2023-08-08 18:26:22,670 INFO     ___FILE_ONLY___ 
      },
2023-08-08 18:26:22,670 INFO     ___FILE_ONLY___ 
      "operating_system": {
2023-08-08 18:26:22,670 INFO     ___FILE_ONLY___ 
        "clean_version": "22.6.0",
2023-08-08 18:26:22,671 INFO     ___FILE_ONLY___ 
        "file_name": "darwin",
2023-08-08 18:26:22,671 INFO     ___FILE_ONLY___ 
        "id": "MACOSX",
2023-08-08 18:26:22,671 INFO     ___FILE_ONLY___ 
        "name": "Mac OS X",
2023-08-08 18:26:22,671 INFO     ___FILE_ONLY___ 
        "version": "22.6.0"
2023-08-08 18:26:22,671 INFO     ___FILE_ONLY___ 
      }
2023-08-08 18:26:22,671 INFO     ___FILE_ONLY___ 
    },
2023-08-08 18:26:22,671 INFO     ___FILE_ONLY___ 
    "platform_required": false,
2023-08-08 18:26:22,671 INFO     ___FILE_ONLY___ 
    "size": 800,
2023-08-08 18:26:22,671 INFO     ___FILE_ONLY___ 
    "state": {
2023-08-08 18:26:22,671 INFO     ___FILE_ONLY___ 
      "name": "Installed"
2023-08-08 18:26:22,671 INFO     ___FILE_ONLY___ 
    }
2023-08-08 18:26:22,671 INFO     ___FILE_ONLY___ 
  }
2023-08-08 18:26:22,671 INFO     ___FILE_ONLY___ ,
  {
2023-08-08 18:26:22,671 INFO     ___FILE_ONLY___ 
    "current_version_string": "2023.08.04",
2023-08-08 18:26:22,671 INFO     ___FILE_ONLY___ 
    "id": "beta",
2023-08-08 18:26:22,671 INFO     ___FILE_ONLY___ 
    "is_configuration": false,
2023-08-08 18:26:22,671 INFO     ___FILE_ONLY___ 
    "is_hidden": false,
2023-08-08 18:26:22,671 INFO     ___FILE_ONLY___ 
    "latest_version_string": "2023.08.04",
2023-08-08 18:26:22,671 INFO     ___FILE_ONLY___ 
    "name": "gcloud Beta Commands",
2023-08-08 18:26:22,671 INFO     ___FILE_ONLY___ 
    "platform": {
2023-08-08 18:26:22,671 INFO     ___FILE_ONLY___ 
      "architecture": {
2023-08-08 18:26:22,671 INFO     ___FILE_ONLY___ 
        "file_name": "arm",
2023-08-08 18:26:22,671 INFO     ___FILE_ONLY___ 
        "id": "arm",
2023-08-08 18:26:22,671 INFO     ___FILE_ONLY___ 
        "name": "arm"
2023-08-08 18:26:22,671 INFO     ___FILE_ONLY___ 
      },
2023-08-08 18:26:22,671 INFO     ___FILE_ONLY___ 
      "operating_system": {
2023-08-08 18:26:22,671 INFO     ___FILE_ONLY___ 
        "clean_version": "22.6.0",
2023-08-08 18:26:22,671 INFO     ___FILE_ONLY___ 
        "file_name": "darwin",
2023-08-08 18:26:22,671 INFO     ___FILE_ONLY___ 
        "id": "MACOSX",
2023-08-08 18:26:22,671 INFO     ___FILE_ONLY___ 
        "name": "Mac OS X",
2023-08-08 18:26:22,671 INFO     ___FILE_ONLY___ 
        "version": "22.6.0"
2023-08-08 18:26:22,671 INFO     ___FILE_ONLY___ 
      }
2023-08-08 18:26:22,671 INFO     ___FILE_ONLY___ 
    },
2023-08-08 18:26:22,672 INFO     ___FILE_ONLY___ 
    "platform_required": false,
2023-08-08 18:26:22,672 INFO     ___FILE_ONLY___ 
    "size": 797,
2023-08-08 18:26:22,672 INFO     ___FILE_ONLY___ 
    "state": {
2023-08-08 18:26:22,672 INFO     ___FILE_ONLY___ 
      "name": "Installed"
2023-08-08 18:26:22,672 INFO     ___FILE_ONLY___ 
    }
2023-08-08 18:26:22,672 INFO     ___FILE_ONLY___ 
  }
2023-08-08 18:26:22,672 INFO     ___FILE_ONLY___ ,
  {
2023-08-08 18:26:22,672 INFO     ___FILE_ONLY___ 
    "current_version_string": "0.5.3",
2023-08-08 18:26:22,672 INFO     ___FILE_ONLY___ 
    "id": "gke-gcloud-auth-plugin",
2023-08-08 18:26:22,672 INFO     ___FILE_ONLY___ 
    "is_configuration": false,
2023-08-08 18:26:22,672 INFO     ___FILE_ONLY___ 
    "is_hidden": false,
2023-08-08 18:26:22,672 INFO     ___FILE_ONLY___ 
    "latest_version_string": "0.5.4",
2023-08-08 18:26:22,672 INFO     ___FILE_ONLY___ 
    "name": "gke-gcloud-auth-plugin",
2023-08-08 18:26:22,672 INFO     ___FILE_ONLY___ 
    "platform": {
2023-08-08 18:26:22,672 INFO     ___FILE_ONLY___ 
      "architecture": {
2023-08-08 18:26:22,672 INFO     ___FILE_ONLY___ 
        "file_name": "arm",
2023-08-08 18:26:22,672 INFO     ___FILE_ONLY___ 
        "id": "arm",
2023-08-08 18:26:22,672 INFO     ___FILE_ONLY___ 
        "name": "arm"
2023-08-08 18:26:22,672 INFO     ___FILE_ONLY___ 
      },
2023-08-08 18:26:22,672 INFO     ___FILE_ONLY___ 
      "operating_system": {
2023-08-08 18:26:22,672 INFO     ___FILE_ONLY___ 
        "clean_version": "22.6.0",
2023-08-08 18:26:22,672 INFO     ___FILE_ONLY___ 
        "file_name": "darwin",
2023-08-08 18:26:22,672 INFO     ___FILE_ONLY___ 
        "id": "MACOSX",
2023-08-08 18:26:22,672 INFO     ___FILE_ONLY___ 
        "name": "Mac OS X",
2023-08-08 18:26:22,672 INFO     ___FILE_ONLY___ 
        "version": "22.6.0"
2023-08-08 18:26:22,672 INFO     ___FILE_ONLY___ 
      }
2023-08-08 18:26:22,672 INFO     ___FILE_ONLY___ 
    },
2023-08-08 18:26:22,672 INFO     ___FILE_ONLY___ 
    "platform_required": false,
2023-08-08 18:26:22,672 INFO     ___FILE_ONLY___ 
    "size": 7726154,
2023-08-08 18:26:22,672 INFO     ___FILE_ONLY___ 
    "state": {
2023-08-08 18:26:22,673 INFO     ___FILE_ONLY___ 
      "name": "Installed"
2023-08-08 18:26:22,673 INFO     ___FILE_ONLY___ 
    }
2023-08-08 18:26:22,673 INFO     ___FILE_ONLY___ 
  }
2023-08-08 18:26:22,673 INFO     ___FILE_ONLY___ ,
  {
2023-08-08 18:26:22,673 INFO     ___FILE_ONLY___ 
    "current_version_string": "1.26.7",
2023-08-08 18:26:22,673 INFO     ___FILE_ONLY___ 
    "id": "kubectl",
2023-08-08 18:26:22,673 INFO     ___FILE_ONLY___ 
    "is_configuration": false,
2023-08-08 18:26:22,673 INFO     ___FILE_ONLY___ 
    "is_hidden": false,
2023-08-08 18:26:22,673 INFO     ___FILE_ONLY___ 
    "latest_version_string": "1.26.7",
2023-08-08 18:26:22,673 INFO     ___FILE_ONLY___ 
    "name": "kubectl",
2023-08-08 18:26:22,673 INFO     ___FILE_ONLY___ 
    "platform": {
2023-08-08 18:26:22,673 INFO     ___FILE_ONLY___ 
      "architecture": {
2023-08-08 18:26:22,673 INFO     ___FILE_ONLY___ 
        "file_name": "arm",
2023-08-08 18:26:22,673 INFO     ___FILE_ONLY___ 
        "id": "arm",
2023-08-08 18:26:22,673 INFO     ___FILE_ONLY___ 
        "name": "arm"
2023-08-08 18:26:22,673 INFO     ___FILE_ONLY___ 
      },
2023-08-08 18:26:22,673 INFO     ___FILE_ONLY___ 
      "operating_system": {
2023-08-08 18:26:22,673 INFO     ___FILE_ONLY___ 
        "clean_version": "22.6.0",
2023-08-08 18:26:22,673 INFO     ___FILE_ONLY___ 
        "file_name": "darwin",
2023-08-08 18:26:22,673 INFO     ___FILE_ONLY___ 
        "id": "MACOSX",
2023-08-08 18:26:22,673 INFO     ___FILE_ONLY___ 
        "name": "Mac OS X",
2023-08-08 18:26:22,673 INFO     ___FILE_ONLY___ 
        "version": "22.6.0"
2023-08-08 18:26:22,673 INFO     ___FILE_ONLY___ 
      }
2023-08-08 18:26:22,673 INFO     ___FILE_ONLY___ 
    },
2023-08-08 18:26:22,673 INFO     ___FILE_ONLY___ 
    "platform_required": true,
2023-08-08 18:26:22,673 INFO     ___FILE_ONLY___ 
    "size": 35934,
2023-08-08 18:26:22,673 INFO     ___FILE_ONLY___ 
    "state": {
2023-08-08 18:26:22,673 INFO     ___FILE_ONLY___ 
      "name": "Installed"
2023-08-08 18:26:22,673 INFO     ___FILE_ONLY___ 
    }
2023-08-08 18:26:22,673 INFO     ___FILE_ONLY___ 
  }
2023-08-08 18:26:22,673 INFO     ___FILE_ONLY___ 
]

