2023-08-02 10:28:18,682 DEBUG    root            Loaded Command Group: ['gcloud', 'components']
2023-08-02 10:28:18,685 DEBUG    root            Loaded Command Group: ['gcloud', 'components', 'update']
2023-08-02 10:28:18,686 DEBUG    root            Running [gcloud.components.update] with arguments: []
2023-08-02 10:28:18,686 INFO     ___FILE_ONLY___ Beginning update. This process may take several minutes.

2023-08-02 10:28:18,695 DEBUG    urllib3.connectionpool Starting new HTTPS connection (1): dl.google.com:443
2023-08-02 10:28:18,871 DEBUG    urllib3.connectionpool https://dl.google.com:443 "GET /dl/cloudsdk/channels/rapid/components-2.json HTTP/1.1" 200 208274
2023-08-02 10:28:19,013 INFO     ___FILE_ONLY___ 

2023-08-02 10:28:19,014 INFO     ___FILE_ONLY___ 
Your current Google Cloud CLI version is: 398.0.0

2023-08-02 10:28:19,014 INFO     ___FILE_ONLY___ You will be upgraded to version: 441.0.0

2023-08-02 10:28:19,014 INFO     ___FILE_ONLY___ 

2023-08-02 10:28:19,017 INFO     ___FILE_ONLY___ ┌─────────────────────────────────────────────────────────────────────────────┐
2023-08-02 10:28:19,017 INFO     ___FILE_ONLY___ 

2023-08-02 10:28:19,017 INFO     ___FILE_ONLY___ │                      These components will be updated.                      │
2023-08-02 10:28:19,017 INFO     ___FILE_ONLY___ 

2023-08-02 10:28:19,017 INFO     ___FILE_ONLY___ ├─────────────────────────────────────────────────────┬────────────┬──────────┤
2023-08-02 10:28:19,017 INFO     ___FILE_ONLY___ 

2023-08-02 10:28:19,017 INFO     ___FILE_ONLY___ │                         Name                        │  Version   │   Size   │
2023-08-02 10:28:19,017 INFO     ___FILE_ONLY___ 

2023-08-02 10:28:19,017 INFO     ___FILE_ONLY___ ├─────────────────────────────────────────────────────┼────────────┼──────────┤
2023-08-02 10:28:19,017 INFO     ___FILE_ONLY___ 

2023-08-02 10:28:19,017 INFO     ___FILE_ONLY___ │ 
2023-08-02 10:28:19,017 INFO     ___FILE_ONLY___ BigQuery Command Line Tool                         
2023-08-02 10:28:19,018 INFO     ___FILE_ONLY___  
2023-08-02 10:28:19,018 INFO     ___FILE_ONLY___ │ 
2023-08-02 10:28:19,018 INFO     ___FILE_ONLY___     2.0.95
2023-08-02 10:28:19,018 INFO     ___FILE_ONLY___  
2023-08-02 10:28:19,018 INFO     ___FILE_ONLY___ │ 
2023-08-02 10:28:19,018 INFO     ___FILE_ONLY___  1.6 MiB
2023-08-02 10:28:19,018 INFO     ___FILE_ONLY___  
2023-08-02 10:28:19,018 INFO     ___FILE_ONLY___ │
2023-08-02 10:28:19,018 INFO     ___FILE_ONLY___ 

2023-08-02 10:28:19,018 INFO     ___FILE_ONLY___ │ 
2023-08-02 10:28:19,018 INFO     ___FILE_ONLY___ BigQuery Command Line Tool (Platform Specific)     
2023-08-02 10:28:19,018 INFO     ___FILE_ONLY___  
2023-08-02 10:28:19,018 INFO     ___FILE_ONLY___ │ 
2023-08-02 10:28:19,018 INFO     ___FILE_ONLY___     2.0.77
2023-08-02 10:28:19,018 INFO     ___FILE_ONLY___  
2023-08-02 10:28:19,018 INFO     ___FILE_ONLY___ │ 
2023-08-02 10:28:19,018 INFO     ___FILE_ONLY___  < 1 MiB
2023-08-02 10:28:19,018 INFO     ___FILE_ONLY___  
2023-08-02 10:28:19,018 INFO     ___FILE_ONLY___ │
2023-08-02 10:28:19,018 INFO     ___FILE_ONLY___ 

2023-08-02 10:28:19,018 INFO     ___FILE_ONLY___ │ 
2023-08-02 10:28:19,018 INFO     ___FILE_ONLY___ Cloud Storage Command Line Tool                    
2023-08-02 10:28:19,018 INFO     ___FILE_ONLY___  
2023-08-02 10:28:19,018 INFO     ___FILE_ONLY___ │ 
2023-08-02 10:28:19,018 INFO     ___FILE_ONLY___       5.25
2023-08-02 10:28:19,018 INFO     ___FILE_ONLY___  
2023-08-02 10:28:19,018 INFO     ___FILE_ONLY___ │ 
2023-08-02 10:28:19,018 INFO     ___FILE_ONLY___ 11.3 MiB
2023-08-02 10:28:19,018 INFO     ___FILE_ONLY___  
2023-08-02 10:28:19,018 INFO     ___FILE_ONLY___ │
2023-08-02 10:28:19,018 INFO     ___FILE_ONLY___ 

2023-08-02 10:28:19,018 INFO     ___FILE_ONLY___ │ 
2023-08-02 10:28:19,018 INFO     ___FILE_ONLY___ Cloud Storage Command Line Tool (Platform Specific)
2023-08-02 10:28:19,018 INFO     ___FILE_ONLY___  
2023-08-02 10:28:19,018 INFO     ___FILE_ONLY___ │ 
2023-08-02 10:28:19,018 INFO     ___FILE_ONLY___       5.13
2023-08-02 10:28:19,018 INFO     ___FILE_ONLY___  
2023-08-02 10:28:19,018 INFO     ___FILE_ONLY___ │ 
2023-08-02 10:28:19,018 INFO     ___FILE_ONLY___  < 1 MiB
2023-08-02 10:28:19,018 INFO     ___FILE_ONLY___  
2023-08-02 10:28:19,018 INFO     ___FILE_ONLY___ │
2023-08-02 10:28:19,018 INFO     ___FILE_ONLY___ 

2023-08-02 10:28:19,018 INFO     ___FILE_ONLY___ │ 
2023-08-02 10:28:19,018 INFO     ___FILE_ONLY___ Google Cloud CLI Core Libraries                    
2023-08-02 10:28:19,018 INFO     ___FILE_ONLY___  
2023-08-02 10:28:19,018 INFO     ___FILE_ONLY___ │ 
2023-08-02 10:28:19,019 INFO     ___FILE_ONLY___ 2023.07.28
2023-08-02 10:28:19,019 INFO     ___FILE_ONLY___  
2023-08-02 10:28:19,019 INFO     ___FILE_ONLY___ │ 
2023-08-02 10:28:19,019 INFO     ___FILE_ONLY___ 21.4 MiB
2023-08-02 10:28:19,019 INFO     ___FILE_ONLY___  
2023-08-02 10:28:19,019 INFO     ___FILE_ONLY___ │
2023-08-02 10:28:19,019 INFO     ___FILE_ONLY___ 

2023-08-02 10:28:19,019 INFO     ___FILE_ONLY___ │ 
2023-08-02 10:28:19,019 INFO     ___FILE_ONLY___ Google Cloud CLI Core Libraries (Platform Specific)
2023-08-02 10:28:19,019 INFO     ___FILE_ONLY___  
2023-08-02 10:28:19,019 INFO     ___FILE_ONLY___ │ 
2023-08-02 10:28:19,019 INFO     ___FILE_ONLY___ 2022.09.20
2023-08-02 10:28:19,019 INFO     ___FILE_ONLY___  
2023-08-02 10:28:19,019 INFO     ___FILE_ONLY___ │ 
2023-08-02 10:28:19,019 INFO     ___FILE_ONLY___  < 1 MiB
2023-08-02 10:28:19,019 INFO     ___FILE_ONLY___  
2023-08-02 10:28:19,019 INFO     ___FILE_ONLY___ │
2023-08-02 10:28:19,019 INFO     ___FILE_ONLY___ 

2023-08-02 10:28:19,019 INFO     ___FILE_ONLY___ │ 
2023-08-02 10:28:19,019 INFO     ___FILE_ONLY___ Google Cloud CRC32C Hash Tool                      
2023-08-02 10:28:19,019 INFO     ___FILE_ONLY___  
2023-08-02 10:28:19,019 INFO     ___FILE_ONLY___ │ 
2023-08-02 10:28:19,019 INFO     ___FILE_ONLY___      1.0.0
2023-08-02 10:28:19,019 INFO     ___FILE_ONLY___  
2023-08-02 10:28:19,019 INFO     ___FILE_ONLY___ │ 
2023-08-02 10:28:19,019 INFO     ___FILE_ONLY___  1.2 MiB
2023-08-02 10:28:19,019 INFO     ___FILE_ONLY___  
2023-08-02 10:28:19,019 INFO     ___FILE_ONLY___ │
2023-08-02 10:28:19,019 INFO     ___FILE_ONLY___ 

2023-08-02 10:28:19,019 INFO     ___FILE_ONLY___ │ 
2023-08-02 10:28:19,019 INFO     ___FILE_ONLY___ anthoscli                                          
2023-08-02 10:28:19,019 INFO     ___FILE_ONLY___  
2023-08-02 10:28:19,019 INFO     ___FILE_ONLY___ │ 
2023-08-02 10:28:19,019 INFO     ___FILE_ONLY___     0.2.38
2023-08-02 10:28:19,019 INFO     ___FILE_ONLY___  
2023-08-02 10:28:19,019 INFO     ___FILE_ONLY___ │ 
2023-08-02 10:28:19,019 INFO     ___FILE_ONLY___ 66.5 MiB
2023-08-02 10:28:19,019 INFO     ___FILE_ONLY___  
2023-08-02 10:28:19,019 INFO     ___FILE_ONLY___ │
2023-08-02 10:28:19,019 INFO     ___FILE_ONLY___ 

2023-08-02 10:28:19,019 INFO     ___FILE_ONLY___ │ 
2023-08-02 10:28:19,019 INFO     ___FILE_ONLY___ gcloud cli dependencies                            
2023-08-02 10:28:19,019 INFO     ___FILE_ONLY___  
2023-08-02 10:28:19,019 INFO     ___FILE_ONLY___ │ 
2023-08-02 10:28:19,019 INFO     ___FILE_ONLY___ 2023.07.07
2023-08-02 10:28:19,019 INFO     ___FILE_ONLY___  
2023-08-02 10:28:19,019 INFO     ___FILE_ONLY___ │ 
2023-08-02 10:28:19,019 INFO     ___FILE_ONLY___ 11.1 MiB
2023-08-02 10:28:19,019 INFO     ___FILE_ONLY___  
2023-08-02 10:28:19,019 INFO     ___FILE_ONLY___ │
2023-08-02 10:28:19,020 INFO     ___FILE_ONLY___ 

2023-08-02 10:28:19,020 INFO     ___FILE_ONLY___ └─────────────────────────────────────────────────────┴────────────┴──────────┘
2023-08-02 10:28:19,020 INFO     ___FILE_ONLY___ 

2023-08-02 10:28:19,020 INFO     ___FILE_ONLY___ ┌────────────────────────────────────────────────┐
2023-08-02 10:28:19,020 INFO     ___FILE_ONLY___ 

2023-08-02 10:28:19,020 INFO     ___FILE_ONLY___ │      These components will be installed.       │
2023-08-02 10:28:19,020 INFO     ___FILE_ONLY___ 

2023-08-02 10:28:19,020 INFO     ___FILE_ONLY___ ├─────────────────────────┬────────────┬─────────┤
2023-08-02 10:28:19,020 INFO     ___FILE_ONLY___ 

2023-08-02 10:28:19,020 INFO     ___FILE_ONLY___ │           Name          │  Version   │   Size  │
2023-08-02 10:28:19,020 INFO     ___FILE_ONLY___ 

2023-08-02 10:28:19,020 INFO     ___FILE_ONLY___ ├─────────────────────────┼────────────┼─────────┤
2023-08-02 10:28:19,020 INFO     ___FILE_ONLY___ 

2023-08-02 10:28:19,020 INFO     ___FILE_ONLY___ │ 
2023-08-02 10:28:19,020 INFO     ___FILE_ONLY___ gcloud cli dependencies
2023-08-02 10:28:19,020 INFO     ___FILE_ONLY___  
2023-08-02 10:28:19,020 INFO     ___FILE_ONLY___ │ 
2023-08-02 10:28:19,020 INFO     ___FILE_ONLY___ 2021.04.16
2023-08-02 10:28:19,020 INFO     ___FILE_ONLY___  
2023-08-02 10:28:19,020 INFO     ___FILE_ONLY___ │ 
2023-08-02 10:28:19,020 INFO     ___FILE_ONLY___ < 1 MiB
2023-08-02 10:28:19,021 INFO     ___FILE_ONLY___  
2023-08-02 10:28:19,021 INFO     ___FILE_ONLY___ │
2023-08-02 10:28:19,021 INFO     ___FILE_ONLY___ 

2023-08-02 10:28:19,021 INFO     ___FILE_ONLY___ └─────────────────────────┴────────────┴─────────┘
2023-08-02 10:28:19,021 INFO     ___FILE_ONLY___ 

2023-08-02 10:28:19,021 INFO     ___FILE_ONLY___ 

2023-08-02 10:28:19,023 DEBUG    urllib3.connectionpool Starting new HTTPS connection (1): dl.google.com:443
2023-08-02 10:28:19,197 DEBUG    urllib3.connectionpool https://dl.google.com:443 "GET /dl/cloudsdk/channels/rapid/RELEASE_NOTES HTTP/1.1" 200 1050956
2023-08-02 10:28:19,417 INFO     ___FILE_ONLY___ A lot has changed since your last upgrade.  For the latest full release notes,
please visit:
  https://cloud.google.com/sdk/release_notes


2023-08-02 10:28:21,374 INFO     ___FILE_ONLY___ ╔════════════════════════════════════════════════════════════╗

2023-08-02 10:28:21,374 INFO     ___FILE_ONLY___ ╠═ Creating update staging area                             ═╣

2023-08-02 10:28:21,374 INFO     ___FILE_ONLY___ ╚
2023-08-02 10:28:21,375 INFO     ___FILE_ONLY___ ══════
2023-08-02 10:28:21,375 INFO     ___FILE_ONLY___ ══════
2023-08-02 10:28:21,375 INFO     ___FILE_ONLY___ ══════
2023-08-02 10:28:21,863 INFO     ___FILE_ONLY___ ═
2023-08-02 10:28:22,028 INFO     ___FILE_ONLY___ ═
2023-08-02 10:28:22,302 INFO     ___FILE_ONLY___ ═
2023-08-02 10:28:22,605 INFO     ___FILE_ONLY___ ═
2023-08-02 10:28:22,828 INFO     ___FILE_ONLY___ ═
2023-08-02 10:28:23,067 INFO     ___FILE_ONLY___ ═
2023-08-02 10:28:23,348 INFO     ___FILE_ONLY___ ═
2023-08-02 10:28:23,617 INFO     ___FILE_ONLY___ ═
2023-08-02 10:28:23,790 INFO     ___FILE_ONLY___ ═
2023-08-02 10:28:24,080 INFO     ___FILE_ONLY___ ═
2023-08-02 10:28:24,287 INFO     ___FILE_ONLY___ ═
2023-08-02 10:28:24,642 INFO     ___FILE_ONLY___ ═
2023-08-02 10:28:25,091 INFO     ___FILE_ONLY___ ═
2023-08-02 10:28:25,454 INFO     ___FILE_ONLY___ ═
2023-08-02 10:28:25,613 INFO     ___FILE_ONLY___ ═
2023-08-02 10:28:25,770 INFO     ___FILE_ONLY___ ═
2023-08-02 10:28:25,946 INFO     ___FILE_ONLY___ ═
2023-08-02 10:28:26,150 INFO     ___FILE_ONLY___ ═
2023-08-02 10:28:26,336 INFO     ___FILE_ONLY___ ═
2023-08-02 10:28:26,541 INFO     ___FILE_ONLY___ ═
2023-08-02 10:28:26,752 INFO     ___FILE_ONLY___ ═
2023-08-02 10:28:26,946 INFO     ___FILE_ONLY___ ═
2023-08-02 10:28:27,133 INFO     ___FILE_ONLY___ ═
2023-08-02 10:28:27,360 INFO     ___FILE_ONLY___ ═
2023-08-02 10:28:27,577 INFO     ___FILE_ONLY___ ═
2023-08-02 10:28:27,782 INFO     ___FILE_ONLY___ ═
2023-08-02 10:28:27,970 INFO     ___FILE_ONLY___ ═
2023-08-02 10:28:28,183 INFO     ___FILE_ONLY___ ═
2023-08-02 10:28:28,359 INFO     ___FILE_ONLY___ ═
2023-08-02 10:28:28,571 INFO     ___FILE_ONLY___ ═
2023-08-02 10:28:28,756 INFO     ___FILE_ONLY___ ═
2023-08-02 10:28:28,963 INFO     ___FILE_ONLY___ ═
2023-08-02 10:28:29,219 INFO     ___FILE_ONLY___ ═
2023-08-02 10:28:29,386 INFO     ___FILE_ONLY___ ═
2023-08-02 10:28:29,556 INFO     ___FILE_ONLY___ ═
2023-08-02 10:28:29,734 INFO     ___FILE_ONLY___ ═
2023-08-02 10:28:29,899 INFO     ___FILE_ONLY___ ═
2023-08-02 10:28:30,290 INFO     ___FILE_ONLY___ ═
2023-08-02 10:28:30,516 INFO     ___FILE_ONLY___ ═
2023-08-02 10:28:30,992 INFO     ___FILE_ONLY___ ═
2023-08-02 10:28:31,083 INFO     ___FILE_ONLY___ ═
2023-08-02 10:28:31,180 INFO     ___FILE_ONLY___ ═
2023-08-02 10:28:31,180 INFO     ___FILE_ONLY___ ╝
2023-08-02 10:28:32,361 INFO     ___FILE_ONLY___ ╠════════════════════════════════════════════════════════════╣

2023-08-02 10:28:32,362 INFO     ___FILE_ONLY___ ╠═ Uninstalling: BigQuery Command Line Tool                 ═╣

2023-08-02 10:28:32,362 INFO     ___FILE_ONLY___ ╚
2023-08-02 10:28:32,367 INFO     ___FILE_ONLY___ ═
2023-08-02 10:28:32,370 INFO     ___FILE_ONLY___ ═
2023-08-02 10:28:32,375 INFO     ___FILE_ONLY___ ═
2023-08-02 10:28:32,383 INFO     ___FILE_ONLY___ ═
2023-08-02 10:28:32,388 INFO     ___FILE_ONLY___ ═
2023-08-02 10:28:32,393 INFO     ___FILE_ONLY___ ═
2023-08-02 10:28:32,396 INFO     ___FILE_ONLY___ ═
2023-08-02 10:28:32,398 INFO     ___FILE_ONLY___ ═
2023-08-02 10:28:32,399 INFO     ___FILE_ONLY___ ═
2023-08-02 10:28:32,401 INFO     ___FILE_ONLY___ ═
2023-08-02 10:28:32,403 INFO     ___FILE_ONLY___ ═
2023-08-02 10:28:32,405 INFO     ___FILE_ONLY___ ═
2023-08-02 10:28:32,406 INFO     ___FILE_ONLY___ ═
2023-08-02 10:28:32,408 INFO     ___FILE_ONLY___ ═
2023-08-02 10:28:32,409 INFO     ___FILE_ONLY___ ═
2023-08-02 10:28:32,411 INFO     ___FILE_ONLY___ ═
2023-08-02 10:28:32,413 INFO     ___FILE_ONLY___ ═
2023-08-02 10:28:32,414 INFO     ___FILE_ONLY___ ═
2023-08-02 10:28:32,416 INFO     ___FILE_ONLY___ ═
2023-08-02 10:28:32,419 INFO     ___FILE_ONLY___ ═
2023-08-02 10:28:32,420 INFO     ___FILE_ONLY___ ═
2023-08-02 10:28:32,422 INFO     ___FILE_ONLY___ ═
2023-08-02 10:28:32,423 INFO     ___FILE_ONLY___ ═
2023-08-02 10:28:32,425 INFO     ___FILE_ONLY___ ═
2023-08-02 10:28:32,426 INFO     ___FILE_ONLY___ ═
2023-08-02 10:28:32,427 INFO     ___FILE_ONLY___ ═
2023-08-02 10:28:32,429 INFO     ___FILE_ONLY___ ═
2023-08-02 10:28:32,430 INFO     ___FILE_ONLY___ ═
2023-08-02 10:28:32,431 INFO     ___FILE_ONLY___ ═
2023-08-02 10:28:32,432 INFO     ___FILE_ONLY___ ═
2023-08-02 10:28:32,434 INFO     ___FILE_ONLY___ ═
2023-08-02 10:28:32,436 INFO     ___FILE_ONLY___ ═
2023-08-02 10:28:32,438 INFO     ___FILE_ONLY___ ═
2023-08-02 10:28:32,439 INFO     ___FILE_ONLY___ ═
2023-08-02 10:28:32,441 INFO     ___FILE_ONLY___ ═
2023-08-02 10:28:32,442 INFO     ___FILE_ONLY___ ═
2023-08-02 10:28:32,444 INFO     ___FILE_ONLY___ ═
2023-08-02 10:28:32,447 INFO     ___FILE_ONLY___ ═
2023-08-02 10:28:32,449 INFO     ___FILE_ONLY___ ═
2023-08-02 10:28:32,450 INFO     ___FILE_ONLY___ ═
2023-08-02 10:28:32,452 INFO     ___FILE_ONLY___ ═
2023-08-02 10:28:32,453 INFO     ___FILE_ONLY___ ═
2023-08-02 10:28:32,455 INFO     ___FILE_ONLY___ ═
2023-08-02 10:28:32,456 INFO     ___FILE_ONLY___ ═
2023-08-02 10:28:32,458 INFO     ___FILE_ONLY___ ═
2023-08-02 10:28:32,460 INFO     ___FILE_ONLY___ ═
2023-08-02 10:28:32,462 INFO     ___FILE_ONLY___ ═
2023-08-02 10:28:32,464 INFO     ___FILE_ONLY___ ═
2023-08-02 10:28:32,466 INFO     ___FILE_ONLY___ ═
2023-08-02 10:28:32,467 INFO     ___FILE_ONLY___ ═
2023-08-02 10:28:32,469 INFO     ___FILE_ONLY___ ═
2023-08-02 10:28:32,470 INFO     ___FILE_ONLY___ ═
2023-08-02 10:28:32,473 INFO     ___FILE_ONLY___ ═
2023-08-02 10:28:32,475 INFO     ___FILE_ONLY___ ═
2023-08-02 10:28:32,476 INFO     ___FILE_ONLY___ ═
2023-08-02 10:28:32,478 INFO     ___FILE_ONLY___ ═
2023-08-02 10:28:32,479 INFO     ___FILE_ONLY___ ═
2023-08-02 10:28:32,481 INFO     ___FILE_ONLY___ ═
2023-08-02 10:28:32,482 INFO     ___FILE_ONLY___ ═
2023-08-02 10:28:32,483 INFO     ___FILE_ONLY___ ═
2023-08-02 10:28:32,483 INFO     ___FILE_ONLY___ ╝
2023-08-02 10:28:32,545 INFO     ___FILE_ONLY___ ╠════════════════════════════════════════════════════════════╣

2023-08-02 10:28:32,546 INFO     ___FILE_ONLY___ ╠═ Uninstalling: BigQuery Command Line Tool (Platform Sp... ═╣

2023-08-02 10:28:32,546 INFO     ___FILE_ONLY___ ╚
2023-08-02 10:28:32,546 INFO     ___FILE_ONLY___ ════════════════════════════════════════════════════════════
2023-08-02 10:28:32,546 INFO     ___FILE_ONLY___ ╝
2023-08-02 10:28:32,547 INFO     ___FILE_ONLY___ ╠════════════════════════════════════════════════════════════╣

2023-08-02 10:28:32,547 INFO     ___FILE_ONLY___ ╠═ Uninstalling: Cloud Storage Command Line Tool            ═╣

2023-08-02 10:28:32,547 INFO     ___FILE_ONLY___ ╚
2023-08-02 10:28:32,563 INFO     ___FILE_ONLY___ ═
2023-08-02 10:28:32,593 INFO     ___FILE_ONLY___ ═
2023-08-02 10:28:32,621 INFO     ___FILE_ONLY___ ═
2023-08-02 10:28:32,638 INFO     ___FILE_ONLY___ ═
2023-08-02 10:28:32,658 INFO     ___FILE_ONLY___ ═
2023-08-02 10:28:32,680 INFO     ___FILE_ONLY___ ═
2023-08-02 10:28:32,697 INFO     ___FILE_ONLY___ ═
2023-08-02 10:28:32,714 INFO     ___FILE_ONLY___ ═
2023-08-02 10:28:32,731 INFO     ___FILE_ONLY___ ═
2023-08-02 10:28:32,752 INFO     ___FILE_ONLY___ ═
2023-08-02 10:28:32,788 INFO     ___FILE_ONLY___ ═
2023-08-02 10:28:32,816 INFO     ___FILE_ONLY___ ═
2023-08-02 10:28:32,842 INFO     ___FILE_ONLY___ ═
2023-08-02 10:28:32,876 INFO     ___FILE_ONLY___ ═
2023-08-02 10:28:32,906 INFO     ___FILE_ONLY___ ═
2023-08-02 10:28:32,933 INFO     ___FILE_ONLY___ ═
2023-08-02 10:28:32,969 INFO     ___FILE_ONLY___ ═
2023-08-02 10:28:32,989 INFO     ___FILE_ONLY___ ═
2023-08-02 10:28:33,021 INFO     ___FILE_ONLY___ ═
2023-08-02 10:28:33,052 INFO     ___FILE_ONLY___ ═
2023-08-02 10:28:33,075 INFO     ___FILE_ONLY___ ═
2023-08-02 10:28:33,089 INFO     ___FILE_ONLY___ ═
2023-08-02 10:28:33,105 INFO     ___FILE_ONLY___ ═
2023-08-02 10:28:33,120 INFO     ___FILE_ONLY___ ═
2023-08-02 10:28:33,135 INFO     ___FILE_ONLY___ ═
2023-08-02 10:28:33,150 INFO     ___FILE_ONLY___ ═
2023-08-02 10:28:33,163 INFO     ___FILE_ONLY___ ═
2023-08-02 10:28:33,181 INFO     ___FILE_ONLY___ ═
2023-08-02 10:28:33,195 INFO     ___FILE_ONLY___ ═
2023-08-02 10:28:33,217 INFO     ___FILE_ONLY___ ═
2023-08-02 10:28:33,231 INFO     ___FILE_ONLY___ ═
2023-08-02 10:28:33,245 INFO     ___FILE_ONLY___ ═
2023-08-02 10:28:33,259 INFO     ___FILE_ONLY___ ═
2023-08-02 10:28:33,278 INFO     ___FILE_ONLY___ ═
2023-08-02 10:28:33,295 INFO     ___FILE_ONLY___ ═
2023-08-02 10:28:33,309 INFO     ___FILE_ONLY___ ═
2023-08-02 10:28:33,328 INFO     ___FILE_ONLY___ ═
2023-08-02 10:28:33,341 INFO     ___FILE_ONLY___ ═
2023-08-02 10:28:33,360 INFO     ___FILE_ONLY___ ═
2023-08-02 10:28:33,377 INFO     ___FILE_ONLY___ ═
2023-08-02 10:28:33,397 INFO     ___FILE_ONLY___ ═
2023-08-02 10:28:33,416 INFO     ___FILE_ONLY___ ═
2023-08-02 10:28:33,432 INFO     ___FILE_ONLY___ ═
2023-08-02 10:28:33,454 INFO     ___FILE_ONLY___ ═
2023-08-02 10:28:33,482 INFO     ___FILE_ONLY___ ═
2023-08-02 10:28:33,521 INFO     ___FILE_ONLY___ ═
2023-08-02 10:28:33,556 INFO     ___FILE_ONLY___ ═
2023-08-02 10:28:33,601 INFO     ___FILE_ONLY___ ═
2023-08-02 10:28:33,645 INFO     ___FILE_ONLY___ ═
2023-08-02 10:28:33,664 INFO     ___FILE_ONLY___ ═
2023-08-02 10:28:33,679 INFO     ___FILE_ONLY___ ═
2023-08-02 10:28:33,698 INFO     ___FILE_ONLY___ ═
2023-08-02 10:28:33,717 INFO     ___FILE_ONLY___ ═
2023-08-02 10:28:33,731 INFO     ___FILE_ONLY___ ═
2023-08-02 10:28:33,751 INFO     ___FILE_ONLY___ ═
2023-08-02 10:28:33,772 INFO     ___FILE_ONLY___ ═
2023-08-02 10:28:33,790 INFO     ___FILE_ONLY___ ═
2023-08-02 10:28:33,809 INFO     ___FILE_ONLY___ ═
2023-08-02 10:28:33,845 INFO     ___FILE_ONLY___ ═
2023-08-02 10:28:33,870 INFO     ___FILE_ONLY___ ═
2023-08-02 10:28:33,871 INFO     ___FILE_ONLY___ ╝
2023-08-02 10:28:34,068 INFO     ___FILE_ONLY___ ╠════════════════════════════════════════════════════════════╣

2023-08-02 10:28:34,068 INFO     ___FILE_ONLY___ ╠═ Uninstalling: Cloud Storage Command Line Tool (Platfo... ═╣

2023-08-02 10:28:34,068 INFO     ___FILE_ONLY___ ╚
2023-08-02 10:28:34,069 INFO     ___FILE_ONLY___ ════════════════════════════════════════════════════════════
2023-08-02 10:28:34,069 INFO     ___FILE_ONLY___ ╝
2023-08-02 10:28:34,072 INFO     ___FILE_ONLY___ ╠════════════════════════════════════════════════════════════╣

2023-08-02 10:28:34,072 INFO     ___FILE_ONLY___ ╠═ Uninstalling: Google Cloud CLI Core Libraries            ═╣

2023-08-02 10:28:34,072 INFO     ___FILE_ONLY___ ╚
2023-08-02 10:28:34,148 INFO     ___FILE_ONLY___ ═
2023-08-02 10:28:34,180 INFO     ___FILE_ONLY___ ═
2023-08-02 10:28:34,204 INFO     ___FILE_ONLY___ ═
2023-08-02 10:28:34,235 INFO     ___FILE_ONLY___ ═
2023-08-02 10:28:34,282 INFO     ___FILE_ONLY___ ═
2023-08-02 10:28:34,325 INFO     ___FILE_ONLY___ ═
2023-08-02 10:28:34,378 INFO     ___FILE_ONLY___ ═
2023-08-02 10:28:34,416 INFO     ___FILE_ONLY___ ═
2023-08-02 10:28:34,454 INFO     ___FILE_ONLY___ ═
2023-08-02 10:28:34,485 INFO     ___FILE_ONLY___ ═
2023-08-02 10:28:34,516 INFO     ___FILE_ONLY___ ═
2023-08-02 10:28:34,547 INFO     ___FILE_ONLY___ ═
2023-08-02 10:28:34,575 INFO     ___FILE_ONLY___ ═
2023-08-02 10:28:34,616 INFO     ___FILE_ONLY___ ═
2023-08-02 10:28:34,653 INFO     ___FILE_ONLY___ ═
2023-08-02 10:28:34,688 INFO     ___FILE_ONLY___ ═
2023-08-02 10:28:34,716 INFO     ___FILE_ONLY___ ═
2023-08-02 10:28:34,747 INFO     ___FILE_ONLY___ ═
2023-08-02 10:28:34,782 INFO     ___FILE_ONLY___ ═
2023-08-02 10:28:34,810 INFO     ___FILE_ONLY___ ═
2023-08-02 10:28:34,848 INFO     ___FILE_ONLY___ ═
2023-08-02 10:28:34,881 INFO     ___FILE_ONLY___ ═
2023-08-02 10:28:34,913 INFO     ___FILE_ONLY___ ═
2023-08-02 10:28:34,948 INFO     ___FILE_ONLY___ ═
2023-08-02 10:28:34,983 INFO     ___FILE_ONLY___ ═
2023-08-02 10:28:35,016 INFO     ___FILE_ONLY___ ═
2023-08-02 10:28:35,051 INFO     ___FILE_ONLY___ ═
2023-08-02 10:28:35,085 INFO     ___FILE_ONLY___ ═
2023-08-02 10:28:35,115 INFO     ___FILE_ONLY___ ═
2023-08-02 10:28:35,150 INFO     ___FILE_ONLY___ ═
2023-08-02 10:28:35,186 INFO     ___FILE_ONLY___ ═
2023-08-02 10:28:35,216 INFO     ___FILE_ONLY___ ═
2023-08-02 10:28:35,266 INFO     ___FILE_ONLY___ ═
2023-08-02 10:28:35,296 INFO     ___FILE_ONLY___ ═
2023-08-02 10:28:35,323 INFO     ___FILE_ONLY___ ═
2023-08-02 10:28:35,356 INFO     ___FILE_ONLY___ ═
2023-08-02 10:28:35,384 INFO     ___FILE_ONLY___ ═
2023-08-02 10:28:35,416 INFO     ___FILE_ONLY___ ═
2023-08-02 10:28:35,449 INFO     ___FILE_ONLY___ ═
2023-08-02 10:28:35,481 INFO     ___FILE_ONLY___ ═
2023-08-02 10:28:35,518 INFO     ___FILE_ONLY___ ═
2023-08-02 10:28:35,555 INFO     ___FILE_ONLY___ ═
2023-08-02 10:28:35,597 INFO     ___FILE_ONLY___ ═
2023-08-02 10:28:35,636 INFO     ___FILE_ONLY___ ═
2023-08-02 10:28:35,674 INFO     ___FILE_ONLY___ ═
2023-08-02 10:28:35,715 INFO     ___FILE_ONLY___ ═
2023-08-02 10:28:35,755 INFO     ___FILE_ONLY___ ═
2023-08-02 10:28:35,802 INFO     ___FILE_ONLY___ ═
2023-08-02 10:28:35,842 INFO     ___FILE_ONLY___ ═
2023-08-02 10:28:35,886 INFO     ___FILE_ONLY___ ═
2023-08-02 10:28:35,925 INFO     ___FILE_ONLY___ ═
2023-08-02 10:28:35,963 INFO     ___FILE_ONLY___ ═
2023-08-02 10:28:36,000 INFO     ___FILE_ONLY___ ═
2023-08-02 10:28:36,036 INFO     ___FILE_ONLY___ ═
2023-08-02 10:28:36,073 INFO     ___FILE_ONLY___ ═
2023-08-02 10:28:36,115 INFO     ___FILE_ONLY___ ═
2023-08-02 10:28:36,152 INFO     ___FILE_ONLY___ ═
2023-08-02 10:28:36,195 INFO     ___FILE_ONLY___ ═
2023-08-02 10:28:36,235 INFO     ___FILE_ONLY___ ═
2023-08-02 10:28:36,268 INFO     ___FILE_ONLY___ ═
2023-08-02 10:28:36,269 INFO     ___FILE_ONLY___ ╝
2023-08-02 10:28:36,980 INFO     ___FILE_ONLY___ ╠════════════════════════════════════════════════════════════╣

2023-08-02 10:28:36,980 INFO     ___FILE_ONLY___ ╠═ Uninstalling: Google Cloud CLI Core Libraries (Platfo... ═╣

2023-08-02 10:28:36,980 INFO     ___FILE_ONLY___ ╚
2023-08-02 10:28:36,981 INFO     ___FILE_ONLY___ ══════════════════════════════
2023-08-02 10:28:36,981 INFO     ___FILE_ONLY___ ══════════════════════════════
2023-08-02 10:28:36,981 INFO     ___FILE_ONLY___ ╝
2023-08-02 10:28:36,982 INFO     ___FILE_ONLY___ ╠════════════════════════════════════════════════════════════╣

2023-08-02 10:28:36,982 INFO     ___FILE_ONLY___ ╠═ Uninstalling: Google Cloud CRC32C Hash Tool              ═╣

2023-08-02 10:28:36,982 INFO     ___FILE_ONLY___ ╚
2023-08-02 10:28:36,982 INFO     ___FILE_ONLY___ ══════════════════════════════
2023-08-02 10:28:36,982 INFO     ___FILE_ONLY___ ══════════════════════════════
2023-08-02 10:28:36,983 INFO     ___FILE_ONLY___ ╝
2023-08-02 10:28:36,984 INFO     ___FILE_ONLY___ ╠════════════════════════════════════════════════════════════╣

2023-08-02 10:28:36,984 INFO     ___FILE_ONLY___ ╠═ Uninstalling: anthoscli                                  ═╣

2023-08-02 10:28:36,984 INFO     ___FILE_ONLY___ ╚
2023-08-02 10:28:36,984 INFO     ___FILE_ONLY___ ════════════════════
2023-08-02 10:28:36,985 INFO     ___FILE_ONLY___ ════════════════════
2023-08-02 10:28:36,985 INFO     ___FILE_ONLY___ ════════════════════
2023-08-02 10:28:36,985 INFO     ___FILE_ONLY___ ╝
2023-08-02 10:28:36,987 INFO     ___FILE_ONLY___ ╠════════════════════════════════════════════════════════════╣

2023-08-02 10:28:36,987 INFO     ___FILE_ONLY___ ╠═ Uninstalling: gcloud cli dependencies                    ═╣

2023-08-02 10:28:36,987 INFO     ___FILE_ONLY___ ╚
2023-08-02 10:28:37,002 INFO     ___FILE_ONLY___ ═
2023-08-02 10:28:37,017 INFO     ___FILE_ONLY___ ═
2023-08-02 10:28:37,028 INFO     ___FILE_ONLY___ ═
2023-08-02 10:28:37,040 INFO     ___FILE_ONLY___ ═
2023-08-02 10:28:37,055 INFO     ___FILE_ONLY___ ═
2023-08-02 10:28:37,068 INFO     ___FILE_ONLY___ ═
2023-08-02 10:28:37,079 INFO     ___FILE_ONLY___ ═
2023-08-02 10:28:37,091 INFO     ___FILE_ONLY___ ═
2023-08-02 10:28:37,106 INFO     ___FILE_ONLY___ ═
2023-08-02 10:28:37,117 INFO     ___FILE_ONLY___ ═
2023-08-02 10:28:37,127 INFO     ___FILE_ONLY___ ═
2023-08-02 10:28:37,139 INFO     ___FILE_ONLY___ ═
2023-08-02 10:28:37,149 INFO     ___FILE_ONLY___ ═
2023-08-02 10:28:37,160 INFO     ___FILE_ONLY___ ═
2023-08-02 10:28:37,172 INFO     ___FILE_ONLY___ ═
2023-08-02 10:28:37,184 INFO     ___FILE_ONLY___ ═
2023-08-02 10:28:37,195 INFO     ___FILE_ONLY___ ═
2023-08-02 10:28:37,206 INFO     ___FILE_ONLY___ ═
2023-08-02 10:28:37,218 INFO     ___FILE_ONLY___ ═
2023-08-02 10:28:37,229 INFO     ___FILE_ONLY___ ═
2023-08-02 10:28:37,239 INFO     ___FILE_ONLY___ ═
2023-08-02 10:28:37,252 INFO     ___FILE_ONLY___ ═
2023-08-02 10:28:37,263 INFO     ___FILE_ONLY___ ═
2023-08-02 10:28:37,276 INFO     ___FILE_ONLY___ ═
2023-08-02 10:28:37,286 INFO     ___FILE_ONLY___ ═
2023-08-02 10:28:37,299 INFO     ___FILE_ONLY___ ═
2023-08-02 10:28:37,309 INFO     ___FILE_ONLY___ ═
2023-08-02 10:28:37,319 INFO     ___FILE_ONLY___ ═
2023-08-02 10:28:37,331 INFO     ___FILE_ONLY___ ═
2023-08-02 10:28:37,344 INFO     ___FILE_ONLY___ ═
2023-08-02 10:28:37,354 INFO     ___FILE_ONLY___ ═
2023-08-02 10:28:37,366 INFO     ___FILE_ONLY___ ═
2023-08-02 10:28:37,380 INFO     ___FILE_ONLY___ ═
2023-08-02 10:28:37,392 INFO     ___FILE_ONLY___ ═
2023-08-02 10:28:37,403 INFO     ___FILE_ONLY___ ═
2023-08-02 10:28:37,415 INFO     ___FILE_ONLY___ ═
2023-08-02 10:28:37,428 INFO     ___FILE_ONLY___ ═
2023-08-02 10:28:37,440 INFO     ___FILE_ONLY___ ═
2023-08-02 10:28:37,451 INFO     ___FILE_ONLY___ ═
2023-08-02 10:28:37,464 INFO     ___FILE_ONLY___ ═
2023-08-02 10:28:37,475 INFO     ___FILE_ONLY___ ═
2023-08-02 10:28:37,486 INFO     ___FILE_ONLY___ ═
2023-08-02 10:28:37,499 INFO     ___FILE_ONLY___ ═
2023-08-02 10:28:37,510 INFO     ___FILE_ONLY___ ═
2023-08-02 10:28:37,521 INFO     ___FILE_ONLY___ ═
2023-08-02 10:28:37,532 INFO     ___FILE_ONLY___ ═
2023-08-02 10:28:37,545 INFO     ___FILE_ONLY___ ═
2023-08-02 10:28:37,555 INFO     ___FILE_ONLY___ ═
2023-08-02 10:28:37,565 INFO     ___FILE_ONLY___ ═
2023-08-02 10:28:37,578 INFO     ___FILE_ONLY___ ═
2023-08-02 10:28:37,590 INFO     ___FILE_ONLY___ ═
2023-08-02 10:28:37,600 INFO     ___FILE_ONLY___ ═
2023-08-02 10:28:37,610 INFO     ___FILE_ONLY___ ═
2023-08-02 10:28:37,623 INFO     ___FILE_ONLY___ ═
2023-08-02 10:28:37,633 INFO     ___FILE_ONLY___ ═
2023-08-02 10:28:37,645 INFO     ___FILE_ONLY___ ═
2023-08-02 10:28:37,665 INFO     ___FILE_ONLY___ ═
2023-08-02 10:28:37,678 INFO     ___FILE_ONLY___ ═
2023-08-02 10:28:37,691 INFO     ___FILE_ONLY___ ═
2023-08-02 10:28:37,702 INFO     ___FILE_ONLY___ ═
2023-08-02 10:28:37,703 INFO     ___FILE_ONLY___ ╝
2023-08-02 10:28:38,021 INFO     ___FILE_ONLY___ ╠════════════════════════════════════════════════════════════╣

2023-08-02 10:28:38,021 INFO     ___FILE_ONLY___ ╠═ Installing: BigQuery Command Line Tool                   ═╣

2023-08-02 10:28:38,021 INFO     ___FILE_ONLY___ ╚
2023-08-02 10:28:38,023 DEBUG    urllib3.connectionpool Starting new HTTPS connection (1): dl.google.com:443
2023-08-02 10:28:38,200 DEBUG    urllib3.connectionpool https://dl.google.com:443 "GET /dl/cloudsdk/channels/rapid/components/google-cloud-sdk-bq-20230728162818.tar.gz HTTP/1.1" 200 1703996
2023-08-02 10:28:38,421 INFO     ___FILE_ONLY___ ═
2023-08-02 10:28:38,422 INFO     ___FILE_ONLY___ ═
2023-08-02 10:28:38,422 INFO     ___FILE_ONLY___ ═
2023-08-02 10:28:38,422 INFO     ___FILE_ONLY___ ═
2023-08-02 10:28:38,422 INFO     ___FILE_ONLY___ ═
2023-08-02 10:28:38,422 INFO     ___FILE_ONLY___ ═
2023-08-02 10:28:38,422 INFO     ___FILE_ONLY___ ═
2023-08-02 10:28:38,422 INFO     ___FILE_ONLY___ ═
2023-08-02 10:28:38,422 INFO     ___FILE_ONLY___ ═
2023-08-02 10:28:38,422 INFO     ___FILE_ONLY___ ═
2023-08-02 10:28:38,422 INFO     ___FILE_ONLY___ ═
2023-08-02 10:28:38,422 INFO     ___FILE_ONLY___ ═
2023-08-02 10:28:38,422 INFO     ___FILE_ONLY___ ═
2023-08-02 10:28:38,422 INFO     ___FILE_ONLY___ ═
2023-08-02 10:28:38,422 INFO     ___FILE_ONLY___ ═
2023-08-02 10:28:38,422 INFO     ___FILE_ONLY___ ═
2023-08-02 10:28:38,422 INFO     ___FILE_ONLY___ ═
2023-08-02 10:28:38,423 INFO     ___FILE_ONLY___ ═
2023-08-02 10:28:38,423 INFO     ___FILE_ONLY___ ═
2023-08-02 10:28:38,423 INFO     ___FILE_ONLY___ ═
2023-08-02 10:28:38,423 INFO     ___FILE_ONLY___ ═
2023-08-02 10:28:38,423 INFO     ___FILE_ONLY___ ═
2023-08-02 10:28:38,423 INFO     ___FILE_ONLY___ ═
2023-08-02 10:28:38,423 INFO     ___FILE_ONLY___ ═
2023-08-02 10:28:38,423 INFO     ___FILE_ONLY___ ═
2023-08-02 10:28:38,423 INFO     ___FILE_ONLY___ ═
2023-08-02 10:28:38,423 INFO     ___FILE_ONLY___ ═
2023-08-02 10:28:38,423 INFO     ___FILE_ONLY___ ═
2023-08-02 10:28:38,423 INFO     ___FILE_ONLY___ ═
2023-08-02 10:28:38,423 INFO     ___FILE_ONLY___ ═
2023-08-02 10:28:38,472 INFO     ___FILE_ONLY___ ═
2023-08-02 10:28:38,475 INFO     ___FILE_ONLY___ ═
2023-08-02 10:28:38,478 INFO     ___FILE_ONLY___ ═
2023-08-02 10:28:38,480 INFO     ___FILE_ONLY___ ═
2023-08-02 10:28:38,482 INFO     ___FILE_ONLY___ ═
2023-08-02 10:28:38,485 INFO     ___FILE_ONLY___ ═
2023-08-02 10:28:38,488 INFO     ___FILE_ONLY___ ═
2023-08-02 10:28:38,490 INFO     ___FILE_ONLY___ ═
2023-08-02 10:28:38,493 INFO     ___FILE_ONLY___ ═
2023-08-02 10:28:38,494 INFO     ___FILE_ONLY___ ═
2023-08-02 10:28:38,499 INFO     ___FILE_ONLY___ ═
2023-08-02 10:28:38,501 INFO     ___FILE_ONLY___ ═
2023-08-02 10:28:38,505 INFO     ___FILE_ONLY___ ═
2023-08-02 10:28:38,507 INFO     ___FILE_ONLY___ ═
2023-08-02 10:28:38,528 INFO     ___FILE_ONLY___ ═
2023-08-02 10:28:38,534 INFO     ___FILE_ONLY___ ═
2023-08-02 10:28:38,541 INFO     ___FILE_ONLY___ ═
2023-08-02 10:28:38,543 INFO     ___FILE_ONLY___ ═
2023-08-02 10:28:38,546 INFO     ___FILE_ONLY___ ═
2023-08-02 10:28:38,549 INFO     ___FILE_ONLY___ ═
2023-08-02 10:28:38,551 INFO     ___FILE_ONLY___ ═
2023-08-02 10:28:38,555 INFO     ___FILE_ONLY___ ═
2023-08-02 10:28:38,559 INFO     ___FILE_ONLY___ ═
2023-08-02 10:28:38,561 INFO     ___FILE_ONLY___ ═
2023-08-02 10:28:38,563 INFO     ___FILE_ONLY___ ═
2023-08-02 10:28:38,575 INFO     ___FILE_ONLY___ ═
2023-08-02 10:28:38,578 INFO     ___FILE_ONLY___ ═
2023-08-02 10:28:38,581 INFO     ___FILE_ONLY___ ═
2023-08-02 10:28:38,583 INFO     ___FILE_ONLY___ ═
2023-08-02 10:28:38,586 INFO     ___FILE_ONLY___ ═
2023-08-02 10:28:38,586 INFO     ___FILE_ONLY___ ╝
2023-08-02 10:28:38,592 INFO     ___FILE_ONLY___ ╠════════════════════════════════════════════════════════════╣

2023-08-02 10:28:38,592 INFO     ___FILE_ONLY___ ╠═ Installing: BigQuery Command Line Tool (Platform Spec... ═╣

2023-08-02 10:28:38,592 INFO     ___FILE_ONLY___ ╚
2023-08-02 10:28:38,595 DEBUG    urllib3.connectionpool Starting new HTTPS connection (1): dl.google.com:443
2023-08-02 10:28:38,762 DEBUG    urllib3.connectionpool https://dl.google.com:443 "GET /dl/cloudsdk/channels/rapid/components/google-cloud-sdk-bq-nix-20220920185015.tar.gz HTTP/1.1" 200 1837
2023-08-02 10:28:38,762 INFO     ___FILE_ONLY___ ══════════════════════════════
2023-08-02 10:28:38,763 INFO     ___FILE_ONLY___ ══════════════════════════════
2023-08-02 10:28:38,763 INFO     ___FILE_ONLY___ ╝
2023-08-02 10:28:38,766 INFO     ___FILE_ONLY___ ╠════════════════════════════════════════════════════════════╣

2023-08-02 10:28:38,766 INFO     ___FILE_ONLY___ ╠═ Installing: Cloud Storage Command Line Tool              ═╣

2023-08-02 10:28:38,766 INFO     ___FILE_ONLY___ ╚
2023-08-02 10:28:38,768 DEBUG    urllib3.connectionpool Starting new HTTPS connection (1): dl.google.com:443
2023-08-02 10:28:38,934 DEBUG    urllib3.connectionpool https://dl.google.com:443 "GET /dl/cloudsdk/channels/rapid/components/google-cloud-sdk-gsutil-20230707144938.tar.gz HTTP/1.1" 200 11823782
2023-08-02 10:28:39,419 INFO     ___FILE_ONLY___ ═
2023-08-02 10:28:39,419 INFO     ___FILE_ONLY___ ═
2023-08-02 10:28:39,420 INFO     ___FILE_ONLY___ ═
2023-08-02 10:28:39,422 INFO     ___FILE_ONLY___ ═
2023-08-02 10:28:39,422 INFO     ___FILE_ONLY___ ═
2023-08-02 10:28:39,424 INFO     ___FILE_ONLY___ ═
2023-08-02 10:28:39,426 INFO     ___FILE_ONLY___ ═
2023-08-02 10:28:39,427 INFO     ___FILE_ONLY___ ═
2023-08-02 10:28:39,430 INFO     ___FILE_ONLY___ ═
2023-08-02 10:28:39,434 INFO     ___FILE_ONLY___ ═
2023-08-02 10:28:39,440 INFO     ___FILE_ONLY___ ═
2023-08-02 10:28:39,444 INFO     ___FILE_ONLY___ ═
2023-08-02 10:28:39,444 INFO     ___FILE_ONLY___ ═
2023-08-02 10:28:39,446 INFO     ___FILE_ONLY___ ═
2023-08-02 10:28:39,447 INFO     ___FILE_ONLY___ ═
2023-08-02 10:28:39,449 INFO     ___FILE_ONLY___ ═
2023-08-02 10:28:39,450 INFO     ___FILE_ONLY___ ═
2023-08-02 10:28:39,450 INFO     ___FILE_ONLY___ ═
2023-08-02 10:28:39,450 INFO     ___FILE_ONLY___ ═
2023-08-02 10:28:39,450 INFO     ___FILE_ONLY___ ═
2023-08-02 10:28:39,451 INFO     ___FILE_ONLY___ ═
2023-08-02 10:28:39,451 INFO     ___FILE_ONLY___ ═
2023-08-02 10:28:39,451 INFO     ___FILE_ONLY___ ═
2023-08-02 10:28:39,452 INFO     ___FILE_ONLY___ ═
2023-08-02 10:28:39,452 INFO     ___FILE_ONLY___ ═
2023-08-02 10:28:39,452 INFO     ___FILE_ONLY___ ═
2023-08-02 10:28:39,452 INFO     ___FILE_ONLY___ ═
2023-08-02 10:28:39,452 INFO     ___FILE_ONLY___ ═
2023-08-02 10:28:39,453 INFO     ___FILE_ONLY___ ═
2023-08-02 10:28:39,453 INFO     ___FILE_ONLY___ ═
2023-08-02 10:28:39,731 INFO     ___FILE_ONLY___ ═
2023-08-02 10:28:39,755 INFO     ___FILE_ONLY___ ═
2023-08-02 10:28:39,778 INFO     ___FILE_ONLY___ ═
2023-08-02 10:28:39,798 INFO     ___FILE_ONLY___ ═
2023-08-02 10:28:39,815 INFO     ___FILE_ONLY___ ═
2023-08-02 10:28:39,831 INFO     ___FILE_ONLY___ ═
2023-08-02 10:28:39,849 INFO     ___FILE_ONLY___ ═
2023-08-02 10:28:39,867 INFO     ___FILE_ONLY___ ═
2023-08-02 10:28:39,888 INFO     ___FILE_ONLY___ ═
2023-08-02 10:28:39,913 INFO     ___FILE_ONLY___ ═
2023-08-02 10:28:39,939 INFO     ___FILE_ONLY___ ═
2023-08-02 10:28:39,963 INFO     ___FILE_ONLY___ ═
2023-08-02 10:28:39,991 INFO     ___FILE_ONLY___ ═
2023-08-02 10:28:40,014 INFO     ___FILE_ONLY___ ═
2023-08-02 10:28:40,038 INFO     ___FILE_ONLY___ ═
2023-08-02 10:28:40,057 INFO     ___FILE_ONLY___ ═
2023-08-02 10:28:40,072 INFO     ___FILE_ONLY___ ═
2023-08-02 10:28:40,093 INFO     ___FILE_ONLY___ ═
2023-08-02 10:28:40,117 INFO     ___FILE_ONLY___ ═
2023-08-02 10:28:40,139 INFO     ___FILE_ONLY___ ═
2023-08-02 10:28:40,162 INFO     ___FILE_ONLY___ ═
2023-08-02 10:28:40,184 INFO     ___FILE_ONLY___ ═
2023-08-02 10:28:40,205 INFO     ___FILE_ONLY___ ═
2023-08-02 10:28:40,235 INFO     ___FILE_ONLY___ ═
2023-08-02 10:28:40,256 INFO     ___FILE_ONLY___ ═
2023-08-02 10:28:40,277 INFO     ___FILE_ONLY___ ═
2023-08-02 10:28:40,295 INFO     ___FILE_ONLY___ ═
2023-08-02 10:28:40,318 INFO     ___FILE_ONLY___ ═
2023-08-02 10:28:40,339 INFO     ___FILE_ONLY___ ═
2023-08-02 10:28:40,359 INFO     ___FILE_ONLY___ ═
2023-08-02 10:28:40,359 INFO     ___FILE_ONLY___ ╝
2023-08-02 10:28:40,379 INFO     ___FILE_ONLY___ ╠════════════════════════════════════════════════════════════╣

2023-08-02 10:28:40,379 INFO     ___FILE_ONLY___ ╠═ Installing: Cloud Storage Command Line Tool (Platform... ═╣

2023-08-02 10:28:40,379 INFO     ___FILE_ONLY___ ╚
2023-08-02 10:28:40,383 DEBUG    urllib3.connectionpool Starting new HTTPS connection (1): dl.google.com:443
2023-08-02 10:28:40,552 DEBUG    urllib3.connectionpool https://dl.google.com:443 "GET /dl/cloudsdk/channels/rapid/components/google-cloud-sdk-gsutil-nix-20220920185015.tar.gz HTTP/1.1" 200 1851
2023-08-02 10:28:40,552 INFO     ___FILE_ONLY___ ══════════════════════════════
2023-08-02 10:28:40,553 INFO     ___FILE_ONLY___ ══════════════════════════════
2023-08-02 10:28:40,553 INFO     ___FILE_ONLY___ ╝
2023-08-02 10:28:40,555 INFO     ___FILE_ONLY___ ╠════════════════════════════════════════════════════════════╣

2023-08-02 10:28:40,555 INFO     ___FILE_ONLY___ ╠═ Installing: Google Cloud CLI Core Libraries              ═╣

2023-08-02 10:28:40,555 INFO     ___FILE_ONLY___ ╚
2023-08-02 10:28:40,557 DEBUG    urllib3.connectionpool Starting new HTTPS connection (1): dl.google.com:443
2023-08-02 10:28:40,725 DEBUG    urllib3.connectionpool https://dl.google.com:443 "GET /dl/cloudsdk/channels/rapid/components/google-cloud-sdk-core-20230728162818.tar.gz HTTP/1.1" 200 22392577
2023-08-02 10:28:41,469 INFO     ___FILE_ONLY___ ═
2023-08-02 10:28:41,470 INFO     ___FILE_ONLY___ ═
2023-08-02 10:28:41,470 INFO     ___FILE_ONLY___ ═
2023-08-02 10:28:41,471 INFO     ___FILE_ONLY___ ═
2023-08-02 10:28:41,472 INFO     ___FILE_ONLY___ ═
2023-08-02 10:28:41,473 INFO     ___FILE_ONLY___ ═
2023-08-02 10:28:41,474 INFO     ___FILE_ONLY___ ═
2023-08-02 10:28:41,475 INFO     ___FILE_ONLY___ ═
2023-08-02 10:28:41,476 INFO     ___FILE_ONLY___ ═
2023-08-02 10:28:41,476 INFO     ___FILE_ONLY___ ═
2023-08-02 10:28:41,477 INFO     ___FILE_ONLY___ ═
2023-08-02 10:28:41,478 INFO     ___FILE_ONLY___ ═
2023-08-02 10:28:41,479 INFO     ___FILE_ONLY___ ═
2023-08-02 10:28:41,480 INFO     ___FILE_ONLY___ ═
2023-08-02 10:28:41,481 INFO     ___FILE_ONLY___ ═
2023-08-02 10:28:41,481 INFO     ___FILE_ONLY___ ═
2023-08-02 10:28:41,483 INFO     ___FILE_ONLY___ ═
2023-08-02 10:28:41,485 INFO     ___FILE_ONLY___ ═
2023-08-02 10:28:41,487 INFO     ___FILE_ONLY___ ═
2023-08-02 10:28:41,489 INFO     ___FILE_ONLY___ ═
2023-08-02 10:28:41,492 INFO     ___FILE_ONLY___ ═
2023-08-02 10:28:41,493 INFO     ___FILE_ONLY___ ═
2023-08-02 10:28:41,494 INFO     ___FILE_ONLY___ ═
2023-08-02 10:28:41,495 INFO     ___FILE_ONLY___ ═
2023-08-02 10:28:41,495 INFO     ___FILE_ONLY___ ═
2023-08-02 10:28:41,496 INFO     ___FILE_ONLY___ ═
2023-08-02 10:28:41,497 INFO     ___FILE_ONLY___ ═
2023-08-02 10:28:41,498 INFO     ___FILE_ONLY___ ═
2023-08-02 10:28:41,499 INFO     ___FILE_ONLY___ ═
2023-08-02 10:28:41,499 INFO     ___FILE_ONLY___ ═
2023-08-02 10:28:42,513 INFO     ___FILE_ONLY___ ═
2023-08-02 10:28:42,582 INFO     ___FILE_ONLY___ ═
2023-08-02 10:28:42,653 INFO     ___FILE_ONLY___ ═
2023-08-02 10:28:42,730 INFO     ___FILE_ONLY___ ═
2023-08-02 10:28:42,808 INFO     ___FILE_ONLY___ ═
2023-08-02 10:28:42,891 INFO     ___FILE_ONLY___ ═
2023-08-02 10:28:42,995 INFO     ___FILE_ONLY___ ═
2023-08-02 10:28:43,084 INFO     ___FILE_ONLY___ ═
2023-08-02 10:28:43,190 INFO     ___FILE_ONLY___ ═
2023-08-02 10:28:43,319 INFO     ___FILE_ONLY___ ═
2023-08-02 10:28:43,421 INFO     ___FILE_ONLY___ ═
2023-08-02 10:28:43,609 INFO     ___FILE_ONLY___ ═
2023-08-02 10:28:43,713 INFO     ___FILE_ONLY___ ═
2023-08-02 10:28:43,820 INFO     ___FILE_ONLY___ ═
2023-08-02 10:28:43,900 INFO     ___FILE_ONLY___ ═
2023-08-02 10:28:43,992 INFO     ___FILE_ONLY___ ═
2023-08-02 10:28:44,089 INFO     ___FILE_ONLY___ ═
2023-08-02 10:28:44,192 INFO     ___FILE_ONLY___ ═
2023-08-02 10:28:44,269 INFO     ___FILE_ONLY___ ═
2023-08-02 10:28:44,349 INFO     ___FILE_ONLY___ ═
2023-08-02 10:28:44,439 INFO     ___FILE_ONLY___ ═
2023-08-02 10:28:44,515 INFO     ___FILE_ONLY___ ═
2023-08-02 10:28:44,624 INFO     ___FILE_ONLY___ ═
2023-08-02 10:28:44,726 INFO     ___FILE_ONLY___ ═
2023-08-02 10:28:44,825 INFO     ___FILE_ONLY___ ═
2023-08-02 10:28:44,896 INFO     ___FILE_ONLY___ ═
2023-08-02 10:28:44,962 INFO     ___FILE_ONLY___ ═
2023-08-02 10:28:45,046 INFO     ___FILE_ONLY___ ═
2023-08-02 10:28:45,135 INFO     ___FILE_ONLY___ ═
2023-08-02 10:28:45,233 INFO     ___FILE_ONLY___ ═
2023-08-02 10:28:45,233 INFO     ___FILE_ONLY___ ╝
2023-08-02 10:28:45,304 INFO     ___FILE_ONLY___ ╠════════════════════════════════════════════════════════════╣

2023-08-02 10:28:45,305 INFO     ___FILE_ONLY___ ╠═ Installing: Google Cloud CLI Core Libraries (Platform... ═╣

2023-08-02 10:28:45,305 INFO     ___FILE_ONLY___ ╚
2023-08-02 10:28:45,307 DEBUG    urllib3.connectionpool Starting new HTTPS connection (1): dl.google.com:443
2023-08-02 10:28:45,480 DEBUG    urllib3.connectionpool https://dl.google.com:443 "GET /dl/cloudsdk/channels/rapid/components/google-cloud-sdk-core-nix-20220920185015.tar.gz HTTP/1.1" 200 2221
2023-08-02 10:28:45,481 INFO     ___FILE_ONLY___ ══════════════════════════════
2023-08-02 10:28:45,481 INFO     ___FILE_ONLY___ ═══════════════
2023-08-02 10:28:45,482 INFO     ___FILE_ONLY___ ═══════════════
2023-08-02 10:28:45,482 INFO     ___FILE_ONLY___ ╝
2023-08-02 10:28:45,484 INFO     ___FILE_ONLY___ ╠════════════════════════════════════════════════════════════╣

2023-08-02 10:28:45,485 INFO     ___FILE_ONLY___ ╠═ Installing: Google Cloud CRC32C Hash Tool                ═╣

2023-08-02 10:28:45,485 INFO     ___FILE_ONLY___ ╚
2023-08-02 10:28:45,486 DEBUG    urllib3.connectionpool Starting new HTTPS connection (1): dl.google.com:443
2023-08-02 10:28:45,705 DEBUG    urllib3.connectionpool https://dl.google.com:443 "GET /dl/cloudsdk/channels/rapid/components/google-cloud-sdk-gcloud-crc32c-darwin-arm-20230728162818.tar.gz HTTP/1.1" 200 1239910
2023-08-02 10:28:45,909 INFO     ___FILE_ONLY___ ═
2023-08-02 10:28:45,909 INFO     ___FILE_ONLY___ ═
2023-08-02 10:28:45,909 INFO     ___FILE_ONLY___ ═
2023-08-02 10:28:45,909 INFO     ___FILE_ONLY___ ═
2023-08-02 10:28:45,909 INFO     ___FILE_ONLY___ ═
2023-08-02 10:28:45,909 INFO     ___FILE_ONLY___ ═
2023-08-02 10:28:45,909 INFO     ___FILE_ONLY___ ═
2023-08-02 10:28:45,909 INFO     ___FILE_ONLY___ ═
2023-08-02 10:28:45,909 INFO     ___FILE_ONLY___ ═
2023-08-02 10:28:45,910 INFO     ___FILE_ONLY___ ═
2023-08-02 10:28:45,910 INFO     ___FILE_ONLY___ ═
2023-08-02 10:28:45,910 INFO     ___FILE_ONLY___ ═
2023-08-02 10:28:45,910 INFO     ___FILE_ONLY___ ═
2023-08-02 10:28:45,910 INFO     ___FILE_ONLY___ ═
2023-08-02 10:28:45,910 INFO     ___FILE_ONLY___ ═
2023-08-02 10:28:45,910 INFO     ___FILE_ONLY___ ═
2023-08-02 10:28:45,910 INFO     ___FILE_ONLY___ ═
2023-08-02 10:28:45,910 INFO     ___FILE_ONLY___ ═
2023-08-02 10:28:45,910 INFO     ___FILE_ONLY___ ═
2023-08-02 10:28:45,910 INFO     ___FILE_ONLY___ ═
2023-08-02 10:28:45,910 INFO     ___FILE_ONLY___ ═
2023-08-02 10:28:45,910 INFO     ___FILE_ONLY___ ═
2023-08-02 10:28:45,910 INFO     ___FILE_ONLY___ ═
2023-08-02 10:28:45,910 INFO     ___FILE_ONLY___ ═
2023-08-02 10:28:45,910 INFO     ___FILE_ONLY___ ═
2023-08-02 10:28:45,910 INFO     ___FILE_ONLY___ ═
2023-08-02 10:28:45,910 INFO     ___FILE_ONLY___ ═
2023-08-02 10:28:45,910 INFO     ___FILE_ONLY___ ═
2023-08-02 10:28:45,910 INFO     ___FILE_ONLY___ ═
2023-08-02 10:28:45,910 INFO     ___FILE_ONLY___ ═
2023-08-02 10:28:45,928 INFO     ___FILE_ONLY___ ═══════════════
2023-08-02 10:28:45,929 INFO     ___FILE_ONLY___ ═══════════════
2023-08-02 10:28:45,929 INFO     ___FILE_ONLY___ ╝
2023-08-02 10:28:45,932 INFO     ___FILE_ONLY___ ╠════════════════════════════════════════════════════════════╣

2023-08-02 10:28:45,932 INFO     ___FILE_ONLY___ ╠═ Installing: anthoscli                                    ═╣

2023-08-02 10:28:45,932 INFO     ___FILE_ONLY___ ╚
2023-08-02 10:28:45,935 DEBUG    urllib3.connectionpool Starting new HTTPS connection (1): dl.google.com:443
2023-08-02 10:28:46,133 DEBUG    urllib3.connectionpool https://dl.google.com:443 "GET /dl/cloudsdk/channels/rapid/components/google-cloud-sdk-anthoscli-darwin-arm-20230728162818.tar.gz HTTP/1.1" 200 69701106
2023-08-02 10:28:48,047 INFO     ___FILE_ONLY___ ═
2023-08-02 10:28:48,051 INFO     ___FILE_ONLY___ ═
2023-08-02 10:28:48,052 INFO     ___FILE_ONLY___ ═
2023-08-02 10:28:48,053 INFO     ___FILE_ONLY___ ═
2023-08-02 10:28:48,055 INFO     ___FILE_ONLY___ ═
2023-08-02 10:28:48,056 INFO     ___FILE_ONLY___ ═
2023-08-02 10:28:48,057 INFO     ___FILE_ONLY___ ═
2023-08-02 10:28:48,059 INFO     ___FILE_ONLY___ ═
2023-08-02 10:28:48,060 INFO     ___FILE_ONLY___ ═
2023-08-02 10:28:48,061 INFO     ___FILE_ONLY___ ═
2023-08-02 10:28:48,062 INFO     ___FILE_ONLY___ ═
2023-08-02 10:28:48,063 INFO     ___FILE_ONLY___ ═
2023-08-02 10:28:48,064 INFO     ___FILE_ONLY___ ═
2023-08-02 10:28:48,065 INFO     ___FILE_ONLY___ ═
2023-08-02 10:28:48,067 INFO     ___FILE_ONLY___ ═
2023-08-02 10:28:48,069 INFO     ___FILE_ONLY___ ═
2023-08-02 10:28:48,073 INFO     ___FILE_ONLY___ ═
2023-08-02 10:28:48,076 INFO     ___FILE_ONLY___ ═
2023-08-02 10:28:48,079 INFO     ___FILE_ONLY___ ═
2023-08-02 10:28:48,081 INFO     ___FILE_ONLY___ ═
2023-08-02 10:28:48,083 INFO     ___FILE_ONLY___ ═
2023-08-02 10:28:48,084 INFO     ___FILE_ONLY___ ═
2023-08-02 10:28:48,085 INFO     ___FILE_ONLY___ ═
2023-08-02 10:28:48,086 INFO     ___FILE_ONLY___ ═
2023-08-02 10:28:48,087 INFO     ___FILE_ONLY___ ═
2023-08-02 10:28:48,088 INFO     ___FILE_ONLY___ ═
2023-08-02 10:28:48,089 INFO     ___FILE_ONLY___ ═
2023-08-02 10:28:48,091 INFO     ___FILE_ONLY___ ═
2023-08-02 10:28:48,092 INFO     ___FILE_ONLY___ ═
2023-08-02 10:28:48,093 INFO     ___FILE_ONLY___ ═
2023-08-02 10:28:49,141 INFO     ___FILE_ONLY___ ══════════
2023-08-02 10:28:49,144 INFO     ___FILE_ONLY___ ═════════
2023-08-02 10:28:49,160 INFO     ___FILE_ONLY___ ═══════════
2023-08-02 10:28:49,160 INFO     ___FILE_ONLY___ ╝
2023-08-02 10:28:49,166 INFO     ___FILE_ONLY___ ╠════════════════════════════════════════════════════════════╣

2023-08-02 10:28:49,166 INFO     ___FILE_ONLY___ ╠═ Installing: gcloud cli dependencies                      ═╣

2023-08-02 10:28:49,166 INFO     ___FILE_ONLY___ ╚
2023-08-02 10:28:49,168 DEBUG    urllib3.connectionpool Starting new HTTPS connection (1): dl.google.com:443
2023-08-02 10:28:49,372 DEBUG    urllib3.connectionpool https://dl.google.com:443 "GET /dl/cloudsdk/channels/rapid/components/google-cloud-sdk-gcloud-deps-darwin-x86_64-20210416153011.tar.gz HTTP/1.1" 200 105
2023-08-02 10:28:49,372 INFO     ___FILE_ONLY___ ══════════════════════════════
2023-08-02 10:28:49,373 INFO     ___FILE_ONLY___ ══════════════════════════════
2023-08-02 10:28:49,373 INFO     ___FILE_ONLY___ ╝
2023-08-02 10:28:49,376 INFO     ___FILE_ONLY___ ╠════════════════════════════════════════════════════════════╣

2023-08-02 10:28:49,376 INFO     ___FILE_ONLY___ ╠═ Installing: gcloud cli dependencies                      ═╣

2023-08-02 10:28:49,376 INFO     ___FILE_ONLY___ ╚
2023-08-02 10:28:49,378 DEBUG    urllib3.connectionpool Starting new HTTPS connection (1): dl.google.com:443
2023-08-02 10:28:49,545 DEBUG    urllib3.connectionpool https://dl.google.com:443 "GET /dl/cloudsdk/channels/rapid/components/google-cloud-sdk-gcloud-deps-20230707144938.tar.gz HTTP/1.1" 200 11660857
2023-08-02 10:28:50,051 INFO     ___FILE_ONLY___ ═
2023-08-02 10:28:50,052 INFO     ___FILE_ONLY___ ═
2023-08-02 10:28:50,052 INFO     ___FILE_ONLY___ ═
2023-08-02 10:28:50,053 INFO     ___FILE_ONLY___ ═
2023-08-02 10:28:50,054 INFO     ___FILE_ONLY___ ═
2023-08-02 10:28:50,054 INFO     ___FILE_ONLY___ ═
2023-08-02 10:28:50,054 INFO     ___FILE_ONLY___ ═
2023-08-02 10:28:50,054 INFO     ___FILE_ONLY___ ═
2023-08-02 10:28:50,054 INFO     ___FILE_ONLY___ ═
2023-08-02 10:28:50,055 INFO     ___FILE_ONLY___ ═
2023-08-02 10:28:50,055 INFO     ___FILE_ONLY___ ═
2023-08-02 10:28:50,055 INFO     ___FILE_ONLY___ ═
2023-08-02 10:28:50,055 INFO     ___FILE_ONLY___ ═
2023-08-02 10:28:50,056 INFO     ___FILE_ONLY___ ═
2023-08-02 10:28:50,056 INFO     ___FILE_ONLY___ ═
2023-08-02 10:28:50,056 INFO     ___FILE_ONLY___ ═
2023-08-02 10:28:50,056 INFO     ___FILE_ONLY___ ═
2023-08-02 10:28:50,057 INFO     ___FILE_ONLY___ ═
2023-08-02 10:28:50,057 INFO     ___FILE_ONLY___ ═
2023-08-02 10:28:50,057 INFO     ___FILE_ONLY___ ═
2023-08-02 10:28:50,057 INFO     ___FILE_ONLY___ ═
2023-08-02 10:28:50,058 INFO     ___FILE_ONLY___ ═
2023-08-02 10:28:50,058 INFO     ___FILE_ONLY___ ═
2023-08-02 10:28:50,058 INFO     ___FILE_ONLY___ ═
2023-08-02 10:28:50,058 INFO     ___FILE_ONLY___ ═
2023-08-02 10:28:50,058 INFO     ___FILE_ONLY___ ═
2023-08-02 10:28:50,059 INFO     ___FILE_ONLY___ ═
2023-08-02 10:28:50,059 INFO     ___FILE_ONLY___ ═
2023-08-02 10:28:50,059 INFO     ___FILE_ONLY___ ═
2023-08-02 10:28:50,059 INFO     ___FILE_ONLY___ ═
2023-08-02 10:28:50,416 INFO     ___FILE_ONLY___ ═
2023-08-02 10:28:50,458 INFO     ___FILE_ONLY___ ═
2023-08-02 10:28:50,510 INFO     ___FILE_ONLY___ ═
2023-08-02 10:28:50,549 INFO     ___FILE_ONLY___ ═
2023-08-02 10:28:50,592 INFO     ___FILE_ONLY___ ═
2023-08-02 10:28:50,637 INFO     ___FILE_ONLY___ ═
2023-08-02 10:28:50,661 INFO     ___FILE_ONLY___ ═
2023-08-02 10:28:50,694 INFO     ___FILE_ONLY___ ═
2023-08-02 10:28:50,720 INFO     ___FILE_ONLY___ ═
2023-08-02 10:28:50,748 INFO     ___FILE_ONLY___ ═
2023-08-02 10:28:50,780 INFO     ___FILE_ONLY___ ═
2023-08-02 10:28:50,802 INFO     ___FILE_ONLY___ ═
2023-08-02 10:28:50,823 INFO     ___FILE_ONLY___ ═
2023-08-02 10:28:50,853 INFO     ___FILE_ONLY___ ═
2023-08-02 10:28:50,878 INFO     ___FILE_ONLY___ ═
2023-08-02 10:28:50,906 INFO     ___FILE_ONLY___ ═
2023-08-02 10:28:50,931 INFO     ___FILE_ONLY___ ═
2023-08-02 10:28:50,957 INFO     ___FILE_ONLY___ ═
2023-08-02 10:28:50,987 INFO     ___FILE_ONLY___ ═
2023-08-02 10:28:51,014 INFO     ___FILE_ONLY___ ═
2023-08-02 10:28:51,043 INFO     ___FILE_ONLY___ ═
2023-08-02 10:28:51,068 INFO     ___FILE_ONLY___ ═
2023-08-02 10:28:51,093 INFO     ___FILE_ONLY___ ═
2023-08-02 10:28:51,116 INFO     ___FILE_ONLY___ ═
2023-08-02 10:28:51,142 INFO     ___FILE_ONLY___ ═
2023-08-02 10:28:51,168 INFO     ___FILE_ONLY___ ═
2023-08-02 10:28:51,197 INFO     ___FILE_ONLY___ ═
2023-08-02 10:28:51,227 INFO     ___FILE_ONLY___ ═
2023-08-02 10:28:51,257 INFO     ___FILE_ONLY___ ═
2023-08-02 10:28:51,286 INFO     ___FILE_ONLY___ ═
2023-08-02 10:28:51,286 INFO     ___FILE_ONLY___ ╝
2023-08-02 10:28:51,306 INFO     ___FILE_ONLY___ ╠════════════════════════════════════════════════════════════╣

2023-08-02 10:28:51,306 INFO     ___FILE_ONLY___ ╠═ Creating backup and activating new installation          ═╣

2023-08-02 10:28:51,306 INFO     ___FILE_ONLY___ ╚
2023-08-02 10:28:51,306 DEBUG    root            Attempting to move directory [/Users/ovookpubuluku/google-cloud-sdk] to [/Users/ovookpubuluku/google-cloud-sdk.staging/.install/.backup]
2023-08-02 10:28:51,307 INFO     ___FILE_ONLY___ ══════════════════════════════
2023-08-02 10:28:51,307 DEBUG    root            Attempting to move directory [/Users/ovookpubuluku/google-cloud-sdk.staging] to [/Users/ovookpubuluku/google-cloud-sdk]
2023-08-02 10:28:51,307 INFO     ___FILE_ONLY___ ══════════════════════════════
2023-08-02 10:28:51,308 INFO     ___FILE_ONLY___ ╝

2023-08-02 10:28:51,310 DEBUG    root            Updating notification cache...
2023-08-02 10:28:51,311 INFO     ___FILE_ONLY___ 

2023-08-02 10:28:51,311 INFO     ___FILE_ONLY___ Performing post processing steps...
2023-08-02 10:28:51,312 DEBUG    root            Executing command: ['/opt/homebrew/bin/python3', '-S', '/Users/ovookpubuluku/google-cloud-sdk/lib/gcloud.py', 'components', 'post-process']
2023-08-02 10:29:03,116 DEBUG    ___FILE_ONLY___ 
2023-08-02 10:29:03,116 DEBUG    ___FILE_ONLY___ 
2023-08-02 10:29:03,220 INFO     ___FILE_ONLY___ 
Update done!


2023-08-02 10:29:03,220 INFO     ___FILE_ONLY___ To revert your CLI to the previously installed version, you may run:
  $ gcloud components update --version 398.0.0


2023-08-02 10:29:03,227 WARNING  root              There are other instances of Google Cloud tools on your system PATH.
  Please remove the following to avoid confusion or accidental invocation:

  /Users/ovookpubuluku/Library/Application Support/cloud-code/installer/google-cloud-sdk/bin/gcloud-crc32c
/Users/ovookpubuluku/Library/Application Support/cloud-code/installer/google-cloud-sdk/bin/anthoscli
/Users/ovookpubuluku/Library/Application Support/cloud-code/installer/google-cloud-sdk/bin/docker-credential-gcloud
/Users/ovookpubuluku/Library/Application Support/cloud-code/installer/google-cloud-sdk/bin/gsutil
/Users/ovookpubuluku/Library/Application Support/cloud-code/installer/google-cloud-sdk/bin/dev_appserver.py
/Users/ovookpubuluku/Library/Application Support/cloud-code/installer/google-cloud-sdk/bin/bq
/Users/ovookpubuluku/Library/Application Support/cloud-code/installer/google-cloud-sdk/bin/java_dev_appserver.sh
/Users/ovookpubuluku/Library/Application Support/cloud-code/installer/google-cloud-sdk/bin/gcloud
/Users/ovookpubuluku/Library/Application Support/cloud-code/installer/google-cloud-sdk/bin/git-credential-gcloud.sh

  
2023-08-02 10:29:03,229 INFO     root            Display format: "none"
2023-08-02 10:29:03,235 DEBUG    root            Metrics reporting process started...
