2023-08-02 10:28:05,540 DEBUG    root            Loaded Command Group: ['gcloud', 'auth']
2023-08-02 10:28:05,543 DEBUG    root            Loaded Command Group: ['gcloud', 'auth', 'configure_docker']
2023-08-02 10:28:05,544 DEBUG    root            Running [gcloud.auth.configure-docker] with arguments: []
2023-08-02 10:28:05,939 WARNING  root            Your config file at [/Users/ovookpubuluku/.docker/config.json] contains these credential helper entries:

{
  "credHelpers": {
    "asia.gcr.io": "gcloud",
    "eu.gcr.io": "gcloud",
    "gcr.io": "gcloud",
    "marketplace.gcr.io": "gcloud",
    "staging-k8s.gcr.io": "gcloud",
    "us-central1-docker.pkg.dev": "gcloud",
    "us-east1-docker.pkg.dev": "gcloud",
    "us.gcr.io": "gcloud"
  }
}
2023-08-02 10:28:05,940 INFO     ___FILE_ONLY___ Adding credentials for all GCR repositories.

2023-08-02 10:28:05,940 WARNING  root            A long list of credential helpers may cause delays running 'docker build'. We recommend passing the registry name to configure only the registry you are using.
2023-08-02 10:28:05,940 INFO     ___FILE_ONLY___ gcloud credential helpers already registered correctly.

2023-08-02 10:28:05,940 INFO     root            Display format: "default"
2023-08-02 10:28:05,942 DEBUG    root            Checking for updates...
2023-08-02 10:28:05,975 DEBUG    urllib3.connectionpool Starting new HTTPS connection (1): dl.google.com:443
2023-08-02 10:28:06,649 DEBUG    urllib3.connectionpool https://dl.google.com:443 "GET /dl/cloudsdk/channels/rapid/components-2.json HTTP/1.1" 200 208274
2023-08-02 10:28:06,795 DEBUG    root            Updating notification cache...
2023-08-02 10:28:06,795 DEBUG    root            Activating notification: [default]
2023-08-02 10:28:06,795 INFO     ___FILE_ONLY___ 

Updates are available for some Google Cloud CLI components.  To install them,
please run:
  $ gcloud components update


2023-08-02 10:28:06,803 DEBUG    root            Metrics reporting process started...
